20 0 1 
19 1 -1 
19 0 744 
18 0 196764 
17 1 114 
17 0 21408744 
16 1 190 
16 0 842900838 
15 1 -5073 
15 0 18021846408 
14 1 -16416 
14 0 247470430652 
13 1 97983 
13 0 2378790004632 
12 1 519042 
12 0 16832768334177 
11 1 -444030 
11 0 90478701945424 
10 1 -6935646 
10 0 376813671380832 
9 1 -9356265 
9 0 1230336247503168 
8 1 30202704 
8 0 3167090980261888 
7 1 101838024 
7 0 6427791537328128 
6 1 54954270 
6 0 10228514018144256 
5 1 -190349904 
5 0 12607776060866560 
4 1 -358921248 
4 0 11787418347110400 
3 1 -196605312 
3 0 8074192060416000 
2 1 51363840 
2 0 3819278172160000 
1 1 90675200 
1 0 1114216857600000 
0 2 1 
0 1 24576000 
0 0 150994944000000 
