54 0 1 
53 2 -1 
53 1 1487 
53 0 -159132 
52 2 106 
52 1 43026778 
52 0 8444255634 
51 2 -4929 
51 1 38623045524 
51 0 -149593660005064 
50 2 131122 
50 1 6069704869723 
50 0 9164439872924871 
49 2 -2170668 
49 1 327023051317628 
49 0 -40857745062656400 
48 2 22495426 
48 1 8225864278757503 
48 0 -3645289839624438058 
47 2 -133300777 
47 1 116332490602954555 
47 0 -25780166773209302724 
46 2 260369390 
46 1 1035308364813333595 
46 0 539538465244989801579 
45 2 1717205777 
45 1 6142065673049551404 
45 0 15334793997633158570112 
44 2 -9258810620 
44 1 24321707362865763832 
44 0 207315706761997616723376 
43 2 -14694389390 
43 1 56839479662591941220 
43 0 1960695109387110570862104 
42 2 152275436956 
42 1 12187061981798959046 
42 0 14452549162426720519941448 
41 2 165366495362 
41 1 -494252537298544906966 
41 0 87356399318831748742364976 
40 2 -1757172282212 
40 1 -2172238506824241151572 
40 0 445974699345316989791988156 
39 2 -2840797804634 
39 1 -4849047750841934392968 
39 0 1960802983322825527601131600 
38 2 13532107237604 
38 1 -3816070669897318051202 
38 0 7527851230697245982497318965 
37 2 38281119476367 
37 1 13949543234383308488385 
37 0 25500352762062055492173899436 
36 2 -47537166722742 
36 1 63178737915719877326054 
36 0 76846188132929853666070175890 
35 2 -307788178427045 
35 1 129764116018991198660552 
35 0 207395835589997295856773521736 
34 2 -185898539964834 
34 1 125207834999947162784035 
34 0 504077891852081038185683845713 
33 2 1245529773208980 
33 1 -114405506273469871388080 
33 0 1108568920994520816447728187112 
32 2 2747436032601486 
32 1 -701070951387245539276139 
32 0 2214841656459207477411095900298 
31 2 -618856889186735 
31 1 -1445358595916787616578363 
31 0 4033960773579691235695378022676 
30 2 -10658939419813234 
30 1 -1691259411948118581500631 
30 0 6717414254552215924591816933078 
29 2 -14707558777054590 
29 1 -552955143665116509487643 
29 0 10252448734543572720036173670900 
28 2 7410808038019982 
28 1 2363475979500738468378996 
28 0 14371411202817018591217684541394 
27 2 48961306482432005 
27 1 6204034060202682711801194 
27 0 18532722714342356045067523491864 
26 3 53 
26 2 57413583991120923 
26 1 8856623260981710028837683 
26 0 22014483587725217438496634789713 
25 3 3657 
25 2 -15362926799406908 
25 1 8066016090172758381799206 
25 0 24111007634332183604842335297096 
24 3 25440 
24 2 -129817638026780577 
24 1 3067254690143389095737309 
24 0 24362348732745163145087614658138 
23 3 -1961 
23 2 -162022642636343415 
23 1 -4541546811044383458322599 
23 0 22716051596743628621836424073612 
22 3 -282702 
22 2 -33151538430021750 
22 1 -11533941907320775254063845 
22 0 19544437182565940560393264633677 
21 3 -511132 
21 2 174679417867694345 
21 1 -14963238381231735097083958 
21 0 15509882146012476332047199738384 
20 3 -446578 
20 2 277318919187717194 
20 1 -13841813972612586827763318 
20 0 11343686565767850247194952179228 
19 3 4481892 
19 2 176494265066210186 
19 1 -9429296878821499031165782 
19 0 7637747737746123167066155367520 
18 3 13411756 
18 2 -38151769439736042 
18 1 -4132410105191837405607094 
18 0 4726892823243616231252185319768 
17 3 -10365528 
17 2 -185783091947769664 
17 1 -8422215517822654017878 
17 0 2683701477260102245327602010920 
16 3 -59799794 
16 2 -167935138809233136 
16 1 2098716162696877475230514 
16 0 1394392920815493424436258604096 
15 3 -11052938 
15 2 -32196122329887158 
15 1 2478977614934486689060338 
15 0 661065810470225630715409477344 
14 3 144773899 
14 2 107124108161427327 
14 1 1931607953168848014890972 
14 0 284950323191593744509140981523 
13 3 136166063 
13 2 175512276857505043 
13 1 1173029353178233744256421 
13 0 111202650541114008838300337436 
12 3 -211405393 
12 2 171230513773082004 
12 1 581208155047596197105334 
12 0 39091985643058980887908113534 
11 3 -547124989 
11 2 130519437579235101 
11 1 237532514879340008321652 
11 0 12304754559119895071547277296 
10 3 -343410002 
10 2 85687064696019183 
10 1 79336810742369093808183 
10 0 3443088379559541324649320663 
9 3 350245518 
9 2 50714927904013388 
9 1 20939067151261733208834 
9 0 849102895638314103004129800 
8 3 914287895 
8 2 27267564627155598 
8 1 3978591401603039553153 
8 0 182622903637379726707781706 
7 3 909191097 
7 2 13050848760029295 
7 1 357919006675409772453 
7 0 33816470730071912111778804 
6 3 497891010 
6 2 5383672395339610 
6 1 -79411952298042657585 
6 0 5304453813229987134163017 
5 3 105260120 
5 2 1850401600594551 
5 1 -44191939845012065496 
5 0 690225887320317754469712 
4 3 -60211180 
4 2 511903875569841 
4 1 -10846962175372375932 
4 0 72428076478291116901824 
3 3 -62352009 
3 2 109359003145626 
3 1 -1704226828791495600 
3 0 5885628568527632652288 
2 3 -26065188 
2 2 16970001728580 
2 1 -174624805281091968 
2 0 347536765718920065024 
1 3 -5821308 
1 2 1710387194976 
1 1 -10621557709931520 
1 0 13276899595399790592 
0 4 1 
0 3 -578448 
0 2 84644108352 
0 1 -287368968167424 
0 0 246803372284575744 
