32 0 1 
31 1 -1 
31 0 712 
30 1 31 
30 0 174220 
29 1 -372 
29 0 15861832 
28 1 1891 
28 0 307499974 
27 1 -31 
27 0 2581114312 
26 1 -41571 
26 0 10638403548 
25 1 130975 
25 0 17936297688 
24 1 245768 
24 0 -15665543007 
23 1 -1863906 
23 0 -108862188624 
22 1 513701 
22 0 -102329502576 
21 1 12762049 
21 0 200190428064 
20 1 -14248995 
20 0 427199325152 
19 1 -51887118 
19 0 -120472951936 
18 1 86008539 
18 0 -835070387392 
17 1 132017220 
17 0 -140615738112 
16 1 -285180966 
16 0 1132210581504 
15 1 -202591944 
15 0 374317756416 
14 1 591434244 
14 0 -1248654176256 
13 1 145826728 
13 0 -386300608512 
12 1 -790720162 
12 0 1189851082752 
11 1 57343056 
11 0 168460582912 
10 1 668209712 
10 0 -951891329024 
9 1 -217998944 
9 0 118406643712 
8 1 -329047392 
8 0 568596496384 
7 1 188170496 
7 0 -268384600064 
6 1 73848448 
6 0 -180009304064 
5 1 -72423936 
5 0 199033356288 
4 1 952320 
4 0 -28085059584 
3 1 10856448 
3 0 -48368713728 
2 1 -2095104 
2 0 33285996544 
1 1 -286720 
1 0 -9395240960 
0 2 1 
0 1 65536 
0 0 1073741824 
