30 0 1 
29 1 -1 
29 0 714 
28 1 29 
28 0 175653 
27 1 -319 
27 0 16216684 
26 1 1421 
26 0 340795182 
25 1 580 
25 0 3339922344 
24 1 -26680 
24 0 18681529256 
23 1 53679 
23 0 65190964932 
22 1 189399 
22 0 145746939921 
21 1 -622398 
21 0 193096339978 
20 1 -853818 
20 0 79225176183 
19 1 3427365 
19 0 -213842083608 
18 1 3592085 
18 0 -434696047201 
17 1 -10954634 
17 0 -278856446718 
16 1 -14041394 
16 0 154093039581 
15 1 18871083 
15 0 391233115204 
14 1 37142939 
14 0 212930064261 
13 1 -9216142 
13 0 -78041237118 
12 1 -54103270 
12 0 -159006324329 
11 1 -19207947 
11 0 -71430269112 
10 1 38397537 
10 0 10575486927 
9 1 31795426 
9 0 31231369098 
8 1 -9708910 
8 0 17209092681 
7 1 -19103721 
7 0 1339615908 
6 1 -2357613 
6 0 -3310173216 
5 1 5229135 
5 0 -2067026040 
4 1 1754181 
4 0 -591595650 
3 1 -570024 
3 0 73993500 
2 1 -281880 
2 0 118918125 
1 1 12150 
1 0 41006250 
0 2 1 
0 1 6750 
0 0 11390625 
