84 0 1 
83 2 -1 
83 1 1487 
83 0 -159192 
82 2 166 
82 1 42937560 
82 0 8453803980 
81 2 -13197 
81 1 36043881954 
81 0 -150100455558468 
80 2 669561 
80 1 3828888044580 
80 0 18151343570814714 
79 2 -24377515 
79 1 31467584636503 
79 0 -858749945703196560 
78 2 679087989 
78 1 -1747857487097273 
78 0 20648802197416799014 
77 2 -15072995797 
77 1 13779324626243307 
77 0 -294041571100730183136 
76 2 274137197151 
76 1 80345644639198632 
76 0 3043941385604799881967 
75 2 -4170305418136 
75 1 -2503840333065138649 
75 0 -25276917153366208153804 
74 2 53911765692187 
74 1 25273803162785123106 
74 0 177363542069678813329644 
73 2 -599820842775542 
73 1 -152993914709291457664 
73 0 -1083987047930894774756604 
72 2 5803990451717392 
72 1 551057597631046366651 
72 0 5884122435019169643311195 
71 2 -49277855600583255 
71 1 -275119831444952085640 
71 0 -28750705942035691688436312 
70 2 369946456162571612 
70 1 -12260333962895554630717 
70 0 127651629567030086930375826 
69 2 -2472542964389941639 
69 1 107678603627810646428791 
69 0 -518488791491412015223562064 
68 2 14802125684482975223 
68 1 -605656439163376047974455 
68 0 1935851714348298003346138053 
67 2 -79817901702102868332 
67 1 2691869327587939867519867 
67 0 -6666351681999546539295321012 
66 2 389673386000013020085 
66 1 -10132355202491352061527369 
66 0 21221100550030521821021864100 
65 2 -1730584759226627784714 
65 1 33446812761209571986569444 
65 0 -62530761575396367024398301660 
64 2 7022735984477288720960 
64 1 -99000534589517418212937194 
64 0 170650783275565156081165386315 
63 2 -26148681469551787488628 
63 1 267194747403804785973089442 
63 0 -431275692287339292984732793448 
62 2 89685752995770425567140 
62 1 -667063922127871261168829676 
62 0 1008564291372677561075856768786 
61 2 -284399453373925889588202 
61 1 1561391293197924740778803743 
61 0 -2179501593266092189221283912584 
60 2 836711735124736228904394 
60 1 -3471493564205231404818642996 
60 0 4343454572141401315747306203076 
59 2 -2291341041259266285662029 
59 1 7419859513895345091361923836 
59 0 -7960304862338498045462328754332 
58 2 5858886262590186252278150 
58 1 -15392631197926419608918521484 
58 0 13367032457845977388692791894436 
57 2 -14028793049336936792597953 
57 1 31164602167450728569956261204 
57 0 -20467745973358778845308949267208 
56 2 31542854318668268393371491 
56 1 -61612470480757317595264217151 
56 0 28409102934631183327377173139879 
55 2 -66770167651873998698823460 
55 1 118469336259833053203483262551 
55 0 -35514085869115613462704934943552 
54 2 133389669947566515296513911 
54 1 -220034672606831982334765718558 
54 0 39836090769807136873273345509212 
53 2 -252064506448803986927898238 
53 1 391623016842886864952054467712 
53 0 -40530803135868885274575337227552 
52 2 451521322802269722341693498 
52 1 -662717388985377742061523763965 
52 0 39708536016755784307682239992663 
51 2 -768221818431658858791051789 
51 1 1058439571062052325726068753463 
51 0 -43673351744374509502512562931152 
50 2 1243771588290500697046512100 
50 1 -1583865397719445738200010223901 
50 0 62000623792457621862459060423492 
49 2 -1919485656466463203862485559 
49 1 2202539869267242972274387330722 
49 0 -103449804472185907948494226557132 
48 2 2828177304960859442365722547 
48 1 -2815064342967418768448564763015 
48 0 169563309653103570794331492742004 
47 2 -3984169687622447800729459226 
47 1 3248184439117066013586649496809 
47 0 -249270030154654782899855138015808 
46 2 5373497931370653210627937021 
46 1 -3266485513215347423500018866052 
46 0 319139041832883477898634439008706 
45 2 -6946914130298246545357136966 
45 1 2614721411413336263616066175261 
45 0 -352262954782684221406394726791216 
44 2 8618287093724933540517238184 
44 1 -1088197471853355892494712412841 
44 0 333793900471599056431501337297931 
43 2 -10270131270420748762381495990 
43 1 -1385523906719147390715630284935 
43 0 -275290032455078050395947916420276 
42 2 11766415406366955345450310932 
42 1 4681630152441762944632230267367 
42 0 217544153804928888959468935221764 
41 3 83 
41 2 -12970893276184225687753004282 
41 1 -8459268634262256544233650677072 
41 0 -215801102605487594105447800385916 
40 3 17181 
40 2 13767545756527273391738605327 
40 1 12206596777434836253666337710638 
40 0 311426871217918503555928663584261 
39 3 528378 
39 2 -14078880200944434901047227110 
39 1 -15345148686729880162070906507348 
39 0 -504435047043218522797830726010360 
38 3 -1790559 
38 2 13878119124019936234735194042 
38 1 17365482709064973645391016618472 
38 0 744260731711141412363762242477170 
37 3 -51218387 
37 2 -13192681363916682899530486418 
37 1 -17951943440292154129233481099085 
37 0 -947941579796348697199352317394448 
36 3 434554219 
36 2 12098415755624126500041244222 
36 1 17056534126790703724819809915334 
36 0 1039057869484149858378891373171515 
35 3 -883104064 
35 2 -10706178246501138533926639658 
35 1 -14899726033565319964543348863033 
35 0 -987126959091147294443373446915460 
34 3 -5440835837 
34 2 9143941260740708031222392698 
34 1 11901722009228844222097389194446 
34 0 825086359892377969893702874661580 
33 3 47443320161 
33 2 -7538289021874544340797857148 
33 1 -8570345227994786244160647709928 
33 0 -634274358697227542219413342403700 
32 3 -188412992648 
32 2 5998803648694597485851254548 
32 1 5382698903914062907672557357257 
32 0 504874803128802070787746963267791 
31 3 492230574799 
31 2 -4607711305743814729499541935 
31 1 -2694309789716552152482118128362 
31 0 -493437176668186044568453642976328 
30 3 -895902243356 
30 2 3415655899912552772826296116 
30 1 695161847638572130395592367229 
30 0 599530637513972153661564474118038 
29 3 1001414062610 
29 2 -2443051738261237361003545031 
29 1 585939235123290895132758666289 
29 0 -771425911564301840505518784902952 
28 3 96300615540 
28 2 1685476429442701840764591780 
28 1 -1241691038919282668703729229431 
28 0 934359322924671418400329013835978 
27 3 -3770322664825 
27 2 -1121151022159252012429060477 
27 1 1431077514615626895634249839092 
27 0 -1024425329474664339336973667409412 
26 3 11495933601545 
26 2 718674859893728828382272843 
26 1 -1327121402066003040737048640105 
26 0 1011468902521011361506294357815532 
25 3 -24205507899402 
25 2 -443665320260533605883687811 
25 1 1079554179034094451586640608300 
25 0 -903222421093674393657879614037024 
24 3 41603450052691 
24 2 263578130419917386069915065 
24 1 -796281599492784868043471809142 
24 0 733624120915985560966813899006833 
23 3 -61791911293265 
23 2 -150561493626988810881534871 
23 1 541067385039549380416815430029 
23 0 -544642909053729203332625377400304 
22 3 81491570629363 
22 2 82608890335328536259370013 
22 1 -341519300336130262852980634273 
22 0 370943235538086032813818264319760 
21 3 -96885959789880 
21 2 -43484717053764765097699173 
21 1 201134585881037427012931040638 
21 0 -232359543451900664571237777149632 
20 3 104792809571586 
20 2 21930813788360398661283302 
20 1 -110761277496340801371719464934 
20 0 134073206988257157246559867305504 
19 3 -103679378649880 
19 2 -10580465235107287795320892 
19 1 57063991509552186379402281512 
19 0 -71311313379212899893523129429248 
18 3 94102438995667 
18 2 4874278945170936614048371 
18 1 -27487602157447215718704693652 
18 0 34962480327828535262175226251520 
17 3 -78419397237032 
17 2 -2139833487070900899854986 
17 1 12359458370800869923022142032 
17 0 -15790193946083824614484566832128 
16 3 59938448065270 
16 2 893074496396532774536757 
16 1 -5173900597655488568249707952 
16 0 6561049313525866308523341905664 
15 3 -41889038715022 
15 2 -353386197251636011574744 
15 1 2009188216636940648247688704 
15 0 -2503671558303696752035123257344 
14 3 26614678648866 
14 2 132158038165196142203024 
14 1 -720329312733833713561556736 
14 0 875347078750451258278117515264 
13 3 -15226182921415 
13 2 -46539402955399020750960 
13 1 236947416285730756095315968 
13 0 -279590288288234163580822585344 
12 3 7716464110047 
12 2 15365804152967303197574 
12 1 -70935338803803820448399360 
12 0 81299670999003673250195030016 
11 3 -3361152681105 
11 2 -4732355981237911376720 
11 1 19119142013118455209889792 
11 0 -21433162169199707371108958208 
10 3 1176409308707 
10 2 1351243805368525332592 
10 1 -4570343138462226515744768 
10 0 5097930825658670380638142464 
9 3 -263612563506 
9 2 -355068182585449274816 
9 1 947567420268977258520576 
9 0 -1087643977493548805237768192 
8 3 -24025795030 
8 2 85086454190443484064 
8 1 -164174472904992778428416 
8 0 206683171760596025161482240 
7 3 66427129048 
7 2 -18383281687972071936 
7 1 22034129127144456519680 
7 0 -34677041814770835168165888 
6 3 -43578070004 
6 2 3528776277900268032 
6 1 -1805349235995076591616 
6 0 5079211159942256328179712 
5 3 19508169936 
5 2 -590198013605586944 
5 1 -56827548423973896192 
5 0 -639729491314414756823040 
4 3 -6634184688 
4 2 83718973899856384 
4 1 49645790375241973760 
4 0 67824839887110694502400 
3 3 1723701504 
3 2 -9681054345039872 
3 1 -9219725908757708800 
3 0 -5862452046805860352000 
2 3 -327628224 
2 2 856795147366400 
2 1 990867635011584000 
2 0 391941236478443520000 
1 3 40902400 
1 2 -51673721651200 
1 1 -61890543616000000 
1 0 -18339739572633600000 
0 4 1 
0 3 -2528000 
0 2 1596333056000 
0 1 1722761216000000 
0 0 464404086784000000 
