102 0 1 
101 2 -1 
101 1 1488 
101 0 -159870 
100 2 101 
100 1 42837231 
100 0 8525336775 
99 2 -4848 
99 1 36200371318 
99 0 -151959253410268 
98 2 147056 
98 1 4701912759781 
98 0 16664622381029007 
97 2 -3161300 
97 1 153290122161396 
97 0 -586402374877618998 
96 2 51182760 
96 1 704844687748841 
96 0 5930563985572569205 
95 2 -647192244 
95 1 -16845808231712101 
95 0 13161427554562768464 
94 2 6537394276 
94 1 -57043861413773464 
94 0 336614497577182816572 
93 2 -53465281018 
93 1 846006303499054201 
93 0 1523326304755084602912 
92 2 356173038730 
92 1 829434845444353855 
92 0 4478496088332809094204 
91 2 -1929729425334 
91 1 -19888051199870023383 
91 0 16654030766535135595056 
90 2 8401160838482 
90 1 5827467088276802377 
90 0 -15973996239435267135842 
89 2 -28461851469802 
89 1 244555958176125967852 
89 0 -126597368915219073963828 
88 2 68755622166926 
88 1 -211862660668579064286 
88 0 96201407559719156438502 
87 2 -80523275287966 
87 1 -1777620255233837564759 
87 0 -105695758831165490003416 
86 2 -188984991138726 
86 1 1819704510827647215755 
86 0 2344793029459190111005998 
85 2 1327500842822917 
85 1 8334183851487195942019 
85 0 10974739773470123117507388 
84 2 -3703542567102241 
84 1 -5824743120965242285617 
84 0 -58064216521552581343763986 
83 2 5066740354341590 
83 1 -27755097854662278054556 
83 0 -89591090565476977923786096 
82 2 3081924672224590 
82 1 -13335907724841816076202 
82 0 676829997996826682232669156 
81 2 -33447068241245783 
81 1 77828419133427757932731 
81 0 185521117498493764459724480 
80 2 82658937409970699 
80 1 208434055102686840436273 
80 0 -5147485418979816357656585412 
79 2 -92042627676454632 
79 1 -206899302610639484928381 
79 0 2830774374428779541827304448 
78 2 -70037065422393628 
78 1 -977364688991567708027073 
78 0 28055107020629065430282082283 
77 2 516262463394838053 
77 1 331549662466993066335616 
77 0 -35383274613751191987833253066 
76 2 -1066500462330972541 
76 1 2727537066172286311173105 
76 0 -112228883391498058600297655343 
75 2 912447028833497864 
75 1 1060274996529011583390751 
75 0 233671706959128763860655225884 
74 2 1222730815490758704 
74 1 -5068633101484291230637528 
74 0 317288851027470813770863614417 
73 2 -5621941156015441665 
73 1 -10128119049909127638533381 
73 0 -1095538799101658982199632151698 
72 2 9093846676851057713 
72 1 5979724285776796020579650 
72 0 -500724857828850025571086470449 
71 2 -4365069633800747980 
71 1 38159594775719441050935887 
71 0 3954706690118183653603143191568 
70 2 -14731908830468472880 
70 1 1996721663558769429735658 
70 0 -532039184756180373518506288800 
69 2 42283624271379390383 
69 1 -87049830282956374384620416 
69 0 -11353236567632289973701299399392 
68 2 -51101398947280404159 
68 1 -51096792353899567550774588 
68 0 6935278591900788574176602465928 
67 2 1035895648784270298 
67 1 119756184480226285843052440 
67 0 26197074367348104438173464668576 
66 2 118744550800695746194 
66 1 229803829678965207383249198 
66 0 -28209099341787058878867904900332 
65 2 -230257848186265373148 
65 1 -49329978540583466881216736 
65 0 -48228566234357878401835782398328 
64 2 171195229519331997640 
64 1 -643273516644224912532198892 
64 0 79254443007230396057324442366132 
63 2 165494278724223869844 
63 1 -239988453782705965015096894 
63 0 68234878187756872094709326312752 
62 2 -638415563217707512004 
62 1 1182668519995332932389853662 
62 0 -173983537811112002344704015480636 
61 2 811705735200256951146 
61 1 918728678626396469604933558 
61 0 -64851103087294030098287232836184 
60 2 -195920509990687097138 
60 1 -1226037139032715607335553266 
60 0 311998198730478694901564245678292 
59 2 -1206087752951668379716 
59 1 -2279732289548196947237513456 
59 0 11434262370645451749233784585312 
58 2 2366301740356958191308 
58 1 -225354936043889139012233492 
58 0 -466657089773361063148418565439128 
57 2 -1645047929587312486286 
57 1 4462568003353447054142974670 
57 0 105329196782972810950125476245632 
56 2 -1421002650256926579402 
56 1 3688978328637894468391892906 
56 0 588285094137108428581805899684824 
55 2 4736866513694052259000 
55 1 -6520665398740221478181495010 
55 0 -266592617851964514516229976652480 
54 2 -4890622350068740737616 
54 1 -8305428854058438235411637922 
54 0 -627768037527743324292027090905209 
53 2 156640101190813072129 
53 1 5763479693925549560748111856 
53 0 420863988057134668022750124683406 
52 2 7188023036922870781075 
52 1 11972949921598061673042872641 
52 0 566691228580088246404963299477849 
51 2 -10670486178739891894522 
51 1 750957755445870495800056828 
51 0 -508909183365643801920178135517156 
50 2 4138753781736340386758 
50 1 -12481807151693611001389938627 
50 0 -430107635950067774954856902800479 
49 3 101 
49 2 9488607286757420051148 
49 1 -12630581394647631240984118990 
49 0 498324508232515556941995716489286 
48 3 -4747 
48 2 -16980045207501581431843 
48 1 8624665026656542057222996685 
48 0 270785996230561906493769043122051 
47 3 99687 
47 2 8711302317575974204396 
47 1 24126737897624345954017269177 
47 0 -401374854233642529981265909419984 
46 3 -1186144 
46 2 9046874732054396976612 
46 1 -890800282974093712737253620 
46 0 -137936357690847634947789797163492 
45 3 8082626 
45 2 -20612777061621628468654 
45 1 -27345717862680144337580015663 
45 0 263546702760663240680196581883488 
44 3 -22036685 
44 2 14934744830352470548946 
44 1 -8085556687944470244141113297 
44 0 54415706499027195479103525832044 
43 3 -114697519 
43 2 6167041908639493630214 
43 1 18955177746273062213011899569 
43 0 -134597817942495216206658892197456 
42 3 1329104349 
42 2 -24486319882856816848967 
42 1 14166168167181385352656033685 
42 0 -15418684609285797248713196680850 
41 3 -4501887948 
41 2 18803195790774562901686 
41 1 -3768376011794199363774800116 
41 0 44712687072607384746801139015020 
40 3 -3235241191 
40 2 8461090034718460488417 
40 1 -14302677633030729497205496638 
40 0 2783702511176943877923904691142 
39 3 73353842367 
39 2 -22584005354236683002928 
39 1 -8995523217790576087300520875 
39 0 1330039914589724452640205725736 
38 3 -172032052953 
38 2 14112938535683353852558 
38 1 9221193627429205483239578103 
38 0 -164794459396382307712701620754 
37 3 -319165590653 
37 2 4641879758820211358285 
37 1 13256003231640219348673299783 
37 0 -15368202643447437048498003815460 
36 3 2089420683500 
36 2 -25462872834714681982046 
36 1 -2932415590007470638691822285 
36 0 -588756972440154609804764470562 
35 3 -1026071388155 
35 2 -1213107353814724933814 
35 1 -9961619139336065077090686836 
35 0 13355612021648235984936166457232 
34 3 -12030604532158 
34 2 10102188447248441214223 
34 1 -846032666801471831792333730 
34 0 1283433874958228058558619431732 
33 3 18744946733313 
33 2 18073336550311982298727 
33 1 4347205368503457390411070199 
33 0 -7126252780352127646928554385728 
32 3 42666088935413 
32 2 34985434288417505518354 
32 1 1457125019474118744217795237 
32 0 -1552173162393562332239248145940 
31 3 -110086348200368 
31 2 -6291245603318647756136 
31 1 -616998667610314608372544033 
31 0 2267270846694385639242257530176 
30 3 -102339145034124 
30 2 -62303472186737060986505 
30 1 -627987392821603850454011373 
30 0 1199425934460834268415275263725 
29 3 407384848726427 
29 2 -41645487610088748754995 
29 1 -502117194839608249498965024 
29 0 79038589617919262998671974394 
28 3 180913722884555 
28 2 28683081598132940177086 
28 1 -2554468007063671217669281 
28 0 -534570369908020133422949644881 
27 3 -1084307221074746 
27 2 62628853167735919798830 
27 1 358596059281812305620026639 
27 0 -628425536101130065330746128860 
26 3 -285701222593978 
26 2 26081877244852449288631 
26 1 102061755462205348106319638 
26 0 3311282078541161701655060511 
25 3 2173821745435368 
25 2 -32014703039003780612829 
25 1 -106760020340272543828358177 
25 0 386603270266884097987015566018 
24 3 520596245416450 
24 2 -41472867706536178677019 
24 1 -25446700405629829901580168 
24 0 171298061763294374530135377817 
23 3 -3315672907092781 
23 2 -4401428249630121504324 
23 1 17866095440581312553207901 
23 0 -70917297453131913851925201168 
22 3 -1010385756383534 
22 2 21678563786539426779159 
22 1 -14581238921097619308899070 
22 0 -96305720914380644263335850296 
21 3 3803933209740233 
21 2 13696655964904112664531 
21 1 -5774488033549652537784138 
21 0 -43809604311939243707169312672 
20 3 1603465533282736 
20 2 -3076227056312661133424 
20 1 17037235887510045950810446 
20 0 1335130621032820214538993360 
19 3 -3193815517914839 
19 2 -7023210999218256177294 
19 1 10492385759788408138952462 
19 0 22606945111039649377558170624 
18 3 -1839177686931125 
18 2 -2010101549199756085976 
18 1 -4970470557939041803637948 
18 0 17334589607617253162233120384 
17 3 1870648683272709 
17 2 1439425624723209405882 
17 1 -8663507665958693848623416 
17 0 3862680267959824998578436096 
16 3 1471191232213092 
16 2 1146307678168969712352 
16 1 -3893845575631567641592952 
16 0 -2715295470479088050174418432 
15 3 -691526839733905 
15 2 53239249609732590514 
15 1 932174580668763125103520 
15 0 -3401773147322557991711420416 
14 3 -804575459205197 
14 2 -237551523964402763889 
14 1 2455705408507810727753792 
14 0 -2330566404181409077929007104 
13 3 111695166664452 
13 2 -85747066700579782202 
13 1 1536913051186721580024192 
13 0 -955191977059321077403459584 
12 3 291589805307421 
12 2 14187120866596927142 
12 1 241726719995009671772288 
12 0 30080566901499860913836032 
11 3 23836194197245 
11 2 16118094070747208704 
11 1 -331115818534789456077312 
11 0 363927474067187310296039424 
10 3 -65878052505196 
10 2 2499707528734723000 
10 1 -291888367130944135400960 
10 0 324190017823686744015470592 
9 3 -16592124826024 
9 2 -971775550716652672 
9 1 -103649265336339530133504 
9 0 203921732109141339738734592 
8 3 8102009191184 
8 2 -420907777195580912 
8 1 -818259092626093737984 
8 0 106136977594168916306952192 
7 3 3536230737722 
7 2 -51628982685598464 
7 1 17303208479668569341952 
7 0 45963291346777744566386688 
6 3 -331934238004 
6 2 -11375171875195648 
6 1 8813200815688319852544 
6 0 16670100073924330960453632 
5 3 -334315464504 
5 2 -2922148979790336 
5 1 2171755943193146720256 
5 0 5227779204482595519725568 
4 3 -20874900584 
4 2 5851913026943232 
4 1 188940661889386217472 
4 0 1421388967963595061067776 
3 3 11690447808 
3 2 5075463746691072 
3 1 -48587741921538736128 
3 0 312769744928010273816576 
2 3 1534828320 
2 2 1802807561926656 
2 1 -18455577813641723904 
2 0 49527657892146573213696 
1 3 -65971584 
1 2 319298560892928 
1 1 -2561635481968705536 
1 0 4835962476248898207744 
0 4 1 
0 3 -9669888 
0 2 23406023761920 
0 1 -141858604865028096 
0 0 215212989780710129664 
