48 0 1 
47 1 -1 
47 0 696 
46 1 47 
46 0 162996 
45 1 -1034 
45 0 13191208 
44 1 14194 
44 0 81388866 
43 1 -136864 
43 0 20652552 
42 1 990431 
42 0 665885284 
41 1 -5617769 
41 0 2604180888 
40 1 25770006 
40 0 -8547400401 
39 1 -97893151 
39 0 45781641936 
38 1 313468474 
38 0 -76906587672 
37 1 -856757031 
37 0 -8989611792 
36 1 2013138357 
36 0 1174498953116 
35 1 -4071881378 
35 0 -6377048363760 
34 1 7040645261 
34 0 24928157826216 
33 1 -10182603298 
33 0 -79386966441296 
32 1 11611941072 
32 0 220781990489967 
31 1 -8435506655 
31 0 -548693998864296 
30 1 -2065827049 
30 0 1240662966641892 
29 1 20241250112 
29 0 -2576093348764152 
28 1 -41879296232 
28 0 4947522566169666 
27 1 57873890484 
27 0 -8828818785245464 
26 1 -57280402355 
26 0 14688679731301812 
25 1 33364599371 
25 0 -22835198524494024 
24 1 10454018992 
24 0 33223244819270977 
23 1 -59196883097 
23 0 -45278532989847648 
22 1 92028642340 
22 0 57829488935011968 
21 1 -93046207239 
21 0 -69218710269643424 
20 1 60791892299 
20 0 77619428640291072 
19 1 -9942017442 
19 0 -81489106118337408 
18 1 -36612252089 
18 0 80016735337075008 
17 1 60426283952 
17 0 -73390580942103552 
16 1 -56657584158 
16 0 62769783247211520 
15 1 34288012648 
15 0 -49958767046766592 
14 1 -8421580132 
14 0 36908277988294656 
13 1 -9100068184 
13 0 -25231808379076608 
12 1 14673798654 
12 0 15902151817441280 
11 1 -11705275552 
11 0 -9197157268586496 
10 1 5945275904 
10 0 4853861392711680 
9 1 -1469334304 
9 0 -2321153314652160 
8 1 -552981696 
8 0 996905126461440 
7 1 845669120 
7 0 -380191523733504 
6 1 -508021120 
6 0 126848627113984 
5 1 187217920 
5 0 -36291068559360 
4 1 -38598656 
4 0 8657458692096 
3 1 96256 
3 0 -1652757102592 
2 1 2502656 
2 0 236558745600 
1 1 -688128 
1 0 -22548578304 
0 2 1 
0 1 65536 
0 0 1073741824 
