114 0 1 
113 4 -1 
113 3 2975 
113 2 -2531450 
113 1 560377625 
113 0 -8470875690 
112 4 565 
112 3 83661209744 
112 2 1432150229110129 
112 1 1189035529728828951 
112 0 23918588570733280335 
111 4 -148595 
111 3 1944261787267144 
111 2 -940324840511075396712 
111 1 12485942243368156629224694 
111 0 -22512424965649737275940716436 
110 4 24153411 
110 3 4947498063526070342 
110 2 11804391386542221936712988 
110 1 229098122622152303928375385080 
110 0 81739825962554910020353238274087 
109 4 -2716901036 
109 3 3438167681578851155654 
109 2 -15846151976650675179594982413 
109 1 218553394010580030040523772930615 
109 0 -95988798576378635759052165272678706 
108 4 224387284340 
108 3 916425671146036051485218 
108 2 3693063407130477599715837413007 
108 1 1346124384992891680862767462057249 
108 0 32834984796059804987042763754342283781 
107 4 -14087152073574 
107 3 110534871196964975883585385 
107 2 -167219526652102295886939518687359 
107 1 639982425205355584680948768264535431 
107 0 4079151291858980917946318937923907487968 
106 4 686587981309122 
106 3 6576307359676110357818506845 
106 2 647289296082886375574969654943211 
106 1 16877866228958688370679439346909628223 
106 0 211533736948906010856838711597902833525460 
105 4 -26297721399458448 
105 3 199585781473894748314678864187 
105 2 20192518089411209278930617316457392 
105 1 -786752196804449370426152945969242592553 
105 0 6444147000697260056176706614881044911025440 
104 4 795965227053208236 
104 3 2971806666578656274224748733034 
104 2 155174043013419821940549020603304056 
104 1 -34267409191885220231804179146547481024004 
104 0 127832670212709833118733547757736049607058140 
103 4 -19030552939221558334 
103 3 15164275278125669453036515787604 
103 2 6534428704961748663232262864801703536 
103 1 -507333498179346527368976539888078916653599 
103 0 1697649579950148530859745844465439822479251200 
102 4 356961306526483368214 
102 3 -123366178310573367204435836943062 
102 2 208784940691633613522316203705575138024 
102 1 -3048082874218887870672231023570804332594503 
102 0 14653854173713381393208021140751815571443405222 
101 4 -5171902845639936275761 
101 3 -1961829987223227753919855136715691 
101 2 4330215122350039811030510796921352053427 
101 1 11378453576764203124156997540596427538297422 
101 0 69840114168103159996826981487245890035302738916 
100 4 56142749408554308105465 
100 3 -5989490430727612192352841642613745 
100 2 66933725643967117397821583760325940988401 
100 1 392522675415233875387960251121903900548329225 
100 0 -27747921910101076657234796515963850933047602 
99 4 -428171549686702462405775 
99 3 46879004857854674611291877316622779 
99 2 808965440378808909879623548993944803983793 
99 1 3935554581731425578902409689426735344581118403 
99 0 -2416422726071579037680658233353464018250177330632 
98 4 1913562839529449577820643 
98 3 424606500976757961080417548061449285 
98 2 7819723399894026889078792104276089122801826 
98 1 24040688622344964205657366148440543182416828899 
98 0 -15470491989737957343552701649044526663954707391810 
97 4 -543667722660460619707413 
97 3 606846926931602599520378875498726708 
97 2 61480502747565526321177331808534549391812133 
97 1 94950412997428407878140210462830255995102013885 
97 0 -28247635499422510884596517411141209598689278624764 
96 4 -49686054220011569042327535 
96 3 -7382571636862660261689336878840392958 
96 2 398492310638581360203032813247158317017306613 
96 1 193288325284736320819811527283556650725653264402 
96 0 181587446099021779334303580108715681587948818837750 
95 4 236620647511378560916537421 
95 3 -41456588922126566638062122961873808949 
95 2 2150155831166415076810480662216239607162989089 
95 1 -316034588107508453757391426326312579219443307684 
95 0 1361758415845899106736964678455215855243757496192384 
94 4 246172637382408745991965651 
94 3 -26387151339303974224670022795345307861 
94 2 9709590878528876594660839953915396587888042596 
94 1 -4396468026825723860485158309729862178033641139434 
94 0 2990352249313507986177681278225390013370409775068460 
93 4 -4980933667156110445149189786 
93 3 551344784287645197142924013384073471219 
93 2 36682064587020891185487151621387054061558491640 
93 1 -19705370182270816164725531977987519743533380662759 
93 0 -7016888409050332371989261053617859675865758416154640 
92 4 3914861141283251592206507810 
92 3 2299295728963009470537475125140316014215 
92 2 114896308403688543473933003028808800304939120822 
92 1 -57369049297958349464681392047041152427012859791843 
92 0 -64068608907276846928946220081571786358426786978123940 
91 4 71185256927161733937663258236 
91 3 902122575745591048334518163311020650852 
91 2 290867590160837809505054067114808204010519725908 
91 1 -125681925423181298302530938984615462164191368973327 
91 0 -155262426122180480356628901798027123152686586641824816 
90 4 -79835218158129429364839080920 
90 3 -22954417130471823436584097989880234587272 
90 2 556218133943618841911920273718621104115993415058 
90 1 -229325048761350541197440281234698859389720552928597 
90 0 96864036665671643139418163669297461392001051490714211 
89 4 -927015220220943259402421966750 
89 3 -82105435730446368747966202957331932515326 
89 2 624383940595528234935666322735548911753471918367 
89 1 -249867260626297597698385491330326112800591515621931 
89 0 1719092165239765002135043079121660700730251327684145874 
88 4 562342130145976718704812963066 
88 3 -39379616931116006814760575885998839886749 
88 2 -429678977530402664313903847139366691275105154608 
88 1 1132081484831922801730461597437528062668263649483940 
88 0 4808868735272976662563427747979159108452139520968570417 
87 4 11037073433909213755363699853836 
87 3 578098379507308595825836943283075864483823 
87 2 -4182262999198861416356834864181299019521286725785 
87 1 10039822681946357037223346191065877884341780730933321 
87 0 2589601267649090408704374931697970388835564148025844212 
86 4 3803367401277623141555619120908 
86 3 1971673258770187905520386064377193431775917 
86 2 -11290811999778276031701370077939412124951489995370 
86 1 40707973238997665569136421590782932370780250702699051 
86 0 -23954745590302828702036167842247790508673886063861412199 
85 4 -107628105809161524902974722047547 
85 3 1397877617911925967987164617602923596798291 
85 2 -17246908269955399202064906484355010564958431862036 
85 1 99364509726921511198727015331247750220652574726238828 
85 0 -87196587023174360650916340900458298806288411924175392214 
84 5 20905 
84 4 -160317412359215008760368086069500 
84 3 -9066085561762042055049957212472666541189531 
84 2 -7706951705064608298270939103047311701327092432752 
84 1 120831804480078629840157532202208903728019647519320245 
84 0 -123521482540751118208438116940503857349371493578983836457 
83 5 67356249 
83 4 746114415343553541089133803315465 
83 3 -31945028416542451292526559529085783577089822 
83 2 37214656089061907246332349884525610645549143106914 
83 1 -98131027803492714615854594928225945233819929830856313 
83 0 79483704715526923496129914227090943926267068811010551600 
82 5 39479106512 
82 4 2303506347019095288997001180929132 
82 3 -30202183299703600842441532213823618588964989 
82 2 116664614341092884994077210967150598678844670089569 
82 1 -751814114942719834103316270987833284570981329142723639 
82 0 770503432297830072863751893704744565824252955022563586480 
81 5 7042374081777 
81 4 -2522046534037983813478363351301495 
81 3 89231494504813066222279104306154566140642469 
81 2 165248938719822605468146829232624582179383853692386 
81 1 -1473840537656144250578772273190068928967841403460840096 
81 0 1756888341701941446825533239301290556214912446530247522640 
80 5 439689753145663 
80 4 -20068438658195887615910454174858495 
80 3 349202862317859673247925777698705931297359984 
80 2 45171624195251089427121205205753599294416108901936 
80 1 -905540781778539748932875230843465151881286962366941401 
80 0 1853729517418724848424530341885491730765688300861289916552 
79 5 8251753623706618 
79 4 -12339957666735723119501715327852429 
79 3 394045533087440648642393201807467435693977348 
79 2 -335534725263476186689328851263060833972399870032602 
79 1 2194488878194490844952957142832354237203249557161131890 
79 0 -717454098724589438035601085266791075852158219553583588928 
78 5 -32182637764880757 
78 4 107200116856916926074908038863730863 
78 3 -557028158781827953300057500270401035176570429 
78 2 -781253035232894460866622515655826768878900988246905 
78 1 6071584826239541096357019777546666441058556837202010168 
78 0 -6140622939719150032779156087867428378496292233251650376796 
77 5 -1223060761183576987 
77 4 230192587081387988401553559581301932 
77 3 -2622576895233400217566109113380173704512002723 
77 2 -711898921337938683190908939972704180798266967053736 
77 1 5162048188434500043633779741386240307736428855455955454 
77 0 -10380113011380366444498411316043842721006608256179977333864 
76 5 2767724216214026787 
76 4 -245925209306243223120312337806677631 
76 3 -3270443320734378866270722851482207064068275252 
76 2 386408782773182021677598291662412408128704626381914 
76 1 -3779720241384604316504799467448130385649253457441870050 
76 0 -6188076673950021406143586332258850150961485018730642273532 
75 5 54376203962494262905 
75 4 -1533638939564011226707230403053795569 
75 3 2256454975586116665096710549321435146939464722 
75 2 2072463778740025422118051469232732422953622597647460 
75 1 -13126842126530747680856269225506736262274090398874185988 
75 0 9511723193426235155357853750519578754282696671189548350352 
74 5 -93003031594418467300 
74 4 -1045359372794011178157037197964450416 
74 3 14020897503641859209720462317200099899404553560 
74 2 2674565019231539567743519122186716570276832249829477 
74 1 -8847589841948150832588771798722017981353111118582712728 
74 0 26917518620040116124593812170096889002826146874920716034084 
73 5 -1124844337038412092001 
73 4 5353114185321961024814079494840637579 
73 3 18298472298727193948353720005532207333504943469 
73 2 627646399066036861625883646006863446496576698956252 
73 1 8485756387208003826910040435111668917782361869695897488 
73 0 25744186067887110150639779520790415313051352804153976025240 
72 5 276427067406652287844 
72 4 11858371395903474579894259182077143552 
72 3 -6167568058560797033776045894039996659525675465 
72 2 -3420808709274125015712456431184252195786374881761009 
72 1 14810058596341403638272598652421810914417672880566283664 
72 0 -5155773930641021151282555144535740451760285305118457571164 
71 5 15596164532085654106208 
71 4 -4675698197496695765560857372881015200 
71 3 -55453084499391521939632609642040346070831059732 
71 2 -6172979721886467722189203117959320613355148676502146 
71 1 -6406251789937662515666182213975050910186229330177159382 
71 0 -46506217078532994814361929731090771922118626013775320073408 
70 5 23288134697375041832716 
70 4 -49673612437854893821668637821696288930 
70 3 -72327989417286748700850542225966038507372004736 
70 2 -4058254677550438687839087822563992088850369619823636 
70 1 -26912583710500817034272447644755314237093732801494133630 
70 0 -55288245363097770012999874706873036365751520939091430419464 
69 5 -128272224481319279397014 
69 4 -48725921898555765558680852184537863687 
69 3 12679240104868969982964822287700220983791185533 
69 2 3254840922884568483237020402964546331015323664939642 
69 1 -821939965106962619141299841563862964439079010179076126 
69 0 -7345944855644226895303372109575395259101612555707199361312 
68 5 -462912282380846387989185 
68 4 97949336556195066462909353344279106983 
68 3 167372183477214295221276661304662396592697876415 
68 2 10896787334911053439195607479174411023774103384796505 
68 1 56822285227808615783512208315133496757208478615506277312 
68 0 63401055101871188163967811008195400056213238143264110220824 
67 5 268996596066619583183601 
67 4 267505767082642124017391279169962216032 
67 3 208554502772399179124940584170126956183599831946 
67 2 10736768879045152632795642232544473299399156039124536 
67 1 61613557471547329657879280827621550904111072160253406264 
67 0 84150055777263885799294884476769548155348017014515775665248 
66 5 4164926449748206615871583 
66 4 42107613395034225115331197499183674962 
66 3 -26146370228307486338482904409956385103231501417 
66 2 -1292403146978799173405818025622560989288375185669631 
66 1 -27062424042552679333918183859492633994592814702025912976 
66 0 19527051029399573627808790330401435204911680397678016961911 
65 5 6009078126945003270231898 
65 4 -661435967465946630230541928533682459495 
65 3 -393109924214535778442395777988691271259093208811 
65 2 -16876514625801895489171275455741383691708327653729522 
65 1 -119296906333473924700324891021414059093658358242344162599 
65 0 -75188392689014982162129470511794506714084200902703467015718 
64 5 -17072452852686452884781039 
64 4 -842739649245823132202055361724460404633 
64 3 -446937636043115101183386694751541997069316427059 
64 2 -18577909854837240168847363320224473083547415122438260 
64 1 -90301176842209559169362888308529464373641934143519569689 
64 0 -100135117531752839374598977690310764198627488366988806504159 
63 5 -70121118563564857182969773 
63 4 641193696806638920458635641323651959365 
63 3 66427049475415527776403039592592501386046527373 
63 2 650917251937296660804303507628446031289741761934966 
63 1 46725604643086067971130757798890821985252355486758134576 
63 0 -21685275415763654465141685453984478223138178657943051118316 
62 5 -13211417467972039493411346 
62 4 2520707980704591442276263516159124416858 
62 3 723726096247076873198409993763037480261520588974 
62 2 22912373760234946290560880686181700338894591961537083 
62 1 140356173853487471332880949542326770493252327905315395038 
62 0 79934763159168140049126930044163367420677054763461079853385 
61 5 352107456891714817058899292 
61 4 1198964386448917301711762857839016300821 
61 3 717062498464227376403755008050616270090933588333 
61 2 21856369396658704449207289137836141933661093465320017 
61 1 89605344052879568494840176207934126132025536505486424833 
61 0 95449960632657562528259336492346549634213248069398403625218 
60 5 445913623136231711718753025 
60 4 -3745141717488944466665182480214478864366 
60 3 -161337321317302631889562860733486445559378219527 
60 2 -3589306710570663850641593709792214438921062551820175 
60 1 -36900379777670135660000723574656208161358800418651388559 
60 0 11827762293262600182904556669204192274692248699099082249763 
59 5 -876620838455978068939043032 
59 4 -5676931796764836419039377157886825210726 
59 3 -1041232999966195891370363234117752599264947453507 
59 2 -24461757020335930743973347164055563961066094413280949 
59 1 -102659849567611482486195973041234515803213199429834719817 
59 0 -74072228409052000928545497498245278781892946528174650380544 
58 5 -1541281708558933669726677268 
58 4 1353909306199745489836562780837875932630 
58 3 -859932266020142845742535388712357308477577681762 
58 2 -17432932275900922797220355240763557325842789985279564 
58 1 -65349760519013318382206735388971613495396663086119518229 
58 0 -71661538882516807375671027037068615760318925503045914778668 
57 5 971354835043747513550587175 
57 4 10343371880112974070122832424635282984914 
57 3 296542788151492174738267266542201191713104675066 
57 2 6470969813809852144664633683709374450580833538776988 
57 1 7989137862427824526888442662405509581189990027799438231 
57 0 2041385095049885548335026971980013420749832712627791732544 
56 6 3390 
56 5 -2156314146066294917196577891 
56 4 6518559233896552307870415036712868546261 
56 3 1159787554587851920941787585528033223516586428878 
56 2 18805809243240214800669728611374570227820992779965563 
56 1 45721304644078275506948307203188439191556726942819819012 
56 0 56485469344567394404454958606135791394885603048340952652300 
55 6 -18851338 
55 5 -967328010343822175021285730 
55 4 -9580091597531621916797145926990496258850 
55 3 764895728769647164619347150653967640194729551192 
55 2 9777617612112756665012362966865232819164736537228918 
55 1 37585260041837144517706377502147521855430649968444611299 
55 0 40813319779057544608663179587015070997045350946446149577024 
54 6 4740120384 
54 5 51475004100265775156871198228 
54 4 -16098107724145231266476220679009732155860 
54 3 -388097301326647126899150012317752796351996867776 
54 2 -5287100740948683714253660699227481436799560579088862 
54 1 11381334544370768706774859079523965997121452026560435939 
54 0 -9530116027938926472905629666632986921853455226239523117546 
53 6 -114250953957 
53 5 30829605490953205600319065131 
53 4 239219933391631285872550442851205422628 
53 3 -989080081261220234271843210734130994665145993111 
53 2 -10075834124859127413866569593439043930382587922745865 
53 1 -9396542967912173260897551291704062859476902694824360432 
53 0 -33546470159508642070071485363710206574881713122424025776700 
52 6 1865624795898 
52 5 -310726985213304035700831514169 
52 4 19308674327178162293975030109826287606810 
52 3 -498680403528979876967273671071215190865769654366 
52 2 -4546666455213765950981456857304224362027192285320689 
52 1 -16776440874996617905524233584832297551647826975993735991 
52 0 -17033328791911108732411542854549383005388702656289208126706 
51 6 1947777210997 
51 5 -307438145170606161429454591464 
51 4 12945100824996078708614917325099663343068 
51 3 360483051065883567176422683229093432346693469263 
51 2 1883816101429647599658335996972950438953303555446049 
51 1 -12180127603792437724084315496034706754444486618835073517 
51 0 8450997733734327056566437409811837318248827254669572662712 
50 6 129938019674347 
50 5 1139355393418822415772922874738 
50 4 -11784158500298582425241141745013320437757 
50 3 639513466461710840137358038821664558976623418464 
50 2 3754881911801118668651700688262864281087817455055146 
50 1 -2324218692269856079084328079776906517063734860939577337 
50 0 15084253169470227200008880462581182813590826461137315008510 
49 6 818157232229993 
49 5 1577655840080625192967982624219 
49 4 -20401921797133318322022141191298122047773 
49 3 234863215004318846823372065746311878755193066622 
49 2 2260847411509193913285415736913491907839962274797541 
49 1 4826531150008664527032023044979318758506936910326838383 
49 0 5220450268985709239202407148288831574355691029763161142948 
48 6 4305760125590440 
48 5 -2896965882170473350274353453092 
48 4 -1720723074422226113253989732743354946734 
48 3 -238989831925522054314552710804560654106507745432 
48 2 250936861388268419064592223052926474312053384877482 
48 1 5765948446736246299846146048975828148295939619313793120 
48 0 -4285347884971963146119195186794327072586771614921175813754 
47 6 11223817583566122 
47 5 -5357835560650767954740819791276 
47 4 16878055115482157538924327213506486779369 
47 3 -311355669727938584277611826204350315706306532383 
47 2 -937931327613845468458141377727263943427777766699259 
47 1 2761704545200500964507956850656341881604389712995160914 
47 0 -5189690337056287348368902375419874535174162680363449406784 
46 6 31174114169878235 
46 5 5407456217000058130444253308123 
46 4 11500452206295696312647945461617396167336 
46 3 -78888308453816594783920104450705529191858171686 
46 2 -1141125463606620309372991490413062631774751291067781 
46 1 -255785471230266957247085851602543612138632806069295240 
46 0 -1293160636228707648714445319267160359364616230121743878436 
45 6 94356750532091946 
45 5 13678578654461620617081632705213 
45 4 -6310248875143566076601806331854171985964 
45 3 113499004376948212708204817711093520326310225757 
45 2 -616159697789321922828413125295380779389787100862214 
45 1 -1445270232437657096326155269156296611722844594052247755 
45 0 1438432495624638314346000184051003216210261119410870903088 
44 6 15473713600947189 
44 5 -7121595240250782526159251813848 
44 4 -12003099154566729480653534740407605320930 
44 3 113881285450673017195951639476482217340541260607 
44 2 93245216690947451873601754988043192176531693798877 
44 1 -1182907020370478820903731052253018394459970335882433341 
44 0 1426426149124812975666575456594034238160507788279860028812 
43 6 -728429245689930341 
43 5 -27860850639490158718046336293777 
43 4 -2643247047035079818255501929715203616583 
43 3 19044348163440294239621901140374056641651918988 
43 2 448797330636923006062112788252540931363723615148922 
43 1 -460502581167782955216523797900517947567786869363614513 
43 0 322219154129131954062546483134406649868514966245469924432 
42 6 -297515105583071176 
42 5 4297060812923621792257591522933 
42 4 6065101732635797659543085387060845221775 
42 3 -38632642714161521822962364923449323313884046559 
42 2 338697974520748338539348250052956105907295984064251 
42 1 89893391892370165922621701246788040092510028661879037 
42 0 -335364731654266808544664774799925665264235212753969239291 
41 6 3975647933369698916 
41 5 45536748414562879969003352253887 
41 4 5047947055283728710161837516573862705669 
41 3 -31417852843057295573733809589809124166050922635 
41 2 51831585810842749453155600391255922860382186730549 
41 1 287599899618283694927249074160326699408753505421954801 
41 0 -327061020143100905988035528676376474348236268800616188354 
40 6 -2979647177197986710 
40 5 7329033971908019541088518148058 
40 4 -393727955119860996781046140420140461631 
40 3 -3604427419957215122040851622085988186281165390 
40 2 -116424857808909624683361163736159298308146039021825 
40 1 221014013393992885568212711981619181809646195579667382 
40 0 -90963603329358070529902554301157977442585681133284537217 
39 6 -27093089098165638557 
39 5 -58197613305649408805227592110584 
39 4 -2815405209273179646244107510335486746978 
39 3 9401557369934337211471281360091411576498929663 
39 2 -109647192187359361667531670349016600454647888794335 
39 1 70415157226641060916355550358773662354505503280532385 
39 0 50878481183422031146095045367270082246302863492281843980 
38 6 22801129313629282642 
38 5 -26566898065802596770807144915077 
38 4 -1513297379079800565872139361336872057036 
38 3 6598784145593422346061949420014548469371368987 
38 2 -33730532850167683195894053565269743842997750910455 
38 1 -30584719500240556852575180466890889603689887166527673 
38 0 62030939046764491637209300788695134345953754028111493399 
37 6 136464288337722000405 
37 5 55822531257438794188601624584434 
37 4 335664683351399440773010570211739554572 
37 3 667852038537115710495636944101061854483168460 
37 2 16270463544206481373921163296193580558643785353032 
37 1 -51238576319796481043738848567408271918015536219496300 
37 0 24699528773848190488130319956798052413841785831884528326 
36 6 -86518660677292894701 
36 5 43392756156251054740381000318816 
36 4 881014666833773380363843119487193087986 
36 3 -1621065171410885821473714333323470905932595605 
36 2 22649742474447599479525944358971570676394691518231 
36 1 -28443461212288240462387529020552325106122340583473231 
36 0 -2245440258862233061324359767125329285676863637172903967 
35 6 -487799729455362745569 
35 5 -37535174900135002437696821862067 
35 4 451934116110083333735830105647001492529 
35 3 -1062298110406733352076345894802083313629754670 
35 2 10121286480773065048948291486018939857119814908672 
35 1 -3975329553194729235146112800039675453972138336663405 
35 0 -8618939090148300198502576298950112922424929143845366416 
34 6 250586820927239404998 
34 5 -46788096283196252910971372332734 
34 4 -60755076004565209485551471667956201684 
34 3 -134404950012297590648415657488127839156188637 
34 2 34406494198500267191463717113355165765019104568 
34 1 6043163855663596789368907511250895475949570269821245 
34 0 -5182537601219119052664555295922501270420854885108551768 
33 6 1345713236500656914231 
33 5 14249127988250131260620914930344 
33 4 -235744509673282264436407790967480542288 
33 3 192849276577408210646403157233336247565465254 
33 2 -2737996779394319016256019460755279206491962676250 
33 1 5392949499885303265662635395872802547755299062098802 
33 0 -1211492928113731371754352262991135437559148630669886896 
32 6 -540755409334726363689 
32 5 35767800114948163950789175868908 
32 4 -139938148056097350911432810712703864269 
32 3 129873195696220972517199211050679396548003094 
32 2 -1744906398681336337358605701754516082002360343949 
32 1 2011683622862176540119923801827194638084255810966329 
32 0 512486043565224892987977817294552476284296038240507792 
31 6 -2919996729885444201607 
31 5 1663900008681098431398507287473 
31 4 523754387829090717614817202725621698 
31 3 23512524707411261028183875343262717020544119 
31 2 -439014563192341252302515471523547351789159051560 
31 1 -60698549303574940283935543004193631170392606620462 
31 0 659572507877005781144517004622331601325156553313137024 
30 6 769446150375167417489 
30 5 -19228555439466951393264852090661 
30 4 54511457850447921963345829242806193718 
30 3 -14788824866941493441933438436158375377548179 
30 2 115424590027409808295636047203937278169822708800 
30 1 -535799269788426531014392267676428061180612660495724 
30 0 337874938634295962257683154862447626826923931257311680 
29 6 4801863203884254104529 
29 5 -6330005956508452017764367856368 
29 4 34218817941504054283482998392164138261 
29 3 -11683188916292389737691913269734949308104930 
29 2 158894277609009583695192168406299575342766908044 
29 1 -332434393660874633234041739104856248394242246062996 
29 0 84428639649705052422821377530173083042674273324983808 
28 7 113 
28 6 -755427725657227065531 
28 5 6742047268620998724320856137933 
28 4 2544340449435693230181777919309726164 
28 3 -2932341847304620519783422432347529141063233 
28 2 71475382867122147279078986825017751400983514842 
28 1 -93398123082874622781062482773733815831363771286408 
28 0 -16118733431624118809861535972149755695432252276921600 
27 7 80682 
27 6 -5863945711237841295734 
27 5 4377624084544943744815406046899 
27 4 -9009563939034956897196071361140089840 
27 3 598955670173348685257431579230983434480474 
27 2 13206493172865090846770746529161805471006663754 
27 1 11196092812108008979108319834571584728164707166750 
27 0 -29872057601811748493645496568527790351341047679664128 
26 7 -220463 
26 6 858854587425916844496 
26 5 -1231328437195712125667855399911 
26 4 -5823864442995021455864464076205267297 
26 3 749118789844095035000375458048989517105670 
26 2 -4178857381866151120760125890626657491122740845 
26 1 25839949537277399451042887409691119959481609732902 
26 0 -18100958739034517444537142067936353600816036897567744 
25 7 6180309 
25 6 5612332476372615426889 
25 5 -1746555021216578275543547458842 
25 4 -903244977665956270703299145815220402 
25 3 252983331991281140686211601339969747812535 
25 2 -4272055481193952101291743217469002792580682316 
25 1 13969845749842758024607537278652246001891576656012 
25 0 -7044042464027199312219020999602275380802476111044608 
24 7 -42109789 
24 6 -1247292894535338109751 
24 5 -95792691252669584704964699606 
24 4 876594241437810983576743294418229033 
24 3 5928304201383411691083500470260549102220 
24 2 -1711116837214177471728256195206989715751451657 
24 1 3946311035461969885455971819973844298097665641222 
24 0 -1587752021253285090908259730013534906728766788493312 
23 7 369095064 
23 6 -4683758685581446945850 
23 5 458486427163030309091108363363 
23 4 655515188756673545200908590431007426 
23 3 -33217464240474248673549018105256998840760 
23 2 -353369385342643196238279714687071031433155484 
23 1 8279131817027249681505844761576350615825009232 
23 0 163993749978768380897202571609477907697038891581440 
22 7 1096185089 
22 6 1160589151089755489548 
22 5 163105147870474597163953893492 
22 4 169201155106411992577000891769018845 
22 3 -16401179137915460812886241581307264788886 
22 2 16331673293441999785745302816245501359412811 
22 1 -647859106130273792102203171144301700469972958720 
22 0 405809719298746126102955969216068011873024766427136 
21 7 -14915887 
21 6 3392482649895379302113 
21 5 -53152800904230064720543197772 
21 4 -29140408919425585175431291907661303 
21 3 -3458823671403062812318946182511933460798 
21 2 43374581942223791452264781784646217875514176 
21 1 -399600922824613880217750092547529725118501017968 
21 0 268243060917580028700682176831288930269620677443584 
20 7 4609648211 
20 6 -434397367522721167202 
20 5 -52053551884343575493741109890 
20 4 -40746398096710214591122836724310225 
20 3 372047549560781756509273718578567251676 
20 2 18249308364551120252629539835541024970924176 
20 1 -149085990455539801055062370756756372139508549568 
20 0 128799676306898744208725566993600601519293194240000 
19 7 -10434982288 
19 6 -1806520259958995919121 
19 5 -9180023885387564815762707177 
19 4 -15050894178177977020451116154939125 
19 3 587287355746124288505026117492483773496 
19 2 4499878420813990955587867990016774723624812 
19 1 -35652595356048970293729041844063368983493816448 
19 0 51494527116406667590295874183056900048997687754752 
18 7 -37791963628 
18 6 -59579347210214346235 
18 5 4365857830413462914301433986 
18 4 -1590802447326535103847325983326828 
18 3 248209878977055752238730340688223501948 
18 2 673020253233121426299653854111220593756110 
18 1 -2557308317100963963997556177473278116923216256 
18 0 18000948007120817893096679287699966401424326131712 
17 7 47530804218 
17 6 613661799173160693596 
17 5 2323460810231034185011428218 
17 4 1096989876226587132404008201532261 
17 3 63455492012054712358740883045109007847 
17 2 80370852718246307299454646175575786003658 
17 1 2523991950124997830077356497648701285222362368 
17 0 5632600167971082739919628915186409901556432371712 
16 7 54182398702 
16 6 101234393214965490994 
16 5 76564923842434547587866367 
16 4 670918749256017780310163986046836 
16 3 8812336148676644618795579864409694995 
16 2 51645926232354189552998480648371783839033 
16 1 1646430385924412247615551386305788634517054464 
16 0 1598147047128223869522441812519820864155934523392 
15 7 -91565002202 
15 6 -114378077374599119505 
15 5 -238936371439335830410041886 
15 4 190064488515486582065360456300721 
15 3 -616793858438456307705533728021509940 
15 2 41111694546538763420104807389717320586142 
15 1 644078739795888833973474689643576530491051008 
15 0 414275569502131536068891581285883743633982619648 
14 7 35806900764 
14 6 -19734092693541927820 
14 5 -58898964209264255236960467 
14 4 24589902558723582366474963790048 
14 3 -765127762100737582669778142697349655 
14 2 21381453271299018329499037420211529674483 
14 1 194467211325616392222475973525018469941338112 
14 0 98535890162758206515685579838765366997554298880 
13 7 70387834470 
13 6 21912653828970166327 
13 5 18664571538929767571393071 
13 4 -3499913889981662076576674630252 
13 3 -251568616466291429376840996018012146 
13 2 8249864767777522118943671620272241024398 
13 1 48362827351365857188737950788373181902606336 
13 0 21549739959773467026909824693604030491079475200 
12 7 -139433714727 
12 6 7777749500496047628 
12 5 16097669843915586945498645 
12 4 -2687491767384149814158193275184 
12 3 -53092435845571496949206908529727488 
12 2 2560785461291700030389930877225731270137 
12 1 10117520618567284174391781011441075117686784 
12 0 4335125939989205220513571876298039691267014656 
11 7 12469914425 
11 6 -463491949412969217 
11 5 4900309475369606129029590 
11 4 -720292080475032053558219360928 
11 3 -7607282599014066603411142761149682 
11 2 667400633279751038125014246136174973120 
11 1 1781230999599381122375684516796998276792320 
11 0 801305469518485507546689514275514535494287360 
10 7 113039168173 
10 6 -484169348008435649 
10 5 662942504061696832735411 
10 4 -107490227282087208904188184689 
10 3 -631276126305209066384399820895168 
10 2 149516215428206986043015291904939745496 
10 1 259033520678051748268236780395189592457216 
10 0 135745882370381458837002691053547702714368000 
9 7 -53173773923 
9 6 132274290391125053 
9 5 -56972254074082300292515 
9 4 -4215864066350027426523665692 
9 3 -6849017299519826707880173980584 
9 2 29158429674612513649227383725697507424 
9 1 29475964951783074129481500294672044851200 
9 0 20989595781295874436280162139924707934208000 
8 7 -41137206023 
8 6 147428943255277421 
8 5 -47554261363226245184128 
8 4 2363313534480425023641312140 
8 3 -1347133152011331510903900482816 
8 2 4976389245607523713329718123779711856 
8 1 2188679964325240586195500864786576834560 
8 0 2944752389469249436492102075434443735040000 
7 7 20975128704 
7 6 43796617468769629 
7 5 -11231310226422048763811 
7 4 738100655356330584935943798 
7 3 -3703913610169013136278019824390 
7 2 742667778905811424312281401847734784 
7 1 -10175429121464249586711315110972620800 
7 0 371765698642795987241253390704128819200000 
6 7 1699180887 
6 6 6017640899796555 
6 5 -1484403590771858013075 
6 4 126755120240941196357895807 
6 3 -1419308683813647848034753994654 
6 2 96251936334939839364276960459803648 
6 1 -35412925990914611125973765115346944000 
6 0 41755198583165665722407675649589248000000 
5 7 -3599145033 
5 6 -232483947197309 
5 5 -98434458357365448896 
5 4 15141436869478530118667688 
5 3 -314933741996657422504263907688 
5 2 10682638446454579497121128706521600 
5 1 -6786749072148273404891494011371520000 
5 0 4106343641550980791347732818165760000000 
4 7 946776715 
4 6 -159601577811093 
4 5 3155794581774741709 
4 4 1319625232747071227371725 
4 3 -48244432120376584067933963000 
4 2 991863440108256306565073945491200 
4 1 -820450441320190417779128598528000000 
4 0 345587728286152085592591669657600000000 
3 7 289004845 
3 6 -35040472659087 
3 5 1679232946645832361 
3 4 82344148863210623730250 
3 3 -5283820240135214475118596000 
3 2 74208980147856462644842874880000 
3 1 -70916381451803162335580061696000000 
3 0 24042368160290049096318713856000000000 
2 7 -42764850 
2 6 1667346415469 
2 5 238318652482935948 
2 4 3273577658606501731590 
2 3 -402658910414616810586212000 
2 2 4203482841676687077444821760000 
2 1 -4345184216882072767351357440000000 
2 0 1306191390174162402567782400000000000 
1 7 -431886 
1 6 48102167022 
1 5 25804259074849710 
1 4 32566871231371249500 
1 3 -19391749738369720573680000 
1 2 160427592742532322549888000000 
1 1 -172400184974019812563353600000000 
1 0 49759580503871687806156800000000000 
0 8 1 
0 7 431586 
0 6 55262370499 
0 5 1770322129200450 
0 4 -3941015759676713375 
0 3 -447849223620564099600000 
0 2 3093976682903125809216000000 
0 1 -3375338039264404832256000000000 
0 0 1010906612877622247424000000000000 
