152 0 1 
151 3 -1 
151 2 2231 
151 1 -1068469 
151 0 36707648 
150 3 302 
150 2 2635410550 
150 1 8877048609135 
150 0 449156427952480 
149 3 -43941 
149 2 13755532332714 
149 1 -760563673038191465 
149 0 1832063205433034543848 
148 3 4103576 
148 2 9212785394983236 
148 1 1355483962437691160186 
148 0 891428265639813016679816 
147 3 -276476017 
147 2 1571269424272047023 
147 1 -329649392856920366965630 
147 0 109189258517943079273625392 
146 3 14321472237 
146 2 70950463359463382638 
146 1 22683848227052816669181526 
146 0 -3108057871990823654765462428 
145 3 -593563452290 
145 2 -445221733392475871339 
145 1 -802126558243077517841328338 
145 0 -527161807062810279411987238784 
144 3 20225244369643 
144 2 -39576455385840649696156 
144 1 17765809897987984227466140726 
144 0 42907215616740543262857276662348 
143 3 -577776428235273 
143 2 491177354022678893194905 
143 1 -270506657774778856621410393785 
143 0 -1657024168640826247619437719640296 
142 3 14041416733743151 
142 2 4655903977369842846734300 
142 1 2981146035850731155021847037555 
142 0 42030205946708484998743106762704992 
141 3 -293569098799943519 
141 2 -141945650518605698272159701 
141 1 -24755892395466918723732072451739 
141 0 -782607692086432107683774026654367568 
140 3 5326527073150373925 
140 2 1031396461862833381528519965 
140 1 165780726456006095614905470653862 
140 0 11326419490251771664616600943584479498 
139 3 -84446003093770188174 
139 2 2327468108147883342570746972 
139 1 -1033059883663567129507946532349029 
139 0 -131910160263939790534851474778177130176 
138 3 1176061716127819983483 
138 2 -98134294526742946466716757433 
138 1 6768215464949971603736228503648623 
138 0 1264717039608254397897911601108355290544 
137 3 -14446672513426036664973 
137 2 786460920360884422697435715070 
137 1 -38649528608766353898960344353773417 
137 0 -10135329855552831828176624959272319129416 
136 3 156993940984352969929536 
136 2 -2481575792940677947099228734706 
136 1 67961365578928129783537075730486368 
136 0 68536227349652091835007631657545485118310 
135 3 -1512218356780163917420308 
135 2 -7125514945447574702085589282058 
135 1 1803101526473055858631689343547162942 
135 0 -392680602553845380210213141909406063982416 
134 3 12922433565042074143421298 
134 2 112878931528811376567138984774353 
134 1 -25821220300278825520338825663391677234 
134 0 1902291998344743975321923311409834238505268 
133 3 -97937599907406420937983139 
133 2 -533843689554652403247762756039877 
133 1 193104700451422684156674049740978841824 
133 0 -7701471680523566958035317399765283756775632 
132 3 657200877702863900438418506 
132 2 976487786847472370190289253014980 
132 1 -870305839696249633869170591427642274753 
132 0 25268783614418108564270623880550809640624560 
131 3 -3890903519401099803694503312 
131 2 2492489668366067961756839970084048 
131 1 1413185338655988255880627774534341239653 
131 0 -61764062571050979698003580939796909426963608 
130 3 20196808978790543380569258251 
130 2 -18692567939402878044963887028691236 
130 1 12584804174240840499698376475802845363870 
130 0 77820422459972491115504996301032093111285592 
129 3 -90936453094865575394491747339 
129 2 16727265109369764639889856517086814 
129 1 -129273985661815340236021171039695225195351 
129 0 185053924815667689760834153121305232825399760 
128 3 348466498920581031978488517576 
128 2 316119619997110088306398138260676359 
128 1 661037633341177200445337881248487848672490 
128 0 -1551201935715482864436240248775051500749623621 
127 3 -1094707833688824961832964769216 
127 2 -2408617015681928222330782672837193708 
127 1 -2132666252309688079226927383724379291275044 
127 0 5375899286426131575171738149624878291173241872 
126 3 2571968132613208435264878097757 
126 2 11873509959259350562012320585191684443 
126 1 3468166709158061595429639697706555479233351 
126 0 -10501803958945111436128925765558098660153808496 
125 3 -3049343066388258775790324622297 
125 2 -52870933974495332880796402229560430083 
125 1 5827654680035898334839647085431327530681214 
125 0 1621223934448205909992983533712778941485843344 
124 3 -7829067546506987439795848800841 
124 2 232898554259358177564324961750175387245 
124 1 -60468798063364535667869164917745874513147189 
124 0 71289498083883864188799266851746359189096366636 
123 3 60945818887751670175636503855892 
123 2 -978402397351090109788882502462417915328 
123 1 209405266705509711917530499827795812318571784 
123 0 -282568783270336051182080274671651458317405291968 
122 3 -201496297349869057850139382198284 
122 2 3696721093840499776845994524657934087454 
122 1 -368001088462894062311603800602594524494145152 
122 0 551325823377421889505538637926524785235358240472 
121 3 375477551096161063910740831072524 
121 2 -12134624133662893496330772216878102628785 
121 1 -96481837183597991876140301210337802118253934 
121 0 -108566814661987155357981004897059958105741086128 
120 3 -74312884538858956350209219525442 
120 2 33791828641883877664579179469660720686147 
120 1 2691074303420994654698449550852792642714931364 
120 0 -3076703481945220442357119397592276168465388850827 
119 3 -2085090471037382638168178804146014 
119 2 -76427572573750570751089780641494837846123 
119 1 -8284628844741965525663826497039401256083966611 
119 0 10807982718196586624522427190361603189351604920176 
118 3 7451737725802033136037123341209950 
118 2 122149648977829233262234723068509895587498 
118 1 11169521421979899568369905892702325318947950785 
118 0 -16748195284441013404702961308151976180120732911752 
117 3 -12239074231190023363854033237958677 
117 2 -40158963654194584994458414300971451169392 
117 1 8647261496087034203421740995265458686170888881 
117 0 -8269608941084657297080692193204941828724494357944 
116 3 -1502628323512651287216589304480094 
116 2 -597945764787596088042105064722988556700189 
116 1 -76282933488647314065282092056341436388542179488 
116 0 114458256634904868433199015052563181280614103306492 
115 3 62992530517763771014146309260303608 
115 2 2686845653676647295823879155377749631840067 
115 1 166451948952764460354329175096621112979628688674 
115 0 -290450438490681486567622932110149328541159914449504 
114 3 -162109788679711231294257630303247712 
114 2 -7125588769524954073334180317566263772442219 
114 1 -117260462845524047697712699980473443205272894212 
114 0 252168960098787773512119524398008466084079380597156 
113 3 146515880133479926995165455365371447 
113 2 12305481926501492172452803088411257930591329 
113 1 -339819788902555920975982980531494773236372976914 
113 0 696994184754402349536985751080202978225310799436016 
112 3 284994820944944310952537602310159739 
112 2 -8236406209370318499093462548631858517843600 
112 1 1209423862829505914779680968226013470386396243396 
112 0 -3017480553859299914490722507730676578306305440277574 
111 3 -1184848353626467002142336420266826297 
111 2 -29746145666223947089757183030336301465768011 
111 1 -1611867436583716643388033495549439809953395213329 
111 0 4719003781806048037069022502718655143062193613046264 
110 3 1571783374555979082201052881654552054 
110 2 133219465812728263300132719883827044421740925 
110 1 -213452352260434217473095018523874771917904170483 
110 0 1012947104681417492516825828881074108266471034135224 
109 3 578342017405204999246102415816565387 
109 2 -291719690868035240585036747404957825913921667 
109 1 5090888007753223625399436146439643096558426382357 
109 0 -21879497706302246194271959203910692106924154862304016 
108 3 -5756124239327530879292703762919203663 
108 2 350201275600071442354741085786789125351238221 
108 1 -9793537184276522794247530235846639005485523591276 
108 0 48056913043687263002776793919557407161428555832478058 
107 3 8833692244838829859086972605136055737 
107 2 73756468969775724643418775490617251464708956 
107 1 6468526385277988324215948978090636083830038470917 
107 0 -27953109801437391126497937051825894562338121388519056 
106 3 -541740127477445873995641747444749842 
106 2 -1431485012606089945611103366582633360431290638 
106 1 11003109615445945165873269190771237647879864460147 
106 0 -113076065518771007614050893096064309798138894781881392 
105 3 -19435406887160481475910794640439804796 
105 2 3584753919888094403050732367262635548923410450 
105 1 -35820841074085397188933284207135351232910348362027 
105 0 346771311457918306483860617578044343875481759496041688 
104 3 29825501330008825195209090022055673474 
104 2 -4790206399360976134750594772651729810356330118 
104 1 43569231585047004023180066966926069919607688332012 
104 0 -358616787486690872002774277700600099398302077019375069 
103 3 -4524600268593812796752725651888923467 
103 2 1406186189681142861116939396964055370143310069 
103 1 -5103089330900008384837417036741316127923364869053 
103 0 -381901039869899049805112071541861306438281849222384976 
102 3 -41990092786060468896070816519304963591 
102 2 9914476997996630608040615684332392751560416924 
102 1 -84599378684090356520885303304520531282949185568035 
102 0 1900057208004703910595638907297615791403986815904805716 
101 3 49008112123376155817173624699829553381 
101 2 -26999470013834836626674742812215190270549473935 
101 1 174769908851919023636507348489023261897185924946877 
101 0 -2623660211151764021092227518735420947166872738115220664 
100 4 3926 
100 3 2872703638941250237412423323230217132 
100 2 37199724293927147247601080380562414253291523216 
100 1 -145062158962288789981768231471202192863938503461779 
100 0 -406883345044772894406680309366602039958589604915520552 
99 4 10114735 
99 3 -22728720264672004410021056702507920699 
99 2 -19700364115188590158117636859683174752508811533 
99 1 -141796758944614543746179184881112216964888645563433 
99 0 8063096562448849184459755042490710136000952114244659128 
98 4 4691507939 
98 3 -54542327416483003850736747686246650688 
98 2 -40025189323942139026922291057090020257328013793 
98 1 646564811269148791463701197822448003462863475220644 
98 0 -13862379889523251239082707760697785518341799826956068972 
97 4 635222331910 
97 3 58587552430680295952822821627471116884 
97 2 128937199658643951958624204622046011840759200819 
97 1 -869645485544263630046408270127133962818549841414125 
97 0 4462654726140209574956602058342070323830820879769977744 
96 4 25287425884637 
96 3 227315658384624409391167747739947486538 
96 2 -194500238867426448915474271873205859318911880587 
96 1 -108023076300232775276606764530105682448833401119434 
96 0 26254252477465213495665030103176751260403237783779378787 
95 4 -48908942266410 
95 3 -511223498947038734501789071262808739482 
95 2 157907850392089488604836071878927713295981906353 
95 1 2641013791222974457152379406831189317405174078868425 
95 0 -56307510139156149930949036831272406584048174110905600264 
94 4 -10198192887639395 
94 3 88360037823822027804959445403871973105 
94 2 44549621132003173528238514084938724548732927422 
94 1 -4783666104764096152990906176075112870396403484571040 
94 0 36386032082985280047474921777008145761660194230551803792 
93 4 74370064158752592 
93 3 944363566682269134504841477058015138264 
93 2 -402184680547267097128891745447179267992723476526 
93 1 1909723178469071368331068789879196510586029544939205 
93 0 62301669097545403694528699016216135802263156974348720000 
92 4 1200039123164086013 
92 3 -1147478518664682474792755356245036723738 
92 2 772983649277453500026517472959358381709096205028 
92 1 9293293043214622498018059925029228293803653615857217 
92 0 -179206731864084091635773306657315051716639091876746370710 
91 4 -21060614634287365179 
91 3 -307691587201270585038203776401673951733 
91 2 -872107689327770839700917007617797865680482451204 
91 1 -22881622061715560535357943712622504962980890235200891 
91 0 163863627030615221894650128758226091453855216662905022592 
90 4 93898409511761718131 
90 3 1605766062165802291476393054955885245504 
90 2 377220400960964847426275489720640737197766113296 
90 1 19941526969403152946320070471865520355412074582806745 
90 0 88232186207240761598759319772991526498108817621311346040 
89 4 544386675871656536474 
89 3 -528381810887450991276049016139940735151 
89 2 815096356453134860843007288748705862608443604433 
89 1 18595348654239150573064604517986669517992537118359099 
89 0 -445167407188410588056305712878498288390953888856010904616 
88 4 -9422785084191292404077 
88 3 -1259110350326503842691685185640558797361 
88 2 -2305956103657921235435462610698765178196670185833 
88 1 -81777052619683567206435793604699252954443531849736534 
88 0 527298564364275974373212928614790866699693309289172432186 
87 4 54919251776642126669891 
87 3 -15446741862262466529709752126392526932 
87 2 3170193546185182339352887221134713061371252461996 
87 1 107672987131530052597119861459449995384342442363861708 
87 0 -28615779256684119422867289740496868640718686510038622368 
86 4 -133610667176170274081571 
86 3 2929751646542304981546558028035831070455 
86 2 -2392940063498594192356974593840452958883955927124 
86 1 -15417574847516206109549280730737428246714981218761548 
86 0 -837674339722833602678968095417368167260778119881146098268 
85 4 -282886568658154320354770 
85 3 -1065886430083576281854585337447296196809 
85 2 -409948364457449651436239682310443780667003637011 
85 1 -198840158911493820178582957051482529061740797168697230 
85 0 1282915891345965063767976583230534137420470331834420225680 
84 4 3644198823230845566172321 
84 3 -5616214976119190564545200631086167513967 
84 2 4473719509656446499639609398988205091378009724729 
84 1 376780996287419811752798127401422662516918089009698193 
84 0 -572615886850691052669391887186722270867188378379627406724 
83 4 -14327561988049553725248917 
83 3 6835984910984880554151799905168403822908 
83 2 -7933418391115640697547186530598460430964105674396 
83 1 -257149544205205442088373157613125727771992937608103697 
83 0 -1088897060268303192178482378930487400679690458393938388728 
82 4 27160441796278658157095298 
82 3 2584563723042944261260830967714975191859 
82 2 8442062036207908223955049975306099767183498225162 
82 1 -271250860292684550196654190644202101187587672121440632 
82 0 2369950097868973097150637336396087019879065044190417476152 
81 4 2323791592170038272708134 
81 3 -10702330014533236168578137074492210729290 
81 2 -4231702672630335297481928661509251079888293815276 
81 1 904084211348982614628424333430208612939564291575931755 
81 0 -1822512698575097049757617846744294194340609025226572790656 
80 4 -154655834263926670781160352 
80 3 4640220758319734438615733025206539313182 
80 2 -4516420211423793267765641407703549138082454001345 
80 1 -986876231741704860887014288683392539503028996305296280 
80 0 -628415761768511513821656609191028733009791604790755346123 
79 4 379388520939554670621141356 
79 3 7067873896650144006060992189434141463004 
79 2 14605460251064008911721665730034782445619688025064 
79 1 63840534454898336935097401196008379399550824021249310 
79 0 3206949969109876756519476043548889927688063142852506514800 
78 4 -222981543172476952080364144 
78 3 -5971965599375850870835114186747702577955 
78 2 -20359062819901660788930983747486826303528084722495 
78 1 1464578222608392759137637625821889152056922638419860081 
78 0 -3587002342422537614755529691327069583838665346058186053288 
77 4 -850223741980247728386193823 
77 3 -5163491000557259345506620620541927605423 
77 2 16538535868037036159860215354374506173753090078663 
77 1 -2315830308333687309067195592340807431857910957077947076 
77 0 1003732606213456273567071678384563159175625398514377301888 
76 4 1932530020322752145660896886 
76 3 5064438649986501640843600883379590485042 
76 2 -2249813840294234292314259295451949373256828903427 
76 1 1298914819962317913181004531477532070428183100046137693 
76 0 2797444967593855479429560847368885347726502496176628176684 
75 4 -46013251138366636882739025 
75 3 9251798837751255172556735680086364998764 
75 2 -17234104646103110691320213630964487931282063175320 
75 1 1363742835418982701908628153417939749520495017832448302 
75 0 -4832001010410851654647337727262041488501795861998706758544 
74 4 -5240390565305836065659273772 
74 3 -13604272515580814377621729383800137267426 
74 2 32580966115108515988586921921256017491772756543640 
74 1 -3710711266235227992476701648141040363520375078305400852 
74 0 3356521357476087251099427358627671762230277837923801105808 
73 4 5159034586483328052583507661 
73 3 -4376955154644512582556767946190288982516 
73 2 -35103717479059572923842010054140635335097448255013 
73 1 3441926456749133443615139848709541007322275904121067032 
73 0 636268145534129303917194285811373430096170068569024282096 
72 4 10923484994792972787234191599 
72 3 21301698160684700220808725991230071178133 
72 2 21124361018148036097471011244008956800252263431406 
72 1 -102903106318837381153757146959294416951431247854144174 
72 0 -4215659854938320524386949229226156951954186892082381885061 
71 4 -31937267475981479187535379763 
71 3 -11864294410377599910346304810289236080028 
71 2 5763830424187812974394299900004275880886997134515 
71 1 -4014543043833074132176380359968782130333478259583870525 
71 0 4849867202810454074931433584192632736636307437167564972288 
70 4 24165640669425589356655223677 
70 3 -11756807371184434709413604868547978820869 
70 2 -34946072134651193205534428969601633880254862965672 
70 1 5474486789018462384357685513668118467299289257719543513 
70 0 -2270602822796923176077468319260373071573414018904496413416 
69 4 26274663559996577067176697041 
69 3 18003542059728878515590928518567880342533 
69 2 52211810097734242949922576848122105365499613954758 
69 1 -2681758817408176532551620799137447181710566649620639265 
69 0 -1549845452364298690287721074336543860107998552535676047480 
68 4 -103233357589843437329037998220 
68 3 -2403772839282657493789000625966929901728 
68 2 -46621167980734036986127093168672653155272540340875 
68 1 -2452982827968441657333339188608865864361603101005966164 
68 0 4040108911309413310360996334084979030215978352690929364016 
67 4 214567589504678203880873279460 
67 3 -9618628206089131693016145884059747786251 
67 2 17905740795096044445444821608208480066478727272021 
67 1 5903479904278837204624383286486649882557190991576429536 
67 0 -3835999828050010174362714495694687102130871671648161990624 
66 4 -309328613119015775936754792669 
66 3 3412319269935528096297107439386471423875 
66 2 21342169943248105124139417167681122513326707162939 
66 1 -4903732327316888096190220292342556595610775194461057414 
66 0 1459369655316692002196586824839224776047817853014407440820 
65 4 18332674082609186418486186495 
65 3 6136271613258007254314997977927045346676 
65 2 -51922258481676328069008396914790494501027511646133 
65 1 301361394399160621467881959228903943412021300226896776 
65 0 1353363309501349872807325448698992036804257585109250268672 
64 4 1107224652023693292954560502222 
64 3 -1949088757836149784815181616740805619907 
64 2 59035883676203872456837868021138624961214060315025 
64 1 4223977598625713183853854760199337584622363466386244552 
64 0 -2939054299084692096216585184591645139117634518935276467482 
63 4 -2435974774721604606675331679373 
63 3 -9168101353440149757459310053659206758962 
63 2 -40211548654067798261592207561124588003855259925021 
63 1 -5303189560373722645452294627810523863422636275125652825 
63 0 2666877819208346488425514231938009133566360923064679089272 
62 4 1731887107222759416497766063190 
62 3 9720503342906562395171551630605587962684 
62 2 5357267226597026924354298314523545815082842299409 
62 1 2534824626530050590707776323852677627888246789035709077 
62 0 -1071538544768816341595130386283363843782314007344728662160 
61 4 2662512757236679298055994626837 
61 3 1436109035688827724126223326697684882091 
61 2 29430380250692799035295092149288653173350060415029 
61 1 1544588492151397208395287934467758602025509756280028513 
61 0 -713404452523212611229332571145028070041046957583018957488 
60 4 -8438390343767340192112316383324 
60 3 -9347006173174351191397714491535028412211 
60 2 -49539579551511048836244733965438821577607525403315 
60 1 -3832087869692829827502499052380090818058800824148323032 
60 0 1722086469257195836954002325035590637791245583325542311434 
59 4 9258167703647363369429268938595 
59 3 5917804250657251302372820211785114788110 
59 2 47640248556344232559656097401241835372305194054140 
59 1 3094908842456098252834071667943918884249086858073624519 
59 0 -1637945450311987963554293304440225146150809765778227551584 
58 4 305150756798998574038770873135 
58 3 -246607422527202445752555817371243097425 
58 2 -26312881084533710956949470878123731517829920701152 
58 1 -511175207603693211116322617275114244013155100067665529 
58 0 793248697826312823773109701847665937758279334526397262496 
57 4 -17879135140546598407984836251481 
57 3 4330829159137963594787249557619822248897 
57 2 -3324550140336784064708453172478750104418142886496 
57 1 -1729636447242314343589545613620333526908093981567484169 
57 0 184674947469571693560251521277840643907682290870680272216 
56 4 29527479357084804965975390612955 
56 3 -16139524325241344086211115393443028172855 
56 2 27139244944599035957352596642057031716170887529214 
56 1 2245653552762123849754032381627131383791584707892396762 
56 0 -785545605409341559816633385544150113229305761030392730036 
55 4 -16382859109998370266869187013937 
55 3 20460256785358368669658673662217966653182 
55 2 -35321692352173406267566408058816095441215365955132 
55 1 -1213333684568448470956619522292854842207644715771883976 
55 0 842341919563329497955572744614328953749954985451583680656 
54 4 -24615993656444187443488642091458 
54 3 -3300224121607175681111923330790746335593 
54 2 27105449575268343524331427119096466290535228738014 
54 1 -217796896753955977175229699473179527368637558099137140 
54 0 -505880607255808630184566491603307411753697169868409141404 
53 4 63073621609060825274361744183051 
53 3 -35469341844454317982994459483209358329338 
53 2 -9805130272564131502209519034472266878458576707215 
53 1 1018237483176029037813551328822026349484639398989427826 
53 0 63606410823736083342965412560791356660804408472525428544 
52 4 -52691250935389968648886785833311 
52 3 78248110606477958500156072871403803854332 
52 2 -6666953320102456668139239330354138525488248678904 
52 1 -925947329479533906067461796799002352620874163200495455 
52 0 248275255673381473654482442078258033661406672547524051464 
51 4 -17125207305284882454473894750613 
51 3 -94226569158356614272122975464220100761842 
51 2 15534601008023681787075895357856313167665846573422 
51 1 339506299623627739254680643929096275230521805631957329 
51 0 -339585291962712152769072542938243056307611646478815032344 
50 5 151 
50 4 92352189250512269166520267015774 
50 3 53512119010320954235900671232349161522385 
50 2 -15564822539880162368385480058572906015609297627079 
50 1 194110032162275796350825077661479941841439116066816394 
50 0 254225261589123547036918812053300626078382293409117789856 
49 5 -660323 
49 4 -96715765495340218950294791613140 
49 3 49581493239045375397012945150869257012890 
49 2 9767650105557289456339423663026605263748265684750 
49 1 -387926430783162626057043948529446019056949686103707979 
49 0 -98201226943301453339624129748560310474935388184318901328 
48 5 261347025 
48 4 11626004864437734261286178724452 
48 3 -176782764394962253682665975667008055763780 
48 2 -2473438105067187004932694346241016786394697862541 
48 1 283880704747544871692993065361087753348510049519772662 
48 0 -33608737204691083498415337708227928564010823534101577535 
47 5 -26993579779 
47 4 93988373045041700420103189813569 
47 3 251745087309438219873253903792320860475689 
47 2 -3014586230199901069473315203729663955347274422914 
47 1 -80079987396485346099507200201113053140183162864526624 
47 0 96010170984137910573737625413442524347615897353081440512 
46 5 1188512982051 
46 4 -123859836375532091763024731008274 
46 3 -201833591483952117116879403624391343575879 
46 2 5331553650217076735586174733696651379373769471984 
46 1 -62374500783653135864433058185116365424217111340658125 
46 0 -93044060525803813821154572639334861146525753789427002496 
45 5 -29195873118402 
45 4 48101075351487654453755162675894 
45 3 15296195658302465579106800048633825633300 
45 2 -4817705933247181780030358776299163370510339780963 
45 1 97804018488264456294796423076258301333782529222897254 
45 0 55004980006030259146672584899894399603139584756651122048 
44 5 463901117784963 
44 4 65233363276638454320117792194112 
44 3 229969210213801583352371767787385574462216 
44 2 2756182699337652326394126713531889484770024295077 
44 1 -64506956333980754679939590904857238167164106189813387 
44 0 -13421865306522080980740092181595110580181806646206877696 
43 5 -5198774490840567 
43 4 -115647404225450131668585419652937 
43 3 -398774086567093866130628933232942078743972 
43 2 -548052554606920316719914558047402558919951108344 
43 1 18306115460276237744783256868687975255658787019378718 
43 0 -13323923311499745807608683588642064724865415357571322240 
42 5 43362921981029540 
42 4 66565018911698844215652306666538 
42 3 380752914445411311966373163407691127682356 
42 2 -884794276689545344904427018905310949787878655611 
42 1 9162825504138868530540671355223364868191762510196850 
42 0 21811105201768651506331891926929627340104817395921369728 
41 5 -278624935918115850 
41 4 26400675611809275654999757750475 
41 3 -167504208851456749298174441217978669053064 
41 2 1309373887802006064203345040124104004808317815869 
41 1 -14858754567192926949977339962615744513379694037955272 
41 0 -17826312994744073390581755111937434712843374364409193472 
40 5 1408933250960475653 
40 4 -78674933027583723795235868908178 
40 3 -133637898470924306159895735377801547789269 
40 2 -1017809907919391021639471787044272088738033048820 
40 1 9388285237119407317930110108775530669170520543363386 
40 0 9327600074969807354066595429123846745179298872875416576 
39 5 -5669392732250526294 
39 4 57696902475339421803423276180866 
39 3 363595352017141489315490268166514357519680 
39 2 479061040683555412429014776467188105460301374438 
39 1 -2825905908478286068783024043244688268638400711658624 
39 0 -1976449902211244366634503392301402798898285732735582208 
38 5 18165905616999665607 
38 4 -19352106908899201503529796281 
38 3 -409595437152619396815342715944640595965493 
38 2 -44595869613647078233830409176828085062497142175 
38 1 -610923767982182636858948757669813288230025684078676 
38 0 -2034750799202491621591037910706003348033473706608082944 
37 5 -45717878689235241532 
37 4 -38234185439458652922664517767126 
37 3 268847512698899630496820669412359053786396 
37 2 -159735846281019305478584919587240082312620081834 
37 1 1197088153614784688985664139630307608120081417959576 
37 0 3038792124904079623150728144286530702737149255552425984 
36 5 86570799923362062116 
36 4 34679645539854132058818185384886 
36 3 -37614952157886464733620358086118410633880 
36 2 178460474852536376531277270823321402788640352655 
36 1 -607248750993894382332938483033553192280688762159012 
36 0 -2373014981897737458901081081935945801209396491134701568 
35 5 -107486549117318669660 
35 4 -7978641455928372608013430488571 
35 3 -158501194224378812683574501473148759305213 
35 2 -113850720796328217750150028388975219746471764572 
35 1 28237682212125175809357605565249758942264936784832 
35 0 1265836508683366530962129887123631230416052889712525312 
34 5 28348932205264169368 
34 4 -12536458595417959813001736882064 
34 3 239224706647684849685300000162039491557371 
34 2 44832233544178997678808413736347249887809070580 
34 1 189392181567860597268195846721937859898145338394048 
34 0 -396037009495984392809802261137386032867419765949530112 
33 5 231138846387026406125 
33 4 14686813999698399992260629037229 
33 3 -201620519825059821712599070727436883768398 
33 2 -3521759528998129384609094656924211235748673940 
33 1 -156232666007894808545515852193518835486405811977984 
33 0 -60586142874243156525005460700554656250498100849803264 
32 5 -609605517136916381199 
32 4 -5589348061346317950965923737094 
32 3 100039815127322214609617368975901471498515 
32 2 -10947026856360945344275124855913031609704164755 
32 1 56990066625650681081831951437972208541065910544320 
32 0 198489590270244955704048387436816388129935096506482688 
31 5 778325356377943917580 
31 4 -2946044044983415264776782887774 
31 3 -256642878653899492438212795058869931875 
31 2 10807921684736192098393778810716825817519372260 
31 1 10559642633961637177013359199797407232324789284864 
31 0 -175785355518715494188339704173558021468466975916163072 
30 5 -295242632752642908782 
30 4 6078603599561669940665304852087 
30 3 -57398505192260273645119950608402808221933 
30 2 -6381559128005317838163447694080724391182003844 
30 1 -32345396626975034388787778738206280050797704372224 
30 0 109085696292592799494890089043855459980450247673380864 
29 5 -868351278774579133767 
29 4 -6557151286547931527725906738272 
29 3 67915422349008398160714711080630206112305 
29 2 2604934758170451109641079820617154063920670992 
29 1 28017067200334114367049111507233431791144331350016 
29 0 -53251565380350485130088813311174732830866364952477696 
28 5 1910515077633148192429 
28 4 9426438509524378818159400274137 
28 3 -49158731785239276326449723681605225630598 
28 2 -568997798034903855232330839814477039188137706 
28 1 -16832898484595055182940866172128000718239218114560 
28 0 20786847975892083370750477224536518682508442680164352 
27 5 -1662240153664267067137 
27 4 -18112103448074500267576139770710 
27 3 23104664016140013792482667281502992594140 
27 2 -187951530043811669280913752900017087374279008 
27 1 7932680513042166165152660097359087488615214735360 
27 0 -6207238307865158415482346865013647120263273812852736 
26 5 -130642946120910168210 
26 4 33882754483345757102550493174696 
26 3 -3681873018303589624459266168388731288218 
26 2 322527465056428364496205668637626297984117100 
26 1 -3005370051743934363554790375429157082066183356416 
26 0 1156304977292213671825386835185122912007559856521216 
25 5 2111734214429223009995 
25 4 -56543477986115928644380404474561 
25 3 -5439667473823350648604468798673727653381 
25 2 -250600497016404999101844653396643375792724552 
25 1 878761963934940085037883056800114363281171677184 
25 0 59664037102266371706645177194213354255471316303872 
24 5 -2439699961543899097644 
24 4 84397667591311083756630712168703 
24 3 6928040083727733469665854239576812744576 
24 2 153224271655128678710009408117135445416997286 
24 1 -154188946246231318129446037621910178517776564224 
24 0 -154017495471516612115385469798554020393155389554688 
23 5 785023361983288164645 
23 4 -113645291881769032043638731666717 
23 3 -4986584774548052882141155791965379705220 
23 2 -82681189486860127357069659541494924787466112 
23 1 -24897877843755717502285833609150104016259907584 
23 0 70019393591436867442772339453565118697007571009536 
22 5 1223199098994741598117 
22 4 138514999200277550347669472006261 
22 3 2591010963776921020480284817418580735865 
22 2 41412394393025759795794090926763216227029120 
22 1 40636934104646308603508214584886424477084680192 
22 0 -18007686081960122139624235525240679245080743116800 
21 5 -1795275627319805042121 
21 4 -152851918864286357378808913623872 
21 3 -963031745048607198241834271904098599258 
21 2 -19814559387420895475910000604586330952544896 
21 1 -25014801161823595418766684525985393679335424000 
21 0 1583323568745436667901213290569088353009271832576 
20 5 828363404726284143706 
20 4 152576954236087993638777444646810 
20 3 185040883802376681473813987845871780395 
20 2 9184026456700127233085306172226497480956288 
20 1 11671144063618475897034523703814281890618671104 
20 0 930831577582715759849418719633327266237822009344 
19 5 360642986658990138189 
19 4 -137589304421542601109510373663710 
19 3 64191845412712172192370126033925706438 
19 2 -4120302654133243551371496116511095703937408 
19 1 -4551505498942816861599669794981078986739679232 
19 0 -526915973624015374659057046337783315313287233536 
18 5 -724918288335975518379 
18 4 111906762591696670218624055178286 
18 3 -88144809780515922545849750356156815262 
18 2 1766196800986025991258932665512864582439040 
18 1 1503221622733486475807639795913447763735478272 
18 0 137473631725132151721789141254368891100794454016 
17 5 371287537661971984042 
17 4 -81929636976196812137058525929436 
17 3 54643827304629672268607403993347490296 
17 2 -709873869543698444478605199944509525539840 
17 1 -409817778656347670602975421450813119471288320 
17 0 -13299817008192477738229234363509476412591439872 
16 5 38733647932508773348 
16 4 53861935288308050200048951789815 
16 3 -24866909094608985618424693129524396922 
16 2 262562308375492791045428258916440333102080 
16 1 85069254812828421430906653601850519281729536 
16 0 -4715720060378127089853291531208323728821714944 
15 5 -157028193632595794490 
15 4 -31702861999124605113665741823372 
15 3 9091247181812289780019763927254845344 
15 2 -87980760988507541995790308964776568537088 
15 1 -9680442853800737879138946037214677171175424 
15 0 2480582721485348225821509121155024112960143360 
14 5 81969914158908042902 
14 4 16647726897449466672945979227348 
14 3 -2735543014706118396301758086794015388 
14 2 26378283362740657234177447899100210053120 
14 1 -1544683541632397211154158366330348235653120 
14 0 -524043613000860908772605654870168671415697408 
13 5 -3911710320107416411 
13 4 -7766451309716009741657092839528 
13 3 674331285998016703152183123676964360 
13 2 -7004682403352181887617033787421915824128 
13 1 1267809410390118662889919641991311928590336 
13 0 22511485563447088886846378178854835286179840 
12 5 -16413410546737460107 
12 4 3202799279640557171878839356568 
12 3 -131447329785827095195404673536686052 
12 2 1632703894354707956720919924350763704320 
12 1 -419433215968912282310522113068126884069376 
12 0 20970220411429264105464513880696480944095232 
11 5 8478358842222500869 
11 4 -1160631589161265056959310463032 
11 3 18065221655820738396968164989567168 
11 2 -331233091122610303528385166288869523456 
11 1 93782444278243993297426597154896654368768 
11 0 -7053903587349882207232915305313880053383168 
10 5 -1099320116488837557 
10 4 366972400352753908507252068908 
10 3 -847528225385235306347852295393984 
10 2 58039383976096318077810859859330334720 
10 1 -14586328844417384969518375350194877235200 
10 0 973729837311143575611333362537523534888960 
9 5 -646342124197482172 
9 4 -100377272267135385553164236576 
9 3 -396713738425797951729221022859264 
9 2 -8738794269858561716527700814548434944 
9 1 1274337219658358217352924439498339647488 
9 0 34355653467177625140726057756273439408128 
8 5 341970774184784369 
8 4 23506071270703771750941039543 
8 3 150765906708980016580752320426688 
8 2 1133442229985215000310929800813871104 
8 1 61508559129032155983445494763037392896 
8 0 -43424661076959809017012406108985514524672 
7 5 -58035236673038235 
7 4 -4652342396918525370223126776 
7 3 -32347426425186927857178067027200 
7 2 -129157655374838603674316689808818176 
7 1 -46020975275505921222516450392694325248 
7 0 8787521809175315794500063204956184772608 
6 5 -3993001600732499 
6 4 765648110196183019457349132 
6 3 5086804214611048899672194561280 
6 2 13520935045654003018802328434638848 
6 1 9493692584397073112354874264234491904 
6 0 -649228737657926860763237017453231865856 
5 5 3468953515097136 
5 4 -102570188609415122645643648 
5 3 -625157684772582027795485995008 
5 2 -1363792514148764312385124715986944 
5 1 -1292971205768277214483755114386423808 
5 0 -90441702455769011172189465114228817920 
4 5 -596998981624145 
4 4 10866987802124643185063586 
4 3 61503239825130885362601486336 
4 2 131034291039108111311742720540672 
4 1 133958015705210966029070530240315392 
4 0 32786280447795804333271526226159206400 
3 5 35069427302279 
3 4 -873461720968863323455656 
3 3 -4860270253337240812787122176 
3 2 -10972706103348661381190614253568 
3 1 -11371744872644675858562666209476608 
3 0 -4724495218842284389285525117206528000 
2 5 1820506274091 
2 4 49896746061807297480228 
2 3 298574346690543200219320320 
2 2 717093717911188613838239956992 
2 1 800742753354684099414370623160320 
2 0 400927153958519389766681037373440000 
1 5 -324737779320 
1 4 -1799406950197236631560 
1 3 -12739041858893032741109760 
1 2 -32921063410511845849772851200 
1 1 -41041043377228560081785507020800 
1 0 -19787277800037638082821042995200000 
0 6 1 
0 5 11082209886 
0 4 30703893915899252385 
0 3 276648351886162296373248 
0 2 857381878942191381720858624 
0 1 1055170905954888692596211712000 
0 0 446665413093400408190091264000000 
