192 0 1 
191 3 -1 
191 2 2232 
191 1 -1069957 
191 0 36867528 
190 3 191 
190 2 2592670481 
190 1 8897767727850 
190 0 453078996483204 
189 3 -17572 
189 2 12344468833507 
189 1 -758320491660701219 
189 0 1856141894006399336232 
188 3 1036748 
188 2 7464199659087450 
188 1 1399068810680486256720 
188 0 1126076748227198700918402 
187 3 -44057779 
187 2 1224260734294900537 
187 1 -350177629076706825698295 
187 0 186338684916834051178169928 
186 3 1435693138 
186 2 67455606446725439433 
186 1 21522601959295890954980646 
186 0 -709832232970594259653886772 
185 3 -37284400435 
185 2 1042121388483037073118 
185 1 -565099652255227089359828677 
185 0 -1116108112797259126626609079848 
184 3 791498675493 
184 2 -8573957341415227773308 
184 1 8006668743001855838226862221 
184 0 77358343202242922681085309064527 
183 3 -13972847345957 
183 2 -174817536129784837456085 
183 1 -64998615431747684451267735636 
183 0 -2887954566729475688037448337549696 
182 3 207461152367519 
182 2 1356295249189441596244041 
182 1 238412817821800152966486159232 
182 0 74279915488313503516560456954739368 
181 3 -2607381136101105 
181 2 8944891384721846449901947 
181 1 875949207988267477729972212272 
181 0 -1451320084774726487933740217376601104 
180 3 27783110392545958 
180 2 -121498121248898306487739990 
180 1 -15438352128575715277371625238513 
180 0 22744633534551960433956871262771911216 
179 3 -249863633019844120 
179 2 133134287812917995584770562 
179 1 48650983251003420680223860103056 
179 0 -296279595537714272066066608694144540496 
178 3 1869345335001697739 
178 2 4072929229745065290006966227 
178 1 629654360776454506475780681272127 
178 0 3291452387828077288887409288701912280848 
177 3 -11226157589255380695 
177 2 -23048008218738454338418030059 
177 1 -9432601821383836567569579113830887 
177 0 -31801734748771748235907104539576891757360 
176 3 48945289331167146804 
176 2 -7407159301750239664783490025 
176 1 58490958009220307565948984384109112 
176 0 271414483373814217643114125898430039445431 
175 3 -91998809159603262191 
175 2 586817949503708165067621691727 
175 1 -60939815465137727542546174007156935 
175 0 -2072082319772914451579566289599644983676600 
174 3 -766554209366132260184 
174 2 -2436036449025106587938935638492 
174 1 -2766584683567912925508413400329494848 
174 0 14298719818993564520117571376582440052485244 
173 3 9896477144255885089373 
173 2 -654250058748118951336468083942 
173 1 36065718815834810713259257262019819177 
173 0 -89969879304642558829232956684580971764560856 
172 3 -63636130254841303228103 
172 2 46302958378535140183165332199222 
172 1 -287859615847332295575859807263022882606 
172 0 520025865980652153725855623064250980514925806 
171 3 259002795724070482765849 
171 2 -198786812413124270395169580322232 
171 1 1731342838900106720667708411875583036223 
171 0 -2778670370285222860177315121704320295719975032 
170 3 -450272155900186084615232 
170 2 244765057559057736124653999638682 
170 1 -8148237182164928196697184269086569625329 
170 0 13801118528865456497630252528692041666868917564 
169 3 -2609438025815426405129033 
169 2 1128942360899583860953191379086887 
169 1 28500151050938529953384992258367861101144 
169 0 -64021817003725603566785244541542575181632519688 
168 3 28382195152976627522204990 
168 2 -4190743270677226279177854908133249 
168 1 -51601728007764842681820915481372542978234 
168 0 278542262629137172781750307352584744625933368819 
167 3 -142643177327331130756262255 
167 2 -19149576356975468904697715124896388 
167 1 -209560928172380424614762100486358434109082 
167 0 -1140771089115890840918039759382494147203694058624 
166 3 408561429213650109132722463 
166 2 263296498969013634793042683668542071 
166 1 2863690506727180983465939337780477157426255 
166 0 4412239744716438316277094700166525954804120445744 
165 3 -79568753689498232206525274 
165 2 -1640795427644937863346963452588833102 
165 1 -19262419349552575203932369829540959976814093 
165 0 -16162977060212281945777492614694890184200610150480 
164 3 -6337153373674453065391926938 
164 2 8054677649539181205030496988524208379 
164 1 100487751006660180914201559244038557817621211 
164 0 56220400966132758369856088979022300162827435724176 
163 3 39237002209998287988393468615 
163 2 -36936352628617250123927346960741972191 
163 1 -447889330875703124625182809642071433960125470 
163 0 -186106860102482979587251866280499019093171858860784 
162 3 -133915209846216120542715080710 
162 2 169843313846592992863822766340202012533 
162 1 1771865206051584815276802459991690286781319798 
162 0 587492809199486976144571639785931710156107523199864 
161 3 204423050226330668548689975801 
161 2 -782582015742736605355869814884553919577 
161 1 -6339478278207583137901269900879540442197595167 
161 0 -1771705386721025290848508020761742071963267093265648 
160 3 665326733805351561823281028882 
160 2 3509105992562165226337905108538611284730 
160 1 20716954443313185319925964263491826959021991739 
160 0 5112296955597688122753827261977768525932086043625446 
159 3 -6184698432277158647993147832154 
159 2 -14980820503808670709788027705096088202645 
159 1 -62108294192757861134312986661149613373961624258 
159 0 -14134470626982485754516174736587875222855858534948832 
158 3 24497428235632755508240999016899 
158 2 60458473065149696652213850256394994177536 
158 1 170761432091249788009883844605387331952705616125 
158 0 37489231862009501374504219121865103994368047029723544 
157 3 -54797489659303103688788133547626 
157 2 -231117857688713405665829802229079998176991 
157 1 -427970017590927115268635548372042050781959429025 
157 0 -95487411722684165406737571606982927890890162170626048 
156 3 6623643257056549336280456204894 
156 2 841188029095679074375405177540851522407482 
156 1 962306090565680379779361918844168263885660225754 
156 0 233761595252702295739243607298469367155598525314593392 
155 3 544434824484525652984820275411158 
155 2 -2929074706273585705572202758547482159980007 
155 1 -1867773727933475886048505341126571494091814224606 
155 0 -550411818749304510450643779923853330957812904609806688 
154 3 -2713379110549818423445722322976343 
154 2 9789026058299113523273938232475834243882390 
154 1 2790719574457357683001364891710690527390789530513 
154 0 1247131611323528828811441002222810931876490866486584568 
153 3 7702667503279091509794646610156759 
153 2 -31448756428224266772431001056832162824655750 
153 1 -1530701576727537367512342437428863926780945052360 
153 0 -2720105327261882039943807659054804043361103649644213056 
152 3 -11041830282224322878186465157174927 
152 2 97170161382618919270882768124791642894900988 
152 1 -9908463699863666244676533575871135179023053401337 
152 0 5711549926849810385093820993016885050927109645490694822 
151 3 -17512878925315307119253327839967500 
151 2 -288759169224630457659063800359520833840412270 
151 1 55194781374136267357934571922523531662430097592902 
151 0 -11543967380802293751521631488281843492617586713300341232 
150 3 174344597668507902250903204457916740 
150 2 825297388470119694137496848975127228302066731 
150 1 -196112705819050411835173685877448434809553881194155 
150 0 22448978684061121578145268547137800105384273867598081688 
149 3 -638757258806113837321579902279847510 
149 2 -2269017136997106992664406141661871411359247366 
149 1 579446600382609414494777037294499602601674801241571 
149 0 -41968266397516429435812421383144560138045938117223677968 
148 3 1445476459557204982347496472632289024 
148 2 6003352374381828492608908104633527337000273831 
148 1 -1527362309509209273154850075644305252088768557487350 
148 0 75327334690290322220873147920543647327559867412312626272 
147 3 -1429015350267716035695698592895157831 
147 2 -15293892155829345787837931412238501577105085888 
147 1 3697972211370358898558337868855688661547117793983542 
147 0 -129542346308029048357070449654628178500269986229109285104 
146 3 -4510501224442988038120373685980054827 
146 2 37537361403550937955046337119473874320858341177 
146 1 -8346147637009348246579894656051650245173624866274854 
146 0 212800639112062724170330838606451892059516551165252991648 
145 3 29419369546956191126828385681896828358 
145 2 -88807495278445500583719577489471510207590854501 
145 1 17703790934730449315312417530982446054905228067614159 
145 0 -332363474239994044793665138980022396571250970000592469456 
144 3 -92802161318777776800582500496445795955 
144 2 202590724529760580956298734500166109520581428980 
144 1 -35456556543179237423997641745944859606246096223936682 
144 0 489930653068082757546056223439616212588776890979216634817 
143 3 190162699852379531112134756900216239663 
143 2 -445670267577619944364812379745666397280266956737 
143 1 67196292684779812561801915112451904053692305701615855 
143 0 -673217789203837732672181867505782401371050981070965419080 
142 3 -183965135736850137252365125833595792789 
142 2 945253255957345103317167861261843198583544857844 
142 1 -120549304139557008280145179465158120650893303563547074 
142 0 842674799435178532807581513410322418942328655426198512004 
141 3 -438854125856927435629229954188750158144 
141 2 -1931968106323123913106739722421722696875937584942 
141 1 204405919602157547434298434456250046508057150787849653 
141 0 -913177530993913300643510267788983331692256047490045662696 
140 3 2879537730886147281908859532716346177391 
140 2 3801799802121412067617284635051915128703151427501 
140 1 -326330116364239880482546542081104538235742949991725638 
140 0 732571217858577153669158235118390229136813580323359439066 
139 3 -8896450613079976434015670063403327138520 
139 2 -7193715520454112489819779342742468635466444498632 
139 1 486905834927611372398996688194264955585694020213199545 
139 0 -62468116566499357613215856359854518544995442206202756744 
138 3 18698170001920338907930107285678415252981 
138 2 13064711865430762537620551203774945600261238206216 
138 1 -669687266815403108431710236094684939798546563835975091 
138 0 -1428302480243881448628224386860933927541825581511875892812 
137 3 -23896519845810683541242446530084005842262 
137 2 -22715652329549387139752807336533972129148833647097 
137 1 825902929184867525079716913262489048345202017675123098 
137 0 4141416013943114753663631574767357377749575663693374243976 
136 3 -7734536624692338737826642326948730592810 
136 2 37676186133707450024443149185196366383623259228920 
136 1 -854555747765227908796291436967566838179149070634694132 
136 0 -8476946442322117421454737870504340387407880157034386440663 
135 3 153583623889086619640097513850308262131407 
135 2 -59297006692281244887960509388322592356222323648430 
135 1 581477614716897632616666429580778888273188020031370738 
135 0 14689547884724213469897354921282836199568873111077852320288 
134 3 -542092889358782621141745504060467188655889 
134 2 87835463374859759196587485963284559759516294000789 
134 1 254615646679494573153343110489791217617465625974550253 
134 0 -22658141259489371306286639325131576170185071166085554488432 
133 3 1279069762556436577773142248856099160609151 
133 2 -120786522690538295226590435664258047830191191064228 
133 1 -1995436242804995888522513288330863932593008005990719815 
133 0 31573670794051590351235311535227801186697274229542488119216 
132 3 -2167435261714200426238686454508656768586035 
132 2 150258064626482903012967307238054248270359224194748 
132 1 5016959252656568501218834577665856008313562598648512639 
132 0 -39583898968719036421502076849615016748135481146743691532624 
131 3 2054223770555192243297778877431293884699222 
131 2 -159390342539454408120494749586383936729140278886043 
131 1 -9622820012747495701098114918001673420931908411571808258 
131 0 43482629017359214100343314864650901584873106071536282504912 
130 3 2250801904249221109843275217715292721329896 
130 2 118251955447428171359350919709733249284165997490029 
130 1 15861106225912460064629934438390831983271214913566732412 
130 0 -38585668325626504593430134024170061871836725753982995589864 
129 3 -17044824710155752001727716778530293416691986 
129 2 19640824540683300687960760048959459457702743753203 
129 1 -23264173574119000781312137561229094441784101638974991491 
129 0 18981424411713162801111005952321900223679489858733456642768 
128 3 51179668866252306341503119641771599019552687 
128 2 -318065036599180755775046588410320713478708353944012 
128 1 30540662564712230294530126770283008776722342984978783137 
128 0 21643650227042617872150194935812646660996258444481175844305 
127 3 -110336423061078483185343354310289990563745243 
127 2 852914110843141426531969852653061376955603188294115 
127 1 -35291282658303427407024437008630370393338723591880388033 
127 0 -88453628398520612788645666223646256409032950679768585316616 
126 4 6303 
126 3 180499357509131762820252145531471336032599451 
126 2 -1697116763554326191955542920104879781835505462051503 
126 1 33868151052019480344374887551468666177771812321424662883 
126 0 183169290899498877347506776789246426972867584508150932681220 
125 4 -781381 
125 3 -194945107194561813759242987961354255169574852 
125 2 2891651100651319624862356732060904703230077460385330 
125 1 -21536922254834590221104860454511347785956364849346603222 
125 0 -301244336713907148666031225318041765776696043605568303153288 
124 4 81995727 
124 3 -14641113561107960972082775478694067701649709 
124 2 -4400109004113676759902979859234157545165406468293477 
124 1 -6889821110677961687657142880789417953605437743641357144 
124 0 429026406471168085873204271566090321640293727309811124830870 
123 4 -5985370438 
123 3 763557232019935660854872143143991222590767292 
123 2 6047858016407271145050560958734142170647530956878104 
123 1 55824481717767108845894699867820896876450530444394794181 
123 0 -541734350113458469431248651019328672166545386171139515056904 
122 4 331191833296 
122 3 -2500405911489350731229645047387182267688497076 
122 2 -7452995400033043653285163346915669138569586604788863 
122 1 -127076152854503246335391261661300445715113257561319791281 
122 0 603315529691653002808823747320675471040462975058991397935548 
121 4 -14593387506099 
121 3 5627855600081664268298386701811570533097137177 
121 2 7964856620084239598941093531103378390747712141327852 
121 1 217609839128905708919927582945595611878489456000995950969 
121 0 -569271277930003726219535916754733587047625331643787331452344 
120 4 528313231623282 
120 3 -10006532578652868218977600008941511715167201354 
120 2 -6635813303199760362763300936602281882822003766712162 
120 1 -317325267284484533889276501988131834537301965518442732528 
120 0 393237069037688671443386305616674751068273403666184028659659 
119 4 -16076593934372460 
119 3 14001086752279711215063079825224986352424195946 
119 2 2261308637521706132754506909342787530937566418815139 
119 1 407526456543778167658784706610616205766113478147113514794 
119 0 -37409285402263515985627933005188793304707181132102414768176 
118 4 418437529056315728 
118 3 -13071867432352712464769653883405098416863911395 
118 2 6471901543054615049085622062925576724779673697189548 
118 1 -460902768063194181271473806355853697010679317755966901099 
118 0 -514145748194268080068546334325566771150565195124320760865040 
117 4 -9443854735327564559 
117 3 -1717638958679219852312785162261831309357307012 
117 2 -20693042533171803632394009326308976297428807811460369 
117 1 443807267535993688094667505958672454521580840561719100423 
117 0 1241517250747032788127960408195368052416644001140769670926208 
116 4 186871516694867879203 
116 3 44275632263039280108277993946895798774407960970 
116 2 40891359916399072471824592452696534378530893784616610 
116 1 -321323103867310105846454636440516531257858772983303301567 
116 0 -2077673705726404812011735182478039215535873663170744472068752 
115 4 -3271567134145274894912 
115 3 -131333709169958301773542343828917001622152313019 
115 2 -66313642360671896353395848823285686853700399892257354 
115 1 65032392596751805980447997966005471484557076435649738782 
115 0 2903895913160351125785275610923111942080679431577775040471392 
114 4 51061103528754300351307 
114 3 275127963804387953647239892791915173812097569216 
114 2 94287137913559291766959727285561314615284635954537410 
114 1 337390413608278577471171054799811182015593483942744372095 
114 0 -3555686492646785346986780149020120942349960216841122228327728 
113 4 -715080155634867042020090 
113 3 -468609055330981849362236491386931963884318918576 
113 2 -119610840618095678873434354050425558024741888094495762 
113 1 -872485715938120183219444593182350213827110527779539779082 
113 0 3841528070552175262429103503848347184245436237940182834081120 
112 4 9035881295812179546050386 
112 3 662658563583553718766393695170598631609758872719 
112 2 134233248291729148462186860713552787427636442797839195 
112 1 1493604160553542405639320083949902125675082640628290217252 
112 0 -3574321758473212495990150812346895109916027463889507277407180 
111 4 -103526322829352044041841428 
111 3 -738944452955718289679489199873664008026398789424 
111 2 -127492170397585977299335432989877730481358575032800928 
111 1 -2118394517487285726913390130499213748849674219374020805332 
111 0 2612009807241385532015105648889070784307591342458019497182272 
110 4 1080093920524777064094941569 
110 3 488673580877403894799408089122174873482290897743 
110 2 87201289922836746852626213883747015519054321347623976 
110 1 2633355794931199740130983656722685777697488889117033877686 
110 0 -900482944429920178578092765564667702698762194792128249382608 
109 4 -10300743141224928022344429104 
109 3 384671015357746222880630447773660095148240288784 
109 2 -1794504521162179590622853109500681823453895306269278 
109 1 -2906483621393942624226852822884708989357424867444891242018 
109 0 -1490659998096811130924905738151706020428601896407091895912832 
108 4 90110375074863422488526872079 
108 3 -2214647586890184065481327796088859888246731492421 
108 2 -136444952679781970150862388836887018667496742518342254 
108 1 2807332279864185662341008126383617455583667166912982458290 
108 0 4349644002183047940959742516594090104521671110363461823748896 
107 4 -725353979287436850357570346365 
107 3 5250324382201109310992553350890939363646324391406 
107 2 327343501627942508629180266264718865382448355504195434 
107 1 -2231886766904441430117884941074033253441691461730092458620 
107 0 -7329713605059141856118841162108159425728767132207137033547072 
106 4 5388339116276771302047638353311 
106 3 -9454581339169932664097324677756936480302533053253 
106 2 -558640618249374563946040017462741932990018937306030468 
106 1 1127982690556437245084896629061327088708770191691893376442 
106 0 9986014025143836875258697099648247373861752683080280068937264 
105 4 -37039154364267118328608662967281 
105 3 14242777579863901011083560730879322088839706810083 
105 2 802679711248725779634460480976464153636108666154258932 
105 1 483873638214135296641461835985225402064068812119546724968 
105 0 -11839878783765763733592507401823913526637641617202853933623040 
104 4 236192915951848159560598612187398 
104 3 -18226909927784428569163207298748218607843175490755 
104 2 -1015295267078874458899539477408658400082659135235161629 
104 1 -2499191706617332412479882842684059977259251451388602836906 
104 0 12461314228544299352353471276674369594690380679010413635155956 
103 4 -1400590062705456906549331656124527 
103 3 19079800366796177713870153459875492345510709475106 
103 2 1138204612054995400801651078851758982735874281848620900 
103 1 4731154393206976494881445617573374580524534220289478633172 
103 0 -11554658776086710062019100278305589133017646658702034781727776 
102 4 7740757139183975521822018617660638 
102 3 -13668745095702496292808646101702243082155613298283 
102 2 -1105823424082191653217722099843313766693102033914408174 
102 1 -6926332001500459773805648341974848334011696174225445404174 
102 0 9029432472210843014332629402710357302092007860300174385998672 
101 4 -39960774199444668720736125341570006 
101 3 -1397299579062910769575652225869278461051958279080 
101 2 856601062501869070989218055895503794345244207568946204 
101 1 8792777889829983126685820624335207741966027646710517876022 
101 0 -5039480304864309973873915002190795359556351801915339375153248 
100 4 193098611877166405806001282573249119 
100 3 28732582531448324455697439868573662396104850902248 
100 2 -347796454085919881271520859897405473078498010231216148 
100 1 -10036383705758519118332832099348034756765306258011760650492 
100 0 -21113926245891961060732202110575583531437554039402793135024 
99 4 -875201889562152233423004074374141386 
99 3 -68721258807217202402209637809996264680969202364935 
99 2 -428683071955910418363951259432777525507881284704356168 
99 1 10399856927821791978337659468197279770117223193973763229156 
99 0 5568130928869817918583288447773886351758690754619657934339808 
98 4 3728089737709954017966059809023681866 
98 3 117918227556068093462336372927905850173031128170363 
98 2 1432828414175178942766412913478357020450899486383802754 
98 1 -9698442176960857266967789236477720517771082530168246465964 
98 0 -10915972640740893561568105443003435770787149481549086356219488 
97 4 -14954000111631415801717446335784993110 
97 3 -167787287411213645037642562004298294809002180738332 
97 2 -2569360882031475255415488716096887662771576315122438066 
97 1 7847493182500495137680905808788864051436420735634170533558 
97 0 15388646626856671162584202209615778816571172502245417033453984 
96 4 56590735450643441458847604161991756977 
96 3 204399492203464620551160603368079145573335756574945 
96 2 3690270541410289269261129104073491945472271702097927959 
96 1 -4878801101826763951682947984461683775909080803759610935540 
96 0 -18430969756689438632318295978890197174203523614643871095718613 
95 4 -202420652305905836456319114776917666690 
95 3 -209693292961060357276835404329448984195923874186591 
95 2 -4608965087517536165432319425050722283906152416346797194 
95 1 944576865545654267848764051821974838118640976059306152217 
95 0 19697459997661679247793769189042819570896629208944566823976248 
94 4 685599672428667533350970370522984746798 
94 3 164648330964053352019133640785224073473807448803170 
94 2 5125568107887210730468375376398937868769612547037241533 
94 1 3690418944890966483688266969342625227302009839164505311222 
94 0 -19101200631443232655399357874368749101948524425625689125795892 
93 4 -2202706646068824055988402675043330382063 
93 3 -54238933223645734220218472100436299819120854415890 
93 2 -5060175822984515508031816736106620151347539039545332153 
93 1 -8667239142361054785136679605172543410093453692394515242913 
93 0 16813964247098585356563254564093568612263894718780124335303896 
92 4 6724419302884210554646694790896095807933 
92 3 -126608825216679480201375591523566634796683254601161 
92 2 4288472165898447960977680741125279515370508291210919676 
92 1 13560069193390877721501107068872735071047647112425693180636 
92 0 -13219790356453673400860409450874437532856331939130717885256778 
91 4 -19538127361120231764159623608388963591372 
91 3 367461821158526311578771731531969841727775775279972 
91 2 -2772714438719706829671924716878496713488670420104947263 
91 1 -17911102770233050613307373561507239153778857344249089497909 
91 0 8834240918595382199954927314502749872407251016473016969962680 
90 4 54116983428994182117906514145121618314230 
90 3 -639022122443143800433431021608409304970182993250621 
90 2 581235537809707445951639693253389233437415648567624417 
90 1 21271504881394437319571401085236195944645159407326562866248 
90 0 -4208225128079727317666186086002508123755787380126639724278924 
89 4 -143110703520950800282628299542877713716777 
89 3 893699112394454163544738488434260362263095844012774 
89 2 2108615854651049290861179990672926488476141802354627684 
89 1 -23246318418723963258595461681843586715603980974302990125105 
89 0 -162913750414224009305030905050433011308417454068965091550360 
88 4 361855781164933613245294853595839136325833 
88 3 -1071205974978140576078820250499552153058813474700933 
88 2 -5026088862554686133139343898706313799231506817964549301 
88 1 23539830466430435857720338698922026070400229020833416904661 
88 0 3907553124833444297040503859145660832470711919739470916852945 
87 4 -876054759738770624017512771073116648959873 
87 3 1109108706279757384932423188609515482483595701785855 
87 2 7839500690293961382434600009336965078126160029381371807 
87 1 -21996282671558941788043584421398297183972032771326245953888 
87 0 -6812681083452685847959994789731986674715446262602333883087936 
86 4 2033464458091929388431864316740874969471877 
86 3 -956801695306964707679938197132076717684277900762161 
86 2 -10200466315120841562485848459532873199017661059237753469 
86 1 18629582608022933041109363226628669393285447301389369026130 
86 0 8823683863712555893638684705307466565299448827295953840015688 
85 4 -4531042803913715685840731730752289980073038 
85 3 590039271478942134191620656329223100242056803821807 
85 2 11792489727269731748623992020092485561991549900112456043 
85 1 -13635611260175157187407247371580249162639696614869351377694 
85 0 -10015178819741463134289778733894428042769343158813928036945072 
84 4 9703579987814155112410773862033958831870219 
84 3 -22366800476517718436039042342052529496043880462705 
84 2 -12375814499037730959507516077215701556494652409214543310 
84 1 7382327746184750698256210221238963626553271145658222900621 
84 0 10544421442754116511244044786510553279522703691181259849496912 
83 4 -19995103647468789189776129423721466230643306 
83 3 -690076020760756266920136744211670273916818760279288 
83 2 11821379385611756711244183817890849699196770907053629468 
83 1 -376136984832414196686120677554530174631170904030589534708 
83 0 -10600597664770024364258482428676752065596954108005214352410032 
82 4 39685227631120520134504042590944853749284248 
82 3 1452739414891293919186578768894578075237146194411261 
82 2 -10128961715960481013791860070349822561343779958361678883 
82 1 -6792687060211118856078242838775236228734067611170932901345 
82 0 10361601004367879335194257417731142240687526357936561190792512 
81 4 -75940623510839603601305750506428805340755401 
81 3 -2146177639818587613905529028473671055834139090504287 
81 2 7427488108310265578235963516327628099394318542897680307 
81 1 13518381635250782999665689961167823129653827385075239389843 
81 0 -9965711217507292815098807514525890761996616613624462885972880 
80 4 140235420283739803067182389151562091958100103 
80 3 2646851441457739091240425767595019501851339252623245 
80 2 -3958371372869892477004369981129858431379470687632452412 
80 1 -19251538424525523128940564913707291392193590743923271513142 
80 0 9500456020585765153977885422065960781161830460326566681594889 
79 4 -250121170884801598491264116010856698723199522 
79 3 -2851083105193687745388054296194100549547640355597617 
79 2 45067580349122335077192413230651297229008805430487421 
79 1 23562940927517639683564232820238129308511304704584021606839 
79 0 -9006356847615731860615638230863213055090301890305050883700040 
78 4 431218108905244591718361730256924293252183584 
78 3 2696857813471211792733110409894542981854043850227965 
78 2 3946430084485633488771405618850884946028406524875071710 
78 1 -26189244193682095038282126750720081768970955836126928321850 
78 0 8490303725137371824603784263369545598888171188030821847940292 
77 4 -719145574193411450325182543458665211818807268 
77 3 -2178324753755258593140125781357147322321598884122308 
77 2 -7650750917811991918839177259593256101412701923995053322 
77 1 27053813343016110381307752570751464804396099654081319630557 
77 0 -7942384484553403705667696213320153046001529330857281614233960 
76 4 1160928184339228060536061721606494808956461255 
76 3 1349375934514065541990372756643097792692502853693909 
76 2 10744548498715172867933166577512381103485604608620560236 
76 1 -26260793075860406647044621387683453501666750219639404080046 
76 0 7350875736450119862876986842888027948751140842415632294424026 
75 4 -1815244453939213183635857616755250234198764975 
75 3 -315202215824829883065421058899331742708204380631779 
75 2 -12981255293038921318795009325788509492285977524569284936 
75 1 24065363969738362740037575774525682543381667994278867273129 
75 0 -6712111010460729867832996434957995610369040543705422144129544 
74 4 2750785573026865297931098989387276866630380959 
74 3 -786425128920483772723805615609427948731322781526689 
74 2 14215234194111494638919456187375795065625698400198700760 
74 1 -20827042701120156517726527497788249030709603715275708525659 
74 0 6034249229239783095630185418438175651120844509927989133610484 
73 4 -4042034487122705399778698554307887368642814271 
73 3 1809994592467742061533780173152124796989015285905250 
73 2 -14412674165449286157921309055065896919593024843403510577 
73 1 16955041388453634868476202862800393962754821401740256519242 
73 0 -5335871736440655436266956136750951184883770577655443782874616 
72 4 5762021780181834288130460164764918019196983036 
72 3 -2627743222113202104576687276723369948915913279946421 
72 2 13648220307131310895457553801864254035868011840455539897 
72 1 -12854866670350727572135995736312535633387873119673192677114 
72 0 4641432393422401507559349710346338308425944402799787679449313 
71 4 -7972093652592599645764440855981446858390985269 
71 3 3150402452590969109209808265551626754502609834931860 
71 2 -12088212209423147099387655382778060201765535267495688270 
71 1 8883767165769127454603917073788190645051920623083877141458 
71 0 -3975804970216397721233975597732222667151883033955476419527072 
70 4 10709407256902232917028253209315262531923481880 
70 3 -3339205729968109907670992992547885800297365162190558 
70 2 9963304031929218392445727413926083260509797039593627023 
70 1 -5319940133339944596539199102074333575675145043145321404223 
70 0 3359714608983061631029406628619687947557255777461193953380144 
69 4 -13973643503007787239416691749583595692536708098 
69 3 3207427262784376529794622806519110050609923591385748 
69 2 -7534820816483788373854651255124320381884340409321590272 
69 1 2347332643027272529903539730437815611379987419480017012233 
69 0 -2807039151815645524451590023995245455001909078514207062303248 
68 4 17715121254998552108633168257988737920951232858 
68 3 -2812202218311342112393535443062184117079197385272615 
68 2 5060110096281756610560052692444407345752418835298172417 
68 1 -55093264030005099820274835456111317346624243803031694531 
68 0 2324152388462490395708307378875207513736946858885766188369824 
67 4 -21826896064857789688399443104774171041582280830 
67 3 2239423691587147955650110051386293478844053215965547 
67 2 -2762119407862357906914403311953136934664274371690666891 
67 1 -1551295621127453385188608387013978930781637302471337985802 
67 0 -1910885991373438245720757738493008175853402841862676956857584 
66 4 26143335858811599581844253413461993484938924401 
66 3 -1585654520011244573989652703760154849845905189129589 
66 2 807422219336029946496759411579661419046646923960145345 
66 1 2531256416366558964890697496119267544792252240282634717988 
66 0 1562404199230246355385017920686250794981106932946423014654712 
65 4 -30446974787900207305265725375477657937469424383 
65 3 941063311240173071889440959667926529370850990604409 
65 2 704867667158480745445995548752289945611671447940692627 
65 1 -2986959028366780249672126871882294563993094203862007638139 
65 0 -1271288317136357061677535975581457152269078557778582068595824 
64 4 34484185587693920736582829192208019694932441859 
64 3 -376531109456077126345761995297300620214814838244014 
64 2 -1742998789052009160525897625664295007272399845373904019 
64 1 3041483016718485197849474713000784272299043389876448469803 
64 0 1029316971476971877606686374372396283114915440011617573843398 
63 5 191 
63 4 -37988576047833342164162010426183434244407592752 
63 3 -63360756496297894436971654488622465079107404971356 
63 2 2333017595031655532131699933259585761137896159277018515 
63 1 -2820064584412824873308470681284790699578760852713261462106 
63 0 -828684505223041124315817712084197574060878381149361598010464 
62 5 -11842 
62 4 40709342424496776359050085409033596002731420460 
62 3 361309991797384997127127410278606470691193179330073 
62 2 -2542888822792381724011642789829973798729211683561000932 
62 1 2436074404601906091163066938543449738867819568740611891153 
62 0 662628798403170006290294002263329505569081207199262589678520 
61 5 -1284284 
61 4 -42440503348120424737296090186308390509005606067 
61 3 -523370300962072184932604719018619807449537125989409 
61 2 2464056919960420918722284909332930248909516404593559229 
61 1 -1982297142815227498993005032912328701073693654031706381205 
61 0 -525589016644716772891126126267426068776299101510861910823040 
60 5 86928875 
60 4 43046352154257778666439724375129807640163711008 
60 3 572011610039347978153394629409080822430050079427937 
60 2 -2193956914372308793318369832223671932954908228878263718 
60 1 1527200061037706052980707872770160617313888229934322323638 
60 0 413073630326967433024735110945404771280056230473601264125936 
59 5 -1354795279 
59 4 -42478814108926218078582750399787044506018785965 
59 3 -538213883558630190859005548572852167618115243347269 
59 2 1822077321838720041899169294336961158856987876461525093 
59 1 -1115266902776149214423493443169523549360412866616287594998 
59 0 -321408881510131123038411468260109220674028481292544459885920 
58 5 -15208459804 
58 4 40783664664097381349268298565019179782729177029 
58 3 454319092979518431187725395491952484769713415861893 
58 2 -1420938324517494345788765696076299710994342039964919398 
58 1 770156247205301154586993214555990559494173239872421317861 
58 0 247489029723471327155540005513467625782612095445771970028376 
57 5 788215639523 
57 4 -38094506930090929413680270074095099975297872082 
57 3 -348748416083708576735459689302502051352014087786003 
57 2 1042120396196524079060748615808552155817310103993997538 
57 1 -499395158912502731439670627251875892668036051441080481184 
57 0 -188591460432534685843980734090896476498031042778862211722176 
56 5 -11344768633838 
56 4 34615594333248141534384227179481890915742055248 
56 3 243003412086494014237305072371752635174588622896476 
56 2 -716530776170806622182019841458633122247916723182219491 
56 1 299479414443859035653600521347158320688366823765039856595 
56 0 142271642420046177907470336357495528774198983272477437322566 
55 5 69730469462450 
55 4 -30596525678561115937106792592925409702840200462 
55 3 -150789792254209032315622603517501793834455791400239 
55 2 457565905487818143063534477136800835083303054064832610 
55 1 -160541657001542866072343814304140250201769528533437389978 
55 0 -106323263541060927050322179209245700695661072525433757891312 
54 5 133832413194036 
54 4 26303109293536622126065059854778917545202106527 
54 3 78732374347623043609127299071355205916126531152331 
54 2 -265719332627513220155048344331549418071720386821800625 
54 1 70086032963112461615835017479027957720143744744154247785 
54 0 78777202687819483037044228057055515824569817335999128389784 
53 5 -6348999846191696 
53 4 -21989043844512235915502397268306519879601013392 
53 3 -28010215280897136470256799264240052087107026348378 
53 2 133397504510364821971726823011651889827104805352859394 
53 1 -15601433519805682150227118207294319649887127595423179881 
53 0 -57914129094080479602557793373922888874947656703262281396880 
52 5 59530112984403758 
52 4 17872484137490461722123004926389342451038269263 
52 3 -3710219297515272941923247659785375692186041891242 
52 2 -49093798222992097122438411958970450373365058786295383 
52 1 -13892766541175760721648528314428050996234680695257791982 
52 0 42273166154109358582211084741216524768583651827409113945488 
51 5 -309488669196576737 
51 4 -14120261082979738700197307105652088840793080800 
51 3 20502638807319046593738444321423049420958795596255 
51 2 492248331320294200940488992801419224898530802498112 
51 1 27165758236827860660122426437729079006232158713691459942 
51 0 -30648089478849746637204202329328015540466220823445576574192 
50 5 811881763473509541 
50 4 10840864193596897414792476152908437871837613667 
50 3 -26826812382421214960346402292218867812710143458588 
50 2 23575658761862160403105056090925659815058053270616557 
50 1 -30697104136805293465085675680606942530422517100128865310 
50 0 22069860056734113630580464759938071427768336778730405430208 
49 5 1086106991036104031 
49 4 -8085670794004856400608374837126650756856327364 
49 3 26670008218206885620173415202099259875765383046088 
49 2 -32165069168423185223708195364293395921797172577201257 
49 1 28949016468470519483751307627200546403880163932478798155 
49 0 -15778748879471998254765372057125189917319460382896587417808 
48 5 -22049234286058806670 
48 4 5856651189014186230209235335875151549303519259 
48 3 -23134356971959879302670293994344040564071165240206 
48 2 31976907796005787754330452913788815766316282304061268 
48 1 -24787884032590878732208397744636898213427744011767248322 
48 0 11191028490308817796759546435764551902475132524843868789011 
47 5 117251749610998443598 
47 4 -4118087175600783229929194234994092253102812312 
47 3 18354590301884132705788863008466563274502866050503 
47 2 -27563189633409128107283590299647807078806830492183517 
47 1 19919817160147975641981625009564948075298840906348423677 
47 0 -7864975028495565075775948183810144828366862040303613037496 
46 5 -379849038404104535381 
46 4 2809743367910613507189743951079947997550217970 
46 3 -13615851099043361069768906393686391593966059497840 
46 2 21745379491283767402665318952675585246906146923805414 
46 1 -15266496701052637003876548544744844317499154991247557166 
46 0 5469659794225807416731250572125367984808152335232728695852 
45 5 745804313765467421168 
45 4 -1859318359590039545458052466716119982004148671 
45 3 9559772057151286049714820281645693116806038051638 
45 2 -16082109495959874539288218093249720549421836342301772 
45 1 11254143055588434921816767311594342933253288248104936303 
45 0 -3758466592311095905637453142193391494375386071331636329240 
44 5 -297253091980837507110 
44 4 1192683679711606211235578746980108863828926959 
44 3 -6400497926459720414225816298152201120371208684218 
44 2 11290625530816846825104908310798939608735696981645929 
44 1 -8017298688596280287749223988660668954859381818537419910 
44 0 2547929751599186261154845683923599978338846782166285338798 
43 5 -3923547812845363264211 
43 4 -741182590437796809155287773709040955112460028 
43 3 4106829456634868282116671696493383494753562842921 
43 2 -7579806129687800777106333672763905871470900613556946 
43 1 5532854749445404378653110685596063394380999493157370899 
43 0 -1701563022106446125412405681659089224437006356451229014904 
42 5 17125708260772283069602 
42 4 445934445035857516329247297215772490525403500 
42 3 -2534154394248469154565991061128094736523893121194 
42 2 4887775463071544354045905109333623980610623559991886 
42 1 -3703125304961712363089281244253916821260882962776022891 
42 0 1117862304764604879522820740178548899982302254435326803340 
41 5 -42434650317212957590321 
41 4 -259568031486529404910864487151626734503167091 
41 3 1507544676353037440293225747776959382292456839565 
41 2 -3036126593499132811466346324251475813281052219525193 
41 1 2404580083074188082864319729135857664610526109659464396 
41 0 -721525815345756250208676969061653857708939099426455432392 
40 5 69138155902068466697288 
40 4 146057033691887433923958106422543568597270477 
40 3 -866137822750018181657331688646487036072822087374 
40 2 1820097518943811656183023498953128369304916510501433 
40 1 -1514689755764075589850009595575419705846241957923561310 
40 0 457015788498254792490187279192833057837877023973847605719 
39 5 -58961485285935124031838 
39 4 -79379158182432334217332391920154692799113249 
39 3 481181552961701331491133858398359797737300024383 
39 2 -1054323182593071788754617684623471466765799972135692 
39 1 925309793558327889403044389600034184257973501859938626 
39 0 -283767833028824682165802880685416595104564029910678817888 
38 5 -50386616924809314922455 
38 4 41628042358778821665045972669915306834390989 
38 3 -258672793583142240684282899157706664538808038369 
38 2 590637520134000128036574444001968060271097660085415 
38 1 -547975329568611900298310762132890990313636933767814527 
38 0 172552501255799715554285710899512471975701334359324205568 
37 5 302670348019837020235550 
37 4 -21042642983446691339694420324223124597667000 
37 3 134595612801138376885351188841375144854445847289 
37 2 -320175628742023290537465110486136051163448615382098 
37 1 314472939690052454550886536950509191860144503851369189 
37 0 -102661201441383990446346179611097472510135297305669827824 
36 5 -649185105073770504173266 
36 4 10240941649123644841309999493452687570231339 
36 3 -67776237292512277840210141653175318134826245890 
36 2 168017296482393289936087505371863528900166071337856 
36 1 -174833796093149661746946729713893526078418396068783323 
36 0 59708588703127212755294175985117557563288828359407374416 
35 5 903414039245042839576887 
35 4 -4792256533274929767303725095324957045450548 
35 3 33008870095436371106535006557557993261712962244 
35 2 -85377931944410781685700641354056365337053021593411 
35 1 94147688330415386329748418508914626940488444201848838 
35 0 -33918664462049032892304060885545743879766716522824365520 
34 5 -804117963505529324191739 
34 4 2153143600383295212250557449112340735630358 
34 3 -15532706754837482838727684583503222682451303504 
34 2 42019342830528438410303493965846379590311827012459 
34 1 -49104468490780202569093368293983522670995576025642138 
34 0 18803392824565676202491618018674496712385492839470469144 
33 5 197441934400328876430670 
33 4 -927338545588467686737054829410606155531065 
33 3 7051931076266359686090529112356712895785792744 
33 2 -20031340868479312665067970384118035852152444075291 
33 1 24809290090945872769652210918063340708863165008990839 
33 0 -10163461558295950972567031993314761073146344654463127056 
32 5 780700368239750631966416 
32 4 382165210391117329304554174875911109689101 
32 3 -3083416804478243739830547591508064073374056008 
32 2 9249676074521273409487061854912602813640810361201 
32 1 -12145572261953409973845174173739550408970874804084915 
32 0 5351140705944532039850160793699205128955140575688003215 
31 5 -1700640043326966621401146 
31 4 -150392854935535272271811382806468240743398 
31 3 1295668919704735414535571691309401540580662125 
31 2 -4136592061547228293914530283550541282725949461807 
31 1 5764112762247390457610208678738918507972828591631185 
31 0 -2741647760792601535222188133315858454247302952736414200 
30 5 2077791381719057567678844 
30 4 56384984826765160812166750796946664253547 
30 3 -521969084824997013065326726261958461391901632 
30 2 1791188856836835525126519616872463608012861583885 
30 1 -2653519887676910255544530854426892357293976064743193 
30 0 1365402385653073423577581786876056080751103155943948860 
29 5 -1699993084750068413521272 
29 4 -20086900941501783290440602904536156604543 
29 3 201064798677108807223565095429493285288026513 
29 2 -750661258608977281723177625460565132181349241602 
29 1 1185763781666618228526707052047555641493480229086880 
29 0 -660194505566195876079913600608933907260113579577558840 
28 5 779886975712885113916676 
28 4 6778764551704181571279634832956303020616 
28 3 -73848782361274481819038792236032913154770777 
28 2 304312891466765945488770202984875999268768857327 
28 1 -514736595484575344288122832111928562897651507758060 
28 0 309510251250252787421379811608252864714255720618597474 
27 5 197687776161492865418214 
27 4 -2159364472601176350305569896361757381505 
27 3 25786249108595456172652371856085839279357574 
27 2 -119264580053195127488769675398072190142881457848 
27 1 217207315610122315811821808677549885631779099349715 
27 0 -140491213857879055091301517115001879922989195535971192 
26 5 -803224306655426508495809 
26 4 646540484534218992376900931816510451925 
26 3 -8534059963723135178304722571128094684442699 
26 2 45161370035358523489525029621982496611374460437 
26 1 -89137130981885622785345983915641131161836302782995 
26 0 61648707061404949357898768584207912094267722029378324 
25 5 901379208902320688099379 
25 4 -181018106362452373520360707074880786308 
25 3 2668714850227627049188252716116379968545284 
25 2 -16515672740561140263636857598786639917312162754 
25 1 35575445809985832193722444689105535210004573856277 
25 0 -26108572543640706319305527063723579982298793148791112 
24 5 -646667205065665786802350 
24 4 47088322208337797318437679413844367096 
24 3 -786032202061653653259100533227686506199327 
24 2 5832119956220738599949935138173347843310106986 
24 1 -13800531625258594875759749202731216865281316169980 
24 0 10652930316622262276788425724841490080523866169968481 
23 5 300618215284356567598728 
23 4 -11286455643127186755348962631292544117 
23 3 217309040310329262391972026654500521829419 
23 2 -1989115658753978316386749681608614915150589921 
23 1 5196298209971507829036282629905034083312080701214 
23 0 -4180113228985877265645951263903394250928967602216112 
22 5 -49457104164273224315559 
22 4 2464573843011598215333797013207837336 
22 3 -56164362361311582568664619975708020534458 
22 2 655703635684882681403772545878521710626766502 
22 1 -1894679662546496265462254453844216362817363294357 
22 0 1574394791875057159939052343015805565120114997505200 
21 5 -58750225230348103758008 
21 4 -482266879831258193659801591744876529 
21 3 13496858317598758812048665542093032925578 
21 2 -209153836107878879539545787274890572371962449 
21 1 666763388501299698809127161636243306045437899933 
21 0 -568051976501971717184439378258704863774425168547872 
20 5 68283162055461921624422 
20 4 82324397443160161091643432561508023 
20 3 -2990375177919252646987209564562103002209 
20 2 64640090270661913553841924833862600602085270 
20 1 -225481876056910207800031674374092104392266198713 
20 0 195938395860017291392920378365825742356584415027616 
19 5 -41531582932511311572255 
19 4 -11640832494162432282139876283196058 
19 3 601823494590235495903511699707500337431 
19 2 -19373995210871899684836220369102173083180844 
19 1 72886040670381693658303499152685273765256373098 
19 0 -64472620148147985428252858026141648195066744046208 
18 5 16525736219432009606930 
18 4 1189373764031016972891135657765490 
18 3 -106819791279732870681371642066218783365 
18 2 5630219902179090034109463813562236192235272 
18 1 -22380083344720514291201188311314706920989678953 
18 0 20191555289377490809991003266102220691299591049024 
17 5 -3667432466614904254081 
17 4 -34808425699532846811156127243947 
17 3 15601655844356414456905228430775453348 
17 2 -1583056634284538803039433910092664168345768 
17 1 6481310188262513134596030682824428660694667572 
17 0 -6004088790902817374062539023003336817822382665984 
16 5 -338888673165270377524 
16 4 -18953627554411634387537389990203 
16 3 -1470387449898371227200204209977723419 
16 2 428718607004251209564793243250677287726750 
16 1 -1755951591868315602915522544426309243606258842 
16 0 1690667197642964887444556028955252809180331794432 
15 5 711320331865405096791 
15 4 5386011953769993600287757864822 
15 3 -77196686762414182656228790767964866 
15 2 -111066918640398398980449728416844928328302 
15 1 440877855734962727050905587116390582118329968 
15 0 -449500597628354603949268200576835678776154435584 
14 5 -344024273185184468215 
14 4 -846821067012072194547165547023 
14 3 80958971935685945969725098198777273 
14 2 27290102364581104633183620146863256008116 
14 1 -101429413436674954637959884085200071361714372 
14 0 112468139894367340731919253069925810428780310528 
13 5 98823070166504168916 
13 4 80598880871774897654880779481 
13 3 -24184438772407289137737397458873387 
13 2 -6299347668935380912396638798280339710960 
13 1 21074947000583449246235978527867058268570792 
13 0 -26382253882792728865518655455551314917545312256 
12 5 -15987450772141546589 
12 4 -1747618399897853931142275957 
12 3 5052642030853103745427451881384422 
12 2 1352760558780712948260593794894667743362 
12 1 -3875305264206018257311125014836574536676994 
12 0 5776454942895071961190464810187669635340283904 
11 5 -40179693437023294 
11 4 -873882476928303098554669320 
11 3 -809006587805039522935211141917401 
11 2 -267691421868302839589632940928283905192 
11 1 610290236998469906380242482056421298675120 
11 0 -1174380263938322447625214985798597589169766400 
10 5 780736589102558755 
10 4 163813522788653057585314830 
10 3 97015525673598706635891753152247 
10 2 48362654262582447990545386413839424204 
10 1 -77045329831677491253824886784188052186992 
10 0 220304483889687552165617240913526834234982400 
9 5 -211766199368717289 
9 4 -13864593013111660634046603 
9 3 -7352182693827192862895557693383 
9 2 -7903706087409467781222607062244744944 
9 1 6369197392949474685737001295237874393952 
9 0 -37841262856619460430176459125398340812800000 
8 5 25279424335408206 
8 4 190443392457456430021878 
8 3 -22319472857892859754789940306 
8 2 1157013323427742101306804926108963556 
8 1 88896865693392571883292543038361492960 
8 0 5894958191263812192036830187775017369600000 
7 5 179951489533242 
7 4 93071936502072477717669 
7 3 106609406382309855575378887191 
7 2 -150013787450248570416961181266182744 
7 1 -156177662450991190963984880707191264000 
7 0 -822813554468729557258510607214796800000000 
6 5 -497975376746052 
6 4 -10503498969482091244983 
6 3 -18082308053583851736734703684 
6 2 16984895010117485842421444600850708 
6 1 34988546383848407072402770274474256000 
6 0 101298864078123593697642052491079680000000 
5 5 60254784315450 
5 4 377774884789575375438 
5 3 1737749691287604466436768418 
5 2 -1647603816323823339462219851334360 
5 1 -5095076727304263482560714097315520000 
5 0 -10772410701650008182987851016192000000000 
4 5 -590011782102 
4 4 17404889538382314372 
4 3 -94188075284578103853328710 
4 2 133263978475212769069475702681400 
4 1 544589834791601215025385189811200000 
4 0 961417294475152147279684632576000000000 
3 5 -418862890557 
3 4 -2257773373786470768 
3 3 811545257737346821271991 
3 2 -8629555327921621743577986735000 
3 1 -43036662824076980225815250976000000 
3 0 -69060541378965710014101749760000000000 
2 5 24775445052 
2 4 101466280501719903 
2 3 282021953946342970210380 
2 2 419104137427532132636136690000 
2 1 2407273994234636563867106400000000 
2 0 3738043336598194053175050240000000000 
1 5 366477048 
1 4 -4835078458853472 
1 3 -19770219080946576775800 
1 2 -13549501918473162030818100000 
1 1 -85592330827242373627401600000000 
1 0 -135296227394684450832384000000000000 
0 6 1 
0 5 -31386528 
0 4 216832303876446 
0 3 462008454973257924000 
0 2 218324132458332559283390625 
0 1 1457933562334246301568000000000 
0 0 2451410461720901320704000000000000 
