150 0 1 
149 4 -1 
149 3 2975 
149 2 -2531449 
149 1 560376138 
149 0 -8470716546 
148 4 447 
148 3 83618376393 
148 2 1432205761394063 
148 1 1189041109516994598 
148 0 23917689645573706353 
147 4 -94317 
147 3 1924920420825819 
147 2 -941957552825715243714 
147 1 12492085318376678398088771 
147 0 -22511154983453181690819015316 
146 4 12492905 
146 3 4846676885245836541 
146 2 11979953523762578478602739 
146 1 228673461262274113649172896692 
146 0 80081852579736208046100377082996 
145 4 -1165373551 
145 3 3374278054581194195825 
145 2 -16732366532445356193997881849 
145 1 213572941644687973799800655145913 
145 0 -92797029698954087265904316620291500 
144 4 81415071077 
144 3 919695977234567766095371 
144 2 4280798559497643958395888877130 
144 1 -2444734713805014489504830249511075 
144 0 32426992558105877934872861171496382250 
143 4 -4422575581190 
143 3 116457122335636653528032303 
143 2 -244449184902357334953958763680751 
143 1 794777715533198077321984303339595999 
143 0 2913625330620669916321916247830097458508 
142 4 191444522332510 
142 3 7513283994668665118872083031 
142 2 3111588190962737036580777564230445 
142 1 2456665708538919408178035816387011457 
142 0 117050573147280307667904388586638680005796 
141 4 -6714974196809714 
141 3 258515396077527744611395961391 
141 2 -2488251352911230929862083957211073 
141 1 -1265136471000426234494834695203359470680 
141 0 2637433525718088499518423203392787730722712 
140 4 193031650476089070 
140 3 4770740946572168499531171518524 
140 2 125728299227174150833812407254851230 
140 1 -17815780884708445780731736420204469693535 
140 0 33456310280477820499126458463171810938479598 
139 4 -4582492488350330392 
139 3 44488926311838039589707244843861 
139 2 6304633172117224659329699990843050160 
139 1 49584360585940276867569598488130129734177 
139 0 145960444340845464205698869454440302824520260 
138 4 90262911590074254116 
138 3 149381904811369904237451240837523 
138 2 167287472572563285456896465386701025759 
138 1 2384525681549639279803658684679840239305005 
138 0 -2071660464215629368685262804393359990733722507 
137 4 -1478646585502186457789 
137 3 -585429925970532823607838957947762 
137 2 3081851171947255029447616575883636196279 
137 1 19557642548012855977721574317435839325276521 
137 0 -34958760611133197137926586117646315569680529818 
136 4 20150163134398328861499 
136 3 -6164617830131927621890882527014473 
136 2 41010007251194042477015164635897643045774 
136 1 54306529099497734516108074646417498048992827 
136 0 -126414721497342479498757580884091371436160329455 
135 4 -228045302555214188899125 
135 3 -14248063328485600005425324211342878 
135 2 403698966496637979130173803690277800716112 
135 1 -346061975440537689735889775912811086428076443 
135 0 1167160377406458966484250535030351844258134570608 
134 4 2135576229052532974490433 
134 3 30488290107742401712086273664834299 
134 2 2981429343781518276221318145696720664960341 
134 1 -4551756761358963690189137372766025760549767135 
134 0 12407908788209162293697039476319417796803550554553 
133 4 -16453644635299315312740967 
133 3 285171926481371337434562279078935651 
133 2 16505451488678366335376838266408435724829319 
133 1 -21407548205155628204469141048216227048368584934 
133 0 21491868521977265130943769570755123399536676411950 
132 4 103433128058876964471986141 
132 3 758168611964056479182164383675378808 
132 2 66100515588464819285987673184883676776075582 
132 1 -9788806831716787315162464986626764567138217568 
132 0 -276144311869294841292476829235947012071934629397147 
131 4 -524328963506021219444320232 
131 3 -184288137532174593873773336833345803 
131 2 162660864206168912841566390440515127050616290 
131 1 491420085736837123220377803445317621140006679895 
131 0 -1848419525134667619001765185367993260173746084416444 
130 4 2106500027065020207027874704 
130 3 -8324602988208352474736494639804235618 
130 2 -17655909440036223364141350810995147867978229 
130 1 2758859559787597123581014576064583730318480938834 
130 0 -2158788358144402687960256539901136073894117292014170 
129 4 -6516714559988952085463186465 
129 3 -27553616644978520512246678635740932075 
129 2 -2432695153573284818365650740064571965944036711 
129 1 1788780675251380210479013478396172659641503881037 
129 0 26878762025269551360049766650167990073330997073593248 
128 4 14613727668251382153542658319 
128 3 -22149275350286794068134145491761574798 
128 2 -13296582960752622245932934410866086128434724370 
128 1 -51936482100026699365075424285967319802418580526507 
128 0 156168399022417236769633786987832754763860082658295300 
127 4 -19483830799420189468077268845 
127 3 150810850720744116678138206572067792057 
127 2 -41103951188029567016524804544594809146943263139 
127 1 -253556343798624854294774614211220649853542268897615 
127 0 259276440169378742190076724594745984563910999627578652 
126 4 -5014844819258959087255390327 
126 3 671839068881383993108322454046500908800 
126 2 -60591615487787872703405673051212332869126525725 
126 1 5237211825959525076218934459309712218145056457621 
126 0 -1116101306236043580890485503898867321649209058303655410 
125 4 102103963969504794716471950352 
125 3 1061324612154756906018242136676643174921 
125 2 126541742300392807095426479446183455146711539185 
125 1 4945012461227750264269122151645963928533592265704556 
125 0 -8333083437130430023581771071795608722316613490512866572 
124 4 -269488533990655519559544411520 
124 3 -1393636617074083196930370684465236394557 
124 2 1157588890158816358017112156595499416173126900598 
124 1 21416646783854790447716621995244251327547435593000723 
124 0 -22639227883514009231008819694622523143232507982128580832 
123 4 302736137070188566585866352095 
123 3 -11555025585744484833635476825669369528837 
123 2 4017210787562827626383838717095317830003466617600 
123 1 14545688211929637412517597973282615804026931174267739 
123 0 -1775693770347333749454938790370000056051757615875714084 
122 4 248513140089996263292521172233 
122 3 -26361819955962522335408516368324067455734 
122 2 7534055758161475776106851700321276361101187457193 
122 1 -231502427386841162298873978123126355123009699075166559 
122 0 241285958858638621105677540245357701340795663584143425985 
121 4 -1515827105470897656533769029483 
121 3 -7385235147288094056160173004934683732292 
121 2 -595905781596458722160057569825270210338759818789 
121 1 -1068156721835297828417238128490310535436356959038915837 
121 0 1053856494676370842223825599360381851947512027798612320438 
120 4 2447416851877867585431485047521 
120 3 136115649746676270534964044873387124834048 
120 2 -59400458320950611515734285346202958053407425667048 
120 1 -1422205213817166699144590733760015767606792641653771815 
120 0 2083461029238216055667566411110521852690016969093537739881 
119 4 -525953948835433579962483611016 
119 3 439340321302198239090495708612810539136240 
119 2 -229796358523357552334482692071719697766997282328932 
119 1 5444162252728240901339461143179512363383114546568187337 
119 0 -1114176942828565964536015224057576175189860833694180234888 
118 4 -7571893326119782304355327802372 
118 3 503165531291799032640771446105532144320166 
118 2 -474969103468091446568143136262198357722047612916799 
118 1 30829395796388537329757992011204114971281856596502260797 
118 0 -22591683936463645134760814475625537801154182523446496972808 
117 4 15386140155695015925389867913252 
117 3 -935631296712841695287541504886418067689542 
117 2 -274074326628864288378228413047122800635940677162924 
117 1 54376039301263299581711744319822563112919749313157917688 
117 0 -79713920821780065166695902748959051421029906644806910100256 
116 4 1502219649270769424612596373592 
116 3 -5204545502357704967000159342244477596251130 
116 2 1975836331081886770929676638958042314763921869529539 
116 1 -63899385855926632277430199776355986113084121572328609234 
116 0 -130335190759741444819250216709014962321764473218376902370376 
115 4 -26575499106701669516957510406148 
115 3 -9564653893074710951923902134988179575991416 
115 2 8730941243437962661241934583154689069776198741251364 
115 1 -563637787533840105486063356593289804604261325208417654916 
115 0 101431908474924739742912486494530014787783227270555134240464 
114 4 31479639486823242876966303393984 
114 3 -621618926737360663397856270598541550654262 
114 2 19239127274178393077478281447691922727493403902859578 
114 1 -1176626225456848403708584584946414572359475587297302646606 
114 0 1297595104866294654569387861331746840920259382825211555275780 
113 4 -109413484305430093075546958351424 
113 3 43089995127511391503508995483114920025237176 
113 2 17711272752748582865889117221648479165112701037979082 
113 1 213905680103313160415191379757036999461563863470949304990 
113 0 3994825234541516992355784494110276410160972048281707131521144 
112 4 -120330700110259079719635102098760 
112 3 115627049370291861496345048844662609141318317 
112 2 -43112929613739365668540396566331545415611795242649191 
112 1 7269363857808623399422677654745947221622848888178890682304 
112 0 5683761659488873605981062427478382387283965537375924502194436 
111 5 38889 
111 4 641536801026309099442345269804185 
111 3 109442193869155508255772356323522163637222924 
111 2 -234208268586799581482014303047005646715272724838758832 
111 1 17272268257157361895749703604363783609247173987261610095350 
111 0 -5257357707232232150723968718119287868384751970716313107766464 
110 5 174500158 
110 4 939147770224438017082507122127580 
110 3 -212837426886640140483377259939917873035839974 
110 2 -547975832907610347924513868274006301716628250713773997 
110 1 4915215480109277387697749809505034873056532077105869701974 
110 0 -51939584698738593247951215458717426602305681510525923297790924 
109 5 117470315769 
109 4 -181237028632538338963854841821433 
109 3 -984837138762016175739131830298123555041155228 
109 2 -628333984387313615575238019477807891136541517549572124 
109 1 -74413322982809882797546103420275459256016468587566293068910 
109 0 -142374331099854318795151423029048351972563032822426613009398152 
108 5 21472667012754 
108 4 -4525163387739200973757454128737816 
108 3 -1587214259190804638549425438482075005835922637 
108 2 565214315412131635569084766919750975001268032854332042 
108 1 -200762645456925522849200990312112870736564707485267532758168 
108 0 -175713580799341586973352239178542529503519838600559114276601356 
107 5 1205135572161027 
107 4 -12330175391483461803625575299942441 
107 3 -59131538039738573491247191048232436517943137 
107 2 4562433249336525546458320986961053900266268350305581094 
107 1 -123771935153124278406925023795862313709654880638718749209870 
107 0 199461528212478061404627374112522011997819768544214194769790672 
106 5 13314332924847464 
106 4 -1241009418760964546163862454818158 
106 3 5824951372458446828287504643282811587702543190 
106 2 11426646161181971018149900464670606038394739538562596015 
106 1 625500195599436364206265738056059006594675673600562380258828 
106 0 1530372119417519768001402411891551140610463730811789898365589576 
105 5 -221134533115792583 
105 4 56027075972503421718015820734971596 
105 3 14060075689072826257902969394307591085130059789 
105 2 15081282693983555226649149770227994301338732931845712152 
105 1 2014784583964829647040459185600181598645807154386564760005122 
105 0 3716898230504651356556762180466680158040599844805715316535957696 
104 5 -211128282067226446 
104 4 115354713138993555182978969455990830 
104 3 12341399107387288985989875252213748887039076956 
104 2 -1896179520188078733828485426272433965275665656921323061 
104 1 2047597036171196054690642634973844969488851202647898153634790 
104 0 3887690897981147026820467533896726632973682493187677117261074336 
103 5 15796857363017734719 
103 4 9221546238179938012506083661250730 
103 3 -19801666857870274070906366994131154164722621784 
103 2 -64696518716115331992139527010996650502277808976960724706 
103 1 -3507973291748952986906227972961359782320467618351326618255826 
103 0 -5670090928055145507218745068737761110982869797317463002300901008 
102 5 -125535634783231007378 
102 4 -467767956918516313850925772560714963 
102 3 -86491691325935228653409579676561200712194095777 
102 2 -177704304199087565034627792919829230798405571357771827238 
102 1 -16290158949530904531503396644029447820004216214213863466690712 
102 0 -33845437853707925025322058368834564268681515843582671974895033050 
101 5 641279335225686013660 
101 4 -1034455604752302510444984329478730729 
101 3 -130848731378636686045455518656654248857118287258 
101 2 -262224630561708284362441479078236660996249915875222015130 
101 1 -24579891958150798999300944376074079211139906503794557964074424 
101 0 -72190855717302478021274335048613681263701312810341380512608296140 
100 5 -2744243397172863129073 
100 4 -218530999712055330528424764037610493 
100 3 -18661999095911768476958578579089032631556970539 
100 2 -93694073977876690676423480214711242822785543743375288847 
100 1 2021868986659581053036327196452839499771286755824180223100892 
100 0 -61603051431406388989055548936980963540868655868846831280423733538 
99 5 10890136964909364880324 
99 4 3602589023601494104821076451614508820 
99 3 359997285230924102370389762469211296672109987812 
99 2 650863461113160164389648849136225436595233770560803079330 
99 1 88530167496258871676246730521287831356409845301407962457040048 
99 0 119893075590252711431110302183982690062183203368585584123753461464 
98 5 -41866326331540345597726 
98 4 7987911708476213653048427441760795285 
98 3 837526733290340009346390706410475638177285353575 
98 2 2070970276406092336869018681748095180918083219660217365128 
98 1 191632287614328023512376855740547790352250188903433105349119246 
98 0 561495523901623611980225187886445025177174062421886489065139672668 
97 5 150596481542010928861966 
97 4 2667790832146317053020089502015325651 
97 3 754362910652744150389791283772381258127391689385 
97 2 3394962356956559334015294071344981737726953656709436493014 
97 1 150527678238611155356107853483411575245865641709055679808558634 
97 0 1041590460088725655244416161720347248757444106617093619477288397776 
96 5 -448009653223683579929465 
96 4 -23129635326435647133251455958281033580 
96 3 -758851027421985562255963158277287650588129440820 
96 2 2378045322624860118023783955194529657153824606523932644066 
96 1 -228312059099498184857209814520649096086799520532794604347325424 
96 0 697921453526207951161809059685619370399127010902235908352745590208 
95 5 889929963665690603339945 
95 4 -54137493947827076916998620528101741483 
95 3 -3652591151629637718916130627310343326633942935008 
95 2 -4235729074998888775212990861644507558255906654324669642856 
95 1 -884910458911606739080540091297287480728380295415845621333721410 
95 0 -1810418768060244997673874465699652217701854020458813797571348965240 
94 5 -205522834374685571973240 
94 4 -26280416806149337662025174747174240720 
94 3 -5534086304332683068688187279755328896621328328235 
94 2 -17896191703125213715317668999496091473329308982440677992197 
94 1 -1214684045556793868023831234440967446186633874013653895981997200 
94 0 -6868989998873598692708392581865680791241940512182593939331304823128 
93 5 -6449545811088955113808141 
93 4 126361718636295911150306901209385651726 
93 3 -1856446226535692279498941826626253995459467047013 
93 2 -32942579958337117620206259022516407885858837650874947249110 
93 1 -272938836366642320517907053669748161375776406147028987840974626 
93 0 -11187546300147993725151716325762052791593845972687060899005496280560 
92 5 27493583861596124773016569 
92 4 320336378491146888086982533706412581694 
92 3 10177799423343076830293658571969690525792845282371 
92 2 -31962766193000486341456188421702586505707869624841187245790 
92 1 2176399966887490278839732857533870873440503891407863737921020546 
92 0 -6058793290090550655919888868064661760292363832335536984654674486092 
91 5 -59480874543497213423744134 
91 4 207046437681812984323397608419685162030 
91 3 24850888482740694506190134393019448863397234045456 
91 2 10891368370285834087348626905705531439610486619774608690206 
91 1 4387725739702445946116102687296187914359244625656840447074698998 
91 0 18663766238262553156143076339599462746878044529516909282149390955320 
90 5 41332047886772861082697599 
90 4 -578052622562585961515353876481499005878 
90 3 24771241750521489361891514648086901881333054474656 
90 2 110694553937576994108834386193636685578873139564151941024840 
90 1 2947965711522038800517994396272010811922882295668642562698361912 
90 0 61348756748842641821175115600617875676726301065216055361240448589734 
89 5 200680696369227177597717132 
89 4 -1660269122149625535449107215534074445758 
89 3 -9287842159600984917148223661509336245903727628467 
89 2 237422870388888248214192230988900801092607267073714242602286 
89 1 -3820394066168459508125582660380366626034759394090308647051372964 
89 0 91392407477424375727864801029747954327422760289808125987371416470356 
88 5 -848551042089908960493313364 
88 4 -1365789129559909912047953525672973673647 
88 3 -73751028094175328393847692109127451396135204888227 
88 2 286971898711059206041328687720230191807576170468678259468104 
88 1 -10997325983221092716308321601478991486020331753416764478564597394 
88 0 47163537208205638732283280219089558465276893116401367731077009831902 
87 5 1360498803798845904704992496 
87 4 2145323183115903216803956551734216866216 
87 3 -120185848782541632931198354994954241510567323439112 
87 2 98403439924474238592471366851226334349826550389335957776004 
87 1 -6631739994563774316776166749182357749712360009133508296413879344 
87 0 -126513696599062538602988755345807658237502783323419299098207384404704 
86 5 582922021056748401125243424 
86 4 7562591327771548801312012764675176518964 
86 3 -69083321528394462561148107497160071182274915332543 
86 2 -444178574291265323263367876967347245428305780723962110687409 
86 1 18293447888489093332850628267368677848431285253324225780765589248 
86 0 -398811174770611757633773475417378529945392224654707043142385311504610 
85 5 -6292687482908096750587184748 
85 4 7930959140071321505693864068938497124707 
85 3 120849881543945546054553974949024702405200360896962 
85 2 -1235901387342580212219286030502773443644541085296495386543022 
85 1 52144597693826343619766533321304359761576283853449628419849759506 
85 0 -580446677406707528811942245434359942654866549078183397183429177584604 
84 5 9510631831986333573302810451 
84 4 -5285358785099311428744373670664805466942 
84 3 362475181856727356945362757844395268676056041322340 
84 2 -1804026406367773591134461414886910388604936302793057070446967 
84 1 53494991699502465746544716044664409867235263809574109857606577244 
84 0 -354576155726002594821114097020989868005571007266244663626405567724682 
83 5 -7300783095758040870782716137 
83 4 -29872123865231413880711179000589233564679 
83 3 424483562703378682805681743672864456436368959729972 
83 2 -1369804120623968443669433715090591909964838818763319567934268 
83 1 -28358735869367067407301359732765889832495927748923463271042261668 
83 0 514145537769700033902975956190431832924403757218178346185555092549944 
82 5 -5530492007343655129087723075 
82 4 -42201214483774448236910184766807367129353 
82 3 78014633742469941786343814011526861329179228724382 
82 2 733044072424544702563211415020481816619347948666101594432790 
82 1 -200216693928559023359664200082702792203880597973333924942886317628 
82 0 1847345179380195824314375099931457198501565871555380166167628841583812 
81 5 116189040073145004623151030015 
81 4 -6202405966326480559804679097503391068647 
81 3 -633605190609259480828861639753476828502642683648173 
81 2 4347358676487875359781311473208085427295167734404837855463596 
81 1 -372598809782806330509847985128557338788920556463330086572749161908 
81 0 2836839614595277673436281105926714534648667764866051161053272920898688 
80 5 -175696575527597675273131979868 
80 4 90950286940369264551652128081126663130747 
80 3 -1228512341001480719018065351079138842608158947920853 
80 2 7887522079363644147930908027430938128023440321327663767879632 
80 1 -366298899479247783881537407863282694764511203405663428228192109004 
80 0 2262371852319575112531207901012809173903398863439577364826457997041448 
79 5 -484738005845152851616218122998 
79 4 197045202407810877674753370822760063005190 
79 3 -1013666752684352337038959377203224909338085063783900 
79 2 8469168944864367025896023972934125997153629387659845538031150 
79 1 -13009694150051557377696581768923170965919462082310217944591500972 
79 0 -730330552025687493235685954035888438677599569448873638551305860614072 
78 5 505942185808611307007899235711 
78 4 186024169465834058034253013185801221294350 
78 3 240594638625519759818352494525420024673305412486395 
78 2 3230092839327277063783867522617279397971675618133322772090495 
78 1 688193098741867088271058015033720622811266365335430865864329592206 
78 0 -5615351592500443917953311627779155623118021845457250354747005424989632 
77 5 1645546597174247815786756898114 
77 4 -88656600330263427160487029492890883646624 
77 3 1622150920655979368851059633889392130686045628423406 
77 2 -8405882334452493329690724570382638970156461269683293349445988 
77 1 1469605227118469849661154119837989402301490257917446258659376045512 
77 0 -9987684791246737551193310653564219374844466703814073514421387012197216 
76 5 2072744336195662843344696333353 
76 4 -668587596759486812654255375080384613930235 
76 3 1239836073206905109715459720482614928546232455034456 
76 2 -22729772832998925638636860504075011482699475360524412780045219 
76 1 1858935619281334774716174245253224382068498271697839980318312391750 
76 0 -10312217701742721524876758605567179665700270817229794909402714784353204 
75 5 -3059058693475129382979512837695 
75 4 -1294201842979323925144460742421884046274824 
75 3 -2111834872737818624116266812507827906299891206980472 
75 2 -31753504294010088459680428519302578646184593132295791249390450 
75 1 1416644180116750059716459882136162071317032487101017077073317001072 
75 0 -3971455600433477319134912288031810436009330406489886754214841810978280 
74 6 5662 
74 5 -20545928836160286821939464598103 
74 4 -1213686179279856543951697680965648288042991 
74 3 -6140065761685392180930171892256423767534842506297539 
74 2 -26367830392325340409267387186215247786206677097010401966581675 
74 1 15450480762743044864033300469616298110316487539421571312503291248 
74 0 8386563486382990277892970551922288385947987185382360887523836510906606 
73 6 -110649933 
73 5 -15387424885340044626081805630876 
73 4 686053141703598903465702293799452232964910 
73 3 -3000199062207122372079157072751676355699336080439843 
73 2 -1972994665296023968012050679471441788911305948472318057595008 
73 1 -2027667515080422019808106156134299683956376774910102455098242880422 
73 0 21864444647939857043409298572096414208191538349700778441551314908723812 
72 6 123604437467 
72 5 62868707307867752341017512280668 
72 4 4885841019227716104982810994493939978754880 
72 3 18816100769831238490877247841556974271835388204987264 
72 2 36278353214638234984736743913161731242669123565705930666302813 
72 1 -4066557941634499566296692557371873123070242333931068456332261930420 
72 0 28938563115298799361946688252867957630586701115811795991422219858267958 
71 6 -19466790137611 
71 5 142196012722890803936224957534208 
71 4 9303673306668891436116528123091390950830978 
71 3 65584060497522639528968373096924045897489546280509541 
71 2 72461056557180469068843492537145368363833153954903312982202654 
71 1 -5407807413574301083758389397413241610555565116940826739132088427834 
71 0 23401179320398835554442171304655023176995283440240957511638118173332192 
70 6 608925436026008 
70 5 18680354876123392591479245618982 
70 4 8012208815231356238298872390469613424854068 
70 3 122096264621126366784706820932575145665937323172263389 
70 2 85444329884980941807566294787095538177389954796701604239510001 
70 1 -5560596964463377313751247555775881892322356012584256823680725516660 
70 0 4575153108532122841743995352820563548566918521678195075860767173696624 
69 6 -6082948732737582 
69 5 -424274372182681390264083481448707 
69 4 -6083282952722295635674699760259644032229645 
69 3 133981372992322375845001975878218444169936541127067518 
69 2 59704612994723255571147803493109496999724970333532721155365530 
69 1 -4307969173182202069224931254608398202430741807397749445722933382666 
69 0 -20941731757151568967463527445268362129067001947620580380846914885183584 
68 6 34186587781463326 
68 5 -803390526773046666854848233452815 
68 4 -32647666496881953649864957936700678291829983 
68 3 3686193469174573281658137755222217182062458220967174 
68 2 -3909810063636000994140153793477760271020648987981213786311366 
68 1 -1633403505657373543666857576760764305128060189160312509037846045856 
68 0 -41634275550494052780510046102023765934905066434137276100180936115020472 
67 6 -125649157014011656 
67 5 -16583253983032492568968115274203 
67 4 -54077292237414301759876170837140527779137071 
67 3 -377267058897153435132154684166878264965878806257177880 
67 2 -84199119478931740510963578815930399348149610646955021613782960 
67 1 2324534770588956478958972520589906767243352883347371631506802642128 
67 0 -46726313132619526698002975557413145044344364074131154028845780714854512 
66 6 296016542508807155 
66 5 2428442845727753187027318175035290 
66 4 -37131792445712874616335571354484039286812335 
66 3 -1041170482961971917421993856029701285595358244985303798 
66 2 -146441643136525256630784322139564299046241322148567220324189087 
66 1 7161661340191568594442147481681568885675110900261476186553266579438 
66 0 -32107565209062134842337596818463132671855219324537346668452956524451692 
65 6 -396727963731887563 
65 5 3932132276260512446516034065485164 
65 4 42624114546447454497353191391574249193330532 
65 3 -1810682540788833912765746846064019899271967079371199948 
65 2 -158142148805118611090488207210904002029305469831887295763141964 
65 1 12015249213383821649182518071225468171559945575894417525054853896250 
65 0 -3039845279851316405510341718494942517898154896652147373756981960285736 
64 6 -195696857634788907 
64 5 -304764313138137438368637129223942 
64 4 161242264816086166450453781408964628243440048 
64 3 -2179560551367869296958998247054639519507593461636231061 
64 2 -106060609762836956599964843725779186863310445586274655443414753 
64 1 15533203122084719736254199034981574351776878474165962128716744644304 
64 0 28105415520045592808554893578207459010996455242760669013154009405769652 
63 6 3645587345258594938 
63 5 -10429103271284069829821442902865488 
63 4 226823368075122242579614648414384858636133625 
63 3 -1323295938539238851243936761061625336399870160613306480 
63 2 -5090663878171948421812292097993923440811990922533986964397648 
63 1 16209432775238943429582866325806443610295246623983522194237688830346 
63 0 47925711527630499943586171960962686194028071914111864228885699538559552 
62 6 -9952335822331235834 
62 5 -15673635404913290506048509794792658 
62 4 121882966914688780461188829298114701565903863 
62 3 1634178690528907997947876534634768694431249572661591100 
62 2 106670324154939511524002632715763621683699951743295139490116006 
62 1 13033583304264795604621760184511676182947651332235191312651173364346 
62 0 48515169523757273404890894328994051293756318645240468330282321485197700 
61 6 5820424593504274286 
61 5 -415064214520207164827451416031848 
61 4 -190135178578466088643478679767258324799169608 
61 3 7057368239111438797825117641007196209760568038993602225 
61 2 184873378202078829857341888780587307153551424371079544012286660 
61 1 6122847347217947022112294881917939182803763865923936381049154339006 
61 0 30922705942242214067683620623714535889130256910211407817046755284887576 
60 6 9280435406869161913 
60 5 34397152096239408592720435427354355 
60 4 -564446799069131967243961205894605109248371208 
60 3 14090276602874294788448626363558933686609857011816063046 
60 2 199367242181119685937329570154437864177076796571827025871236923 
60 1 -3070313001699555931071611307456348067858553737020427281630618613072 
60 0 3933040080450472390194023866706715820366267688148204534641853401731428 
59 6 -38515708559977516346 
59 5 54133021218851986695977645800640226 
59 4 -693101885630357041900821349425966526059430579 
59 3 20173139310743178069857622941457636582597635570168920192 
59 2 147662757653137790563394759073784013235408739083250789136407316 
59 1 -12169569127761773409954220655454659071510687835997157270679542543018 
59 0 -20759506351487837043713405343714676597173377079605064433613165635544304 
58 6 211889928825268864024 
58 5 11975448969319362489764964171391671 
58 4 -299161916846082819891910235410330857250501691 
58 3 21255254325399188882749695187956551047811980931876457056 
58 2 54882601279793452592430362395218612659527695062345881995295115 
58 1 -18742330527621839558146720523948468443003209097425517994480457294580 
58 0 -34121293557506388220237776374582781417127020827571023722054331950956024 
57 6 -119106615481369735388 
57 5 -88474584224238644893856012827690843 
57 4 583995020153001147689395873434375009644907040 
57 3 13002545056722468437258169921826265045889496219200872036 
57 2 -38965383409426554895962627861313515323001343263632405267084996 
57 1 -21199310829677579817991134676955484220746697134211698300251365751218 
57 0 -33245838166593978747674888113523272585290331168709051936365579480512448 
56 6 -1430899747425341113856 
56 5 -154480138215022067521928772233185245 
56 4 1473427825307141882368336610123681553458187848 
56 3 -7167718941542555588655382613131667443908731654436881324 
56 2 -97171577629408527102081402104019814846067434513417867771748823 
56 1 -19301046840957742815323725008367858645389810305798040372984505621646 
56 0 -21413707252579859438971102005445812010632436775918735713645840562450112 
55 6 1756977320381602638622 
55 5 -68117040238488334284343844930696464 
55 4 1640412990831878563471693539194480163169997760 
55 3 -37972011545533219478075420815125582794156534288012538788 
55 2 -100819715966034210921356553997596477252189678134434485704521920 
55 1 -14083149379369297824727053354171589716810069615627686260372637513910 
55 0 -5394983253311559262512791113239591599817401089275201070626356830340688 
54 6 9038488764758229293644 
54 5 169433227420177061418475877949821994 
54 4 638392972376473852865303568211149013501749729 
54 3 -73166625172635356345290370160918530046993304853949255633 
54 2 -53508915647509070177802279111787871148568680233327077777529361 
54 1 -7316819186991816357324038491453146799060192435458087394291756013512 
54 0 8141989996602243281005576729386339791561986626829218471204343286764817 
53 6 -20628105301534171647926 
53 5 363466943725206842467144164690076529 
53 4 -1144900388296764689004945323012696093680862966 
53 3 -102396071837435760550647844104780752646572687589093696272 
53 2 24102867280113352105859149406486935819473392387140678355357171 
53 1 -812266401292278552397585972258558502846155927833013601631168575914 
53 0 15263198344231458030238388117742565539094290251569546746685517102037342 
52 6 -74224737210796251183709 
52 5 255448182384627929533722562400162894 
52 4 -2299499718213273774462860096169674914520343593 
52 3 -114138457796769376646593709228891995642954553796872261953 
52 2 105489974125966118581938653940277632799256762418215032372209375 
52 1 4127681572511321170718657349881882593407295910402342722070022284022 
52 0 15525307850169337286502201053471301997453324348471139062775785005225561 
51 6 186209109699254475622188 
51 5 -207652519232465916640107391766083210 
51 4 -694794557187032933564049291459964752714201330 
51 3 -99858014719780951827019394664931895739459322106915240477 
51 2 169079162830055302592069915963306856606468278033286137665640808 
51 1 6940095951979238005666529360180082458544603478365791026462875325429 
51 0 11069345048785534660670220839062692674243806902458487088665114830014140 
50 6 632095839735799246064922 
50 5 -720557130731761672814050812052726270 
50 4 6103618577087336771861222005667511546926664995 
50 3 -57701260772812374509881661434574266995595457347188044111 
50 2 204263367850301484559835832562863366560928566104840242004995004 
50 1 7731776481024907569651256355112656610089640403526933758644401883822 
50 0 4960980418766108298100071826144582433172677609591917634489490991337352 
49 6 -952178747988251914034865 
49 5 -788706905240171033198799328268759338 
49 4 21042388118905393056278014594722823255640703780 
49 3 5950344692532423895166375379646897725317564321954077175 
49 2 211515084133466123143310680330832470920104829084471402477939483 
49 1 7030559670782844372631193074924532696051144831922685697448652606981 
49 0 -268755740506780896347528973274516639981604439583532215709139376268340 
48 6 -4377894672502505234775497 
48 5 -133901573037580275677964014761729298 
48 4 49004548265104523324713437039587156785230600518 
48 3 77930271831403861433542373169746565639231977325265902178 
48 2 198408555484747473485711325559858538012422576549646700749070915 
48 1 5503509286857259465625149522691407598758849270160697384531190685443 
48 0 -3345267929379137079684056098519162435807343672926732845442480903659874 
47 6 1291420021080873330886209 
47 5 996693974300609131402702124765334086 
47 4 99280664043820947770251648815529789528356567337 
47 3 142292861580643023782807767295084949643486142516810582186 
47 2 174533694061515913433791634631291465471798607035615936120089741 
47 1 3742862633748426774240454254057546474475247099256490937439443147611 
47 0 -4214166359193298262528611476023002727282466306723319623958916600016564 
46 6 20910232884506781271798646 
46 5 1893424258027200349853276857091448826 
46 4 187884005437721387329285099482798227212102754281 
46 3 185302456830308302582962344916820125828875014253444626535 
46 2 147710984946032910867623533779356850681728721495380687873834434 
46 1 2156416134628291838301388861038817590375017014132845338984466572159 
46 0 -3559266038833749997698835528060216820413873899598614329026549700400492 
45 6 15980943446795425359843501 
45 5 1790798579298468941589573510644719485 
45 4 337811483794585236781224383812238376361182397235 
45 3 199451076313873798341110697506694334556720893729634603254 
45 2 122463467759373538696812430096018286776457494064372260285606699 
45 1 949840591463742529168536767247789196250572266063360648145848872114 
45 0 -2249591941274953512053586374323767126307927022805766200555958966123240 
44 6 -57246759542641000014790185 
44 5 351867644312702406934098080959603767 
44 4 575550703654581639018128319074844437132946139802 
44 3 185070925864571613929667333571491288666540704312323137727 
44 2 100373869449736082870701581081273031061933961177901103668348160 
44 1 166097862124219208500901677036673393693870132837646215095936899997 
44 0 -961917172947286029571825379485659549580202119006720209024986309264178 
43 6 -115621193987938387658168147 
43 5 -2026822000868171135007208665198461988 
43 4 923393704848540272230030671789247315917664015299 
43 3 149216033547284538207529620653939247480051691157275105433 
43 2 81325382344066395023053467814959753024170426205524231881093752 
43 1 -253421897182962225305589422058294040529561293018817821020751651959 
43 0 -45191803182379804089405432839547614213176702053356248862391250942044 
42 6 30980179945421465386075006 
42 5 -4223973155199121939513476428127268827 
42 4 1389077152257095635881972429729289747469077541267 
42 3 102602348385847151684870175579623994588512807420204558577 
42 2 64703351520338386320228875277205506316918762240228767309765834 
42 1 -411084698439315145377482137078460898694720082861536110400073504237 
42 0 434721781778933706936724258577488889614966414721529248120802944660685 
41 6 341089424682159136282118660 
41 5 -4797179318137520717913011235545394903 
41 4 1956129656549156890121247223121445381672997414335 
41 3 56008805197181802978845442802638361554074294777256439833 
41 2 50085494641467144695384298090571342463758387194815915572532407 
41 1 -411188719336468067329621846629252023881166366829549734458158377037 
41 0 574042431670053904563809212364736201141593501436429640281300771154422 
40 6 340070840528678542966572836 
40 5 -2795591383597211017374829427531670992 
40 4 2579131626120133358319525216148658514804085652033 
40 3 17466386174385409945407067452256770597975268403961211091 
40 2 37398771248621500413368474527425397203539398352799981142625669 
40 1 -336969723658223592553366084114739110574916667982547584377874020657 
40 0 516507494077324497722818826065014484143375657840913096981935254012505 
39 6 -331506784205418106368270989 
39 5 1298380432374079075256105056021008099 
39 4 3187211664348766316112121267657464360110656144647 
39 3 -9029517483912954747287918682514828353540013732299032221 
39 2 26765216881362666757017138784107066468118047919200896629352268 
39 1 -243290119597302549915675892022843862619456891062312203130447024885 
39 0 383345028763832043673871254387572730423819733289817379766453025385200 
38 6 -1097042125364838107317878889 
38 5 5192748039716045317956314153769705828 
38 4 3696509766846849348901672265884621296589638025753 
38 3 -23283728687676090197243364810611301821451504253745461555 
38 2 18283499309943224310251849765560096391357291147283756089752029 
38 1 -159391718906196367023673453522514489483905612375412364980491985905 
38 0 248862025492531808998387226517170791322351085867343525174135793641329 
37 7 149 
37 6 -747953923506366334972702126 
37 5 5688513148505234587503079176879759740 
37 4 4028873992079505841457147454493337713103313967469 
37 3 -27677286366033151854873500160550700832227077195450880780 
37 2 11894168952833055602954889632266029634766974162532018664654963 
37 1 -96163485513081920938259645622124017237334026148752413059055797820 
37 0 145009069421974726779627532507276984445722986291214241141904391488798 
36 7 1648983 
36 6 950248731979153307928207016 
36 5 820780501539834801213974816952955554 
36 4 4131190951751416243345322926733749452224064364869 
36 3 -25660527520189077530580136840009971343886829988012288527 
36 2 7361467350974832471040566633964127151314740795471827917529010 
36 1 -53867047504166165432582952854583446493198262389683346820193348820 
36 0 76855456602416427350525558377320759283940383944671595969261976833229 
35 7 514740764 
35 6 2364368601556163620147587965 
35 5 -7958699195735221553815793248683617696 
35 4 3988917198678505698372070541265667288629589011003 
35 3 -20522479737646373478963301268595223594175368132816449459 
35 2 4333800718276329607927956318663834819697245026971356664929632 
35 1 -28152159100712986656361456088287805038951615381903442407573953211 
35 0 37320214670541738315117101085003780557626995497224437063483066831012 
34 7 26761545661 
34 6 1528249214114615324468617869 
34 5 -15308790549219364444137300188353034323 
34 4 3629184996761571454537957984623300669783460184988 
34 3 -14697674801838436179931386840990046823026552906101525561 
34 2 2427521153183601563512010686495702001051503598345799101579593 
34 1 -13766836697658366587919877991650054893784243001224758704938854638 
34 0 16666296609748555493166226734773064900407117177794470347445957294150 
33 7 413814195073 
33 6 -1332868092064752691997465471 
33 5 -14182926640940279282350563231374451435 
33 4 3112633610230425169647100992608284437134462369302 
33 3 -9593177017324833521164476139140958971670132955443804357 
33 2 1294354488171926037306298976065844780216777396488080995550807 
33 1 -6309498741511196386167697664517042938853521357360027321342126313 
33 0 6854567778134981593075341894451889777132504111699108632321212932832 
32 7 2030660679436 
32 6 -3538691353782735919935586457 
32 5 210080515062125793765738620270126815 
32 4 2517185592547968894857665135210933000644732857127 
32 3 -5758945049748818735735785798130952448826345343975193991 
32 2 657304349630125071398183760547806221566714438188226515049538 
32 1 -2711987395659776603738207173175295025555220530758279682855404321 
32 0 2595293664052309838356219334522288516795288657786290054612051703028 
31 7 -1899746195881 
31 6 -2700774464522011001977353306 
31 5 27054655546289012925270280591428049091 
31 4 1919532459991866662114342887681088634695360783245 
31 3 -3194707410322317816007338552182088711401929258759940779 
31 2 318054704348628419270719272310747682259107180711259672062383 
31 1 -1093088930453068151010278622859994000157277758515237192469754173 
31 0 902667033411451439385890112239894714725937869217539663769535218556 
30 7 -39235420673189 
30 6 604844780842310493515569263 
30 5 59474177146492395053085136716182596018 
30 4 1380132282708912578147926394811737131303403515192 
30 3 -1640754290569189563582381473858735170428861352168924493 
30 2 146688608981924425937092229115892661970984248071715075502793 
30 1 -412755789101304808073621911038423828374269761373523070755444483 
30 0 287234819554860580801628587750698704208719687192882818534193582202 
29 7 -56302612010336 
29 6 3389131383847441446222291648 
29 5 87472385057418960265620787727557894063 
29 4 935351028784757602191046454804789133239491306612 
29 3 -779908251506254289350138048474314749181641521532113216 
29 2 64491293330916406497120308809170001677072885264868409343699 
29 1 -145747376104529399074818497909651293548621110857115413857802076 
29 0 83072334475580328884245718169520259477465676637148719174095789660 
28 7 251569148870285 
28 6 3330672294132195423674288415 
28 5 102565475373339290091371089860837822328 
28 4 597275397796124434501171771961881213381965298346 
28 3 -342260224850123429648138544648162556520450005195895232 
28 2 27024780202441799172603953218031729139501143220349816097846 
28 1 -47981988627452567488332654267947322761374291735231991950406737 
28 0 21610915088003013269584243521276679598229774526280656456612988652 
27 7 706794850328331 
27 6 881489708034717105747338518 
27 5 101398790914059292819188510204910208167 
27 4 359147100051210011799467991384503626905614278776 
27 3 -137955362931048107481155354890108109660568755734424527 
27 2 10789655253212800431731507879184613260863327256376020806906 
27 1 -14659896235891571398148688585689674401773766977183603228941235 
27 0 4971415290360450144097547840836311260150253063413037958350502668 
26 7 -507157062570232 
26 6 -1616136045454098148979936572 
26 5 86488885465860146010838666765683765042 
26 4 203213521336115702062059539145351344005773725440 
26 3 -50599329985444891442633407740674659507912794523678908 
26 2 4101445014395560657371417193348721400106552221922637959011 
26 1 -4127706460462260036911639113111956267959843668919629145371393 
26 0 980536364570152176779099211604767862228168983694116216484912377 
25 7 -3524542880370223 
25 6 -2360113783649819975182786125 
25 5 64154154279355554695706674042070064760 
25 4 108101239070420710393809467336663841995002490735 
25 3 -16602494666795340012717751914710850206810319461892784 
25 2 1482909686748142319820536639822846967575107379063579046941 
25 1 -1059232574739231468423664792933006271571002239423703156177797 
25 0 154991286091589811172650009004899707065683792226413830514702582 
24 7 -1630158301855851 
24 6 -1406854327117139499134007506 
24 5 41252354972109164802253362478165452904 
24 4 54006823748122975925148897673036526024374305429 
24 3 -4707044897949022189403245864600800567083360972316773 
24 2 509291695608709260383199728525549187843588343451446456352 
24 1 -243099276429507908966187615072849699147197175239957649128789 
24 0 15740646658238368860598172714797641859800959498676726374772697 
23 7 8662479383084344 
23 6 -8494237778810537152366462 
23 5 22599349042388250163815837850212654831 
23 4 25308717213083531965954502814324913417447818906 
23 3 -1054966520011272284371746226925200888661474689114954 
23 2 165873762002865206590612667020396187788432909862830364232 
23 1 -48107144691702042688910865988325874138937016848612533875143 
23 0 -520176051761229908088252042467629202786839307445312004977528 
22 7 11321764218386975 
22 6 788641043962313690943175924 
22 5 10055281362158563647410404929038644147 
22 4 11108971783230139335923732933160018640822639780 
22 3 -124653475769406230388120826674450879713865551241338 
22 2 51132013056725666930736760880469904173903615475393991208 
22 1 -7501038889228713024210648768709146891644539734243288467065 
22 0 -711670282621995551826167409620138485969070617840791017248584 
21 7 -8249107639936834 
21 6 821209233471384568497859380 
21 5 3100482983172106859735080941971714468 
21 4 4559797638291044626990676679423463428331961446 
21 3 39164392822870926483541485518616064206881180372246 
21 2 14883946228221644973213749238267045657996178222524151534 
21 1 -620456940483963541202825204267012713389348280057935261734 
21 0 -193189201276475872555418211387639865288516663094157258344256 
20 7 -25770019463319119 
20 6 508093353592326289766065285 
20 5 62953542109397975179529518652139711 
20 4 1746900953114650043275706006111179368558218088 
20 3 36535194473874280635995312169797681301542947978250 
20 2 4080577394009087473709533710913538002304558919736239007 
20 1 124610637009697713989254393803125028910633220935930543090 
20 0 -31664125075862856959863652996812967350188219209735399926128 
19 7 -7551611887191560 
19 6 257027843547274232854272682 
19 5 -802858432833646835546851421564915234 
19 4 623319218103594211907528291855887843664915106 
19 3 17479451898679422484076935703669457717833523905568 
19 2 1050593814745909739202522378177721320139036896145933038 
19 1 79046569758069867637365175218947102737355622586331986644 
19 0 -2585049262029665359120888891045780617143060207876268363648 
18 7 25997572319172514 
18 6 186003249260858645032608059 
18 5 -755483972080586172578412672820645210 
18 4 206638845299814175769960515428876734290154340 
18 3 6532922882461197401108703111436632339117706191980 
18 2 253192685888657552907484383912193613720652143300311936 
18 1 24654253183347272863358878614264724469218768047980688936 
18 0 266095954823509192397803973291957513275116405858089556864 
17 7 26094795540289453 
17 6 209054682740537969565600932 
17 5 -479780518299450066810603038662743458 
17 4 63469644129508520904462911052829770623288908 
17 3 2081932352146507377996731535478654569102683127636 
17 2 56914448992926945742386121173670845247363568845734758 
17 1 5779375926601161900240970338838696048362735314115004656 
17 0 137656480333590518957134701906703846417290084780499599360 
16 7 -5014202784325662 
16 6 221172048533141527184601484 
16 5 -245645174909906938415481485950456474 
16 4 18005226526841255743189891880101015447345091 
16 3 583925107495244768940813952833841898385569672969 
16 2 11886469018852828358958145665197368448917101978767269 
16 1 1093687021835145075122985450701582898981979653844050168 
16 0 25178415974915455858142629461617983559092899809624025600 
15 7 -22476498192307921 
15 6 187488220430006661994126834 
15 5 -106864387938354739129217892284661631 
15 4 4700468577128190084799565220688159775422300 
15 3 146103407514017630933647812085087592343654038097 
15 2 2296611108458924792560524715215623343069134280812432 
15 1 166958421660782579753820336337542788749880476072007232 
15 0 2183469129744674713491587678768511848220664434861312000 
14 7 -11046506205735948 
14 6 127871843912566835437912668 
14 5 -40340190604426587313012466660104777 
14 4 1124599610749429055769358818658548723034865 
14 3 32794936525965842814597655759528328964018661481 
14 2 408599807643790989531265538115309839399967920034318 
14 1 19302482574247993989132610785705923153038807102147200 
14 0 -121982597519091326047154292330293018611137565344000000 
13 7 4854795874445614 
13 6 71749714036646417718785180 
13 5 -13330639336770548286995521756414406 
13 4 245416280322929714529692424986322579602246 
13 3 6612552888859268712760573347613849920188294328 
13 2 66598295599920778211957224937097911098649975553372 
13 1 1268462104298219364631476039804421956073395259008000 
13 0 -70662481959350886829999474547300956484962880102400000 
12 7 7456107159252063 
12 6 33668484633994572330409223 
12 5 -3866835117831224569609593058718240 
12 4 48581130124878314835297747154048106506135 
12 3 1195995424164652534425339527586490861349243814 
12 2 9888723506110920756384604552519287039307821757118 
12 1 -85294376711912432825467435238667876106200570960000 
12 0 -10669163466269441967732132394025197722818943936000000 
11 7 2400496796302939 
11 6 13336230642846713596040486 
11 5 -983587321098683283043393245671131 
11 4 8667716845538250663535837517202219381148 
11 3 193362189301506870028629730660351322046393447 
11 2 1329327272465682373523391933611078903000394235080 
11 1 -43292066261852579071784743407568119982612706880000 
11 0 -561198961585565762684529810128841126121167360000000 
10 7 -825573929645606 
10 6 4475871738884292455586042 
10 5 -218564360626543440261018826368944 
10 4 1383363576054563558506864220151906288968 
10 3 27796439260785374685390129137447591928005219 
10 2 160670698261380149370496806553733413658165556600 
10 1 -7956063611181589981774802729377574419250241600000 
10 0 88572802919642878188112521560382423814156800000000 
9 7 -919769455314374 
9 6 1271979617315120515286703 
9 5 -42164237185567551645955866408081 
9 4 195730868024911114938354399586394190338 
9 3 3527627737840749204921813459265482458861566 
9 2 17325206748643983352970567564267469575722260000 
9 1 -971578247910561642614646854431710287137728000000 
9 0 22293680103170952768108689679229769164800000000000 
8 7 -268428630032303 
8 6 304724470405978892141549 
8 5 -6999952181357676212163943518869 
8 4 24286129150466845057843095514308094235 
8 3 391618441150623212751954526097405154255070 
8 2 1651939872774694402570579141265004813584730000 
8 1 -80419620279103451119976179192556179649760000000 
8 0 1966259750633673257229815294906535164160000000000 
7 7 8085643649836 
7 6 61031741136614589822091 
7 5 -988402982222439032644742764983 
7 4 2607540619401861269216792510892291468 
7 3 37588172037681122386249674438510832926300 
7 2 137829530890775935630438118010640797372000000 
7 1 -3264797785757665365470678826299159260800000000 
7 0 -15891660644007642287580108009153561600000000000 
6 7 27386655604005 
6 6 10088999148823446797483 
6 5 -116872825574874425696274098995 
6 4 238214801759780599174488590965835046 
6 3 3072743913682484239396662090422183412000 
6 2 9934674340375435977136210959382941324000000 
6 1 221557998927507561125804764790962992000000000 
6 0 -23763570908192801373778656922763136000000000000 
5 7 7984110528282 
5 6 1350671732498368723091 
5 5 -11334177014367916342385558914 
5 4 18116660213838283904291125980220530 
5 3 209757417742904288756018975826229620000 
5 2 608388087885313720360697680813711920000000 
5 1 55871839419466755781417890179911680000000000 
5 0 -2575029827962217937068768426296320000000000000 
4 7 952175498016 
4 6 142396525921030378837 
4 5 -875921657442951350542275280 
4 4 1113552338750063087876986270779750 
4 3 11638552073873379233376565936199925000 
4 2 30921127561245631215855360632836500000000 
4 1 5745241702522969799239291764009600000000000 
4 0 -75246996758995612251455904864000000000000000 
3 7 2723764104 
3 6 11330369120695944948 
3 5 -51732117257488110659617100 
3 4 53020030331885087252041749215000 
3 3 504695498431784269805228433253500000 
3 2 1258506281318995478677995395604000000000 
3 1 380998664713386115213517489952000000000000 
3 0 10631482693662751195628719872000000000000000 
2 7 -11572329956 
2 6 635508004294861320 
2 5 -2185656573653263049244500 
2 4 1829993410601893981028555878125 
2 3 16068128731483256899329831052500000 
2 2 38632423736963557830182427180000000000 
2 1 16956195171555756359771019360000000000000 
2 0 1388995547696924745231118080000000000000000 
1 7 -1135040280 
1 6 22206534933641850 
1 5 -58595390497614432165000 
1 4 40616594045078603001101643750 
1 3 334646644510651001412846600000000 
1 2 797686994932526053953972000000000000 
1 1 470379426970274192193292800000000000000 
1 0 70772634970583920037452800000000000000000 
0 8 1 
0 7 -35684000 
0 6 360132860774750 
0 5 -745558323077957500000 
0 4 433797036500264011059390625 
0 3 3427306532194271013508500000000 
0 2 8323464383077620313782000000000000 
0 1 6256969540498913002272000000000000000 
0 0 1454402692371004554816000000000000000000 
