18 0 1 
17 1 -1 
17 0 708 
16 1 34 
16 0 172074 
15 1 -425 
15 0 15506924 
14 1 2108 
14 0 290374263 
13 1 -102 
13 0 2507390928 
12 1 -30532 
12 0 12429105756 
11 1 39542 
11 0 39701016504 
10 1 197744 
10 0 88290364671 
9 1 -154615 
9 0 142507519556 
8 1 -760818 
8 0 170696098218 
7 1 -337331 
7 0 152714291676 
6 1 885700 
6 0 101630934505 
5 1 1364046 
5 0 49581631656 
4 1 704684 
4 0 17380288368 
3 1 20502 
3 0 4252352256 
2 1 -118728 
2 0 690571008 
1 1 -38880 
1 0 67184640 
0 2 1 
0 1 -3456 
0 0 2985984 
