42 0 1 
41 1 -1 
41 0 702 
40 1 41 
40 0 167157 
39 1 -738 
39 0 14159268 
38 1 7544 
38 0 158302230 
37 1 -46617 
37 0 324869568 
36 1 162483 
36 0 -2113187232 
35 1 -163057 
35 0 -6474450876 
34 1 -1099661 
34 0 10290340761 
33 1 4706595 
33 0 39879917310 
32 1 -3613289 
32 0 10234314999 
31 1 -20512341 
31 0 -179176965408 
30 1 49355103 
30 0 -149586835441 
29 1 24135265 
29 0 351772718646 
28 1 -193718727 
28 0 729792128205 
27 1 61715127 
27 0 -365820593500 
26 1 462271351 
26 0 -1675865191611 
25 1 -261059095 
25 0 -318571456074 
24 1 -879637411 
24 0 2459875989719 
23 1 421357697 
23 0 1570869988560 
22 1 1503727029 
22 0 -2389662727857 
21 1 -282422801 
21 0 -2310141284498 
20 1 -2179745361 
20 0 1663354268505 
19 1 -343522723 
19 0 1706279485620 
18 1 2400692229 
18 0 -1101443092880 
17 1 1270633050 
17 0 -504140661864 
16 1 -1772593672 
16 0 949791180222 
15 1 -1832223375 
15 0 -135260947828 
14 1 605560447 
14 0 -721915512507 
13 1 1542677562 
13 0 153325459350 
12 1 271341362 
12 0 299715604905 
11 1 -745775322 
11 0 -86456318208 
10 1 -436080674 
10 0 -30294214152 
9 1 147139488 
9 0 72625879392 
8 1 217030548 
8 0 -8791124880 
7 1 31732934 
7 0 -34324187136 
6 1 -46140990 
6 0 -2368044544 
5 1 -20985112 
5 0 2823528960 
4 1 1742664 
4 0 -1324857600 
3 1 2966432 
3 0 587776000 
2 1 465760 
2 0 1416960000 
1 1 -67200 
1 0 537600000 
0 2 1 
0 1 -16000 
0 0 64000000 
