68 0 1 
67 3 -1 
67 2 2231 
67 1 -1068471 
67 0 36709032 
66 3 402 
66 2 2635581211 
66 1 8876612921742 
66 0 449190436271508 
65 3 -75375 
65 2 13670011298192 
65 1 -759465101207465424 
65 0 1832273822544163195144 
64 3 8766950 
64 2 8645793795487571 
64 1 1355832045105985567786 
64 0 912270815486944265224866 
63 3 -709807179 
63 2 1230845400197296388 
63 1 -344391887742230540141232 
63 0 109282140720512057122802376 
62 3 42562618320 
62 2 27434664856779244430 
62 1 26994859095591716050353175 
62 0 -4788855464081282054578285276 
61 3 -1963988405930 
61 2 -1268826379283454358403 
61 1 -1106107941051958381597678092 
61 0 -575159256354713403118707696744 
60 3 71548440116238 
60 2 -2388377673263517062963 
60 1 28808861518144799782611057874 
60 0 60531270664136487528569758728783 
59 3 -2095256058452187 
59 2 531505586425273799968819 
59 1 -524934185276092048343453337027 
59 0 -2879800426956274454066362047546816 
58 3 49968197552597718 
58 2 -7875450376270496682132334 
58 1 7038252273732068418235964582520 
58 0 90563390732598714105618991825014024 
57 3 -979545789914226951 
57 2 26196666910568743288097622 
57 1 -70944315907944162416944549948752 
57 0 -2122729186559723900160485196937399920 
56 3 15884429504367007752 
56 2 609808677419046167462580043 
56 1 533622509772801327772009291020494 
56 0 39398130648444827580548694707521447132 
55 3 -213792292106988272557 
55 2 -9918581323876862181448530021 
55 1 -2828103108080715051992006577767876 
55 0 -600885608336960874017852894670294682992 
54 3 2387890454497607168712 
54 2 69120347711215112153851898702 
54 1 8473977611647868136177310909455821 
54 0 7723558787002852049233670066240079681576 
53 3 -22015894704190155689637 
53 2 -176642105404943508814374544983 
53 1 2557299044470412644789126277518392 
53 0 -85223761546435891024926086920960640529232 
52 3 165154307310116697137068 
52 2 -1170480958509038570586608125184 
52 1 -29212957011845339093818643135155048 
52 0 818733844150330914271218918250829744068527 
51 3 -973682808671739803792637 
51 2 14294828771175814962074912978242 
51 1 -2696636986962065169497834132503115489 
51 0 -6924701110262380203635071757931175117856472 
50 3 4096862820950180246833992 
50 2 -64661639021321989976212134153785 
50 1 46431893848409763292157913191749170350 
50 0 52030037477993513564763510951004643124170756 
49 3 -7602247046474355144377092 
49 2 54779999096130994313380889480300 
49 1 -453203314234909580541514303783457305008 
49 0 -349893813200430298051236027196963968964794072 
48 3 -50670007458216323637047388 
48 2 1192210428737015298500395356413769 
48 1 3204673847902730185795670645606365673580 
48 0 2119118760587698635219690024020178564145688610 
47 3 605921006272107601128311649 
47 2 -9077802848536308854764215764438764 
47 1 -17515409748303423443105888712680919428576 
47 0 -11619930671541975289733201067385814329677917400 
46 3 -3423740460526592820451622660 
46 2 38358532493452368375808716773669862 
46 1 73706100244029723818124127964478574022993 
46 0 57947908334068441551594406070001550229584804980 
45 3 11758666750169497446622019295 
45 2 -122573320353842583865572404695584567 
45 1 -214589048671745230172803077887962227205516 
45 0 -263838819587213846992903697201919501794677624008 
44 4 938 
44 3 -14618712836365784404194451960 
44 2 452219303844681459977758131656848024 
44 1 163764714867458049005408737033497485170786 
44 0 1100414038061553566670619702623238220170058593761 
43 4 394295 
43 3 -105850841170154535581924264095 
43 2 -2632093849706320692035022586866245061 
43 1 2941003941690926842092186605820102040849263 
43 0 -4216419592084219948716491981681364515815956877968 
42 4 20338989 
42 3 851705194342441530655052221476 
42 2 16791665846384582396227158742387347694 
42 1 -25241849527572530133640179005689570244869180 
42 0 14879453254827754618712931891271756242501910985568 
41 4 -345762880 
41 3 -3342468667243749251740418979893 
41 2 -91376735577223345260569588729397559618 
41 1 136401711407840566813930110196067707282373888 
41 0 -48464523399004947244822001892515902386111651559744 
40 4 -3602772910 
40 3 7254615266063931350024460301495 
40 2 415370132733693445056864020302920959797 
40 1 -586011628237874715795319517138818846451957122 
40 0 145970068182168351205719842903711490125251100886144 
39 4 104933279852 
39 3 996119612825495312488842567879 
39 2 -1627326663982878652642709931046987840537 
39 1 2140482947977590463557565112027076461671021044 
39 0 -407193172897703300694374776575512501226031050820608 
38 4 -268228997290 
38 3 -80135227248260057142118853125567 
38 2 5684715526769969851566026780982257946238 
38 1 -6845310054412872250566930689341241694462064725 
38 0 1053475026248412929193659805500988806182583148101696 
37 4 -21169863450534 
37 3 365330086617773962171299151610376 
37 2 -18190962117920916698783081054446525130457 
37 1 19468088700070662352471863546441690606593553216 
37 0 -2530643936707035877175470399654367458680855803119104 
36 4 578012769350387 
36 3 -947858485589557287869628393515319 
36 2 54229605838996136789392808895163934412103 
36 1 -49689389897303133501769187608259355521439824172 
36 0 5649761659726293303299356922241085175617448093395968 
35 4 -11064754726294054 
35 3 1214729456637835367511062407223631 
35 2 -151552907446569402282880223954520402920295 
35 1 114444583366591576142383297374777635729561981836 
35 0 -11731407439556119646912645187044730417311436486127616 
34 4 180733870630109270 
34 3 1732888665013815282096641997119377 
34 2 396339442247752112779902236226760248647168 
34 1 -238592757503541696044154921081595305700091338392 
34 0 22669600461722762554149846089199937404905758657609728 
33 4 -2545530195367789541 
33 3 -14700676950218880645636894591199479 
33 2 -964610739590659360319528196910203335707072 
33 1 450791232894246562247893892553020347705149840816 
33 0 -40784221892750745036885954831152045988847489881047040 
32 4 30753447866716276491 
32 3 45671653414195671247182778849091924 
32 2 2172644292817304416476713942647474222765314 
32 1 -771450060684718502168466129906206460181112877826 
32 0 68329240085260472564199893545544845661178248271278080 
31 4 -319288572941747641942 
31 3 -88443299823669953608520246036563970 
31 2 -4511517359886806020439107089707050755627030 
31 1 1192687820873962198766707251992853290179336257472 
31 0 -106618161582426573780369038161724309405954394077134848 
30 4 2863820455278237811293 
30 3 90158929704463231566158839439172523 
30 2 8622682505224288961833617336597505851385740 
30 1 -1656794973766446510831531215811272273648400866624 
30 0 154932895022892790653839695909029068329735106332459008 
29 4 -22316763978768964623009 
29 3 80300193630351360201939928958516620 
29 2 -15171065589490068334530890762174188074619070 
29 1 2046993331475920712053807518958270813771452687936 
29 0 -209630909981246385403277932281073326669840143550775296 
28 4 151863534697512619382271 
28 3 -607905455215753209553404203362784020 
28 2 24605046873574058374167756926718822805147547 
28 1 -2205935939857789758170712543557700150220262271360 
28 0 264004114280244474509463940061949054070306702899019776 
27 4 -906488651081059100094106 
27 3 1583873777534170605822516455843821088 
27 2 -36854147655928486226826997991470961244983648 
27 1 1987463939046671980404762178145880076105725734912 
27 0 -309304152450048594916404981408909827378704645147852800 
26 4 4765168276470031591870422 
26 3 -2742809520268216089610357366127861283 
26 2 51075503648746741938588107291307054886651790 
26 1 -1326646609931844662023486640325192771418333282176 
26 0 336888006250853944448391936723028300999602753730510848 
25 4 -22136865692622071069653117 
25 3 3260741388545318235016659962142733655 
25 2 -65582747787331403193184649800351788029415168 
25 1 293654547349611148523703008249809427344560933888 
25 0 -340832306692359092071260510422927759140133718076686336 
24 4 91158166179038986324352291 
24 3 -1916579110029695281800066004392876141 
24 2 78057449625626290084447905899136321486824186 
24 1 904888915797643839639117281228563811400536340480 
24 0 319965378022407331936571607875720045288888205374914560 
23 4 -333613786679914984145297683 
23 3 -2217288482684083886977784157027839738 
23 2 -86058332472529075011974472239400608481003892 
23 1 -1989802826224066607033567076162634504779418112000 
23 0 -278380535617924423404956303419135623644502679078567936 
22 5 67 
22 4 1087421081836472241032413109 
22 3 8845056699886530356775548440011499166 
22 2 87722632355495872362342107977462553920450980 
22 1 2713236464370210948648644978916075539062825033728 
22 0 224141579095147239954767044707974315795792548432183296 
21 5 2077 
21 4 -3162295758361381065184883469 
21 3 -16010032873178028231535072277773085116 
21 2 -82427810916617270755883678806372012475284712 
21 1 -2950643410485204015039161927966800298563839328256 
21 0 -166734566922302528168854340290398562578146044718088192 
20 5 200866 
20 4 8215088501813706747254363603 
20 3 20773649125023526282284368170294649685 
20 2 71117467753162974932428731312899793159326689 
20 1 2734275981443702894796976967177496993329710235648 
20 0 114368538965663152742006335226424465198466201768951808 
19 5 -2674506 
19 4 -19080375818627220275424466939 
19 3 -20828644031628817317115644569664054287 
19 2 -56078354347892122427458906518008149334932400 
19 1 -2216504590566318026200594987963088564053480046592 
19 0 -72176282015001008853727701160513008825165433458917376 
18 5 -36286597 
18 4 39635758693820593839014295755 
18 3 15971802143952243971739471769566756690 
18 2 40202390580957179199064891528494503086349664 
18 1 1590917047650771425897528509912272020094205296640 
18 0 41799527465501515934223418043404167087478415850209280 
17 5 1078360645 
17 4 -73631898621725575075924901454 
17 3 -8290352392351020195728507883798126889 
17 2 -26052165019011316250859866155027486248269248 
17 1 -1016737360912364832206407314439328637601022214144 
17 0 -22148697715792702748315000090638741752866382005927936 
16 5 -11120986424 
16 4 122252021845348621887325192929 
16 3 881613787994116709321712142822966260 
16 2 15164873099854462662171333285599920234708992 
16 1 579742845405908228202464454009420330588163801088 
16 0 10701264592756199022754855987722206361843016170209280 
15 5 63299303307 
15 4 -181197214442117018999952590571 
15 3 3913764031629354976374555686633061956 
15 2 -7874760924327701890763817526603657158377472 
15 1 -294869948632448326126351589870934302199549788160 
15 0 -4695724548862019164752567275626829559483754874929152 
14 5 -190255608114 
14 4 239322194994436766231656278782 
14 3 -5504763249923046273847534581528407938 
14 2 3620124570115104658967786708341322253938688 
14 1 133534281097160138423446813399137115390550736896 
14 0 1862649023206771829566830554100545939914266190544896 
13 5 -25176057350 
13 4 -280984933872504846467384983852 
13 3 4789799194878094547370521306856642992 
13 2 -1460970861023299178376589372808942750793728 
13 1 -53673129179895112114581001434991355637392211968 
13 0 -664267656460803892097265627117267447849064467529728 
12 5 3336826200375 
12 4 292307202564923360982812749636 
12 3 -3166938564352939832308511587247000224 
12 2 512974905291136532989309145262040935170048 
12 1 19066375465760913178463311896223929574363234304 
12 0 211598579265435073099848458071568722773316812668928 
11 5 -18904185088415 
11 4 -268306689296278943239759666848 
11 3 1674925375784196052788881111416075392 
11 2 -155389729446518664799894138997661616046080 
11 1 -5954227261078581450224710786785851938615328768 
11 0 -59736283269849816102564209700146957684011129896960 
10 5 65425493521837 
10 4 216142849204220274292740064874 
10 3 -716613045706464332900923984736374784 
10 2 40425254802494522557730036879777519894528 
10 1 1624481490796559061517015879990574116056858624 
10 0 14803383408597789556461798768319100542881833680896 
9 5 -163806106164529 
9 4 -151784694531646670728471571020 
9 3 245507113023272288517916759972722688 
9 2 -9105816777374054870624942001531710865408 
9 1 -384453395472061244331931039308524385812348928 
9 0 -3181987382922891744217418039301412918043011448832 
8 5 312826660014293 
8 4 92119720355104538558938145761 
8 3 -65039487528584549735797533785063424 
8 2 1843908655610485114498822046649818284032 
8 1 78300757456097923261690934465106034494013440 
8 0 584294488346766112011926633263010593765419122688 
7 5 -464777838998875 
7 4 -47786822053732396108081895616 
7 3 12145244311007812274690144587874304 
7 2 -362001479097999363547230902426032668672 
7 1 -13602693587105032129888626972569329855365120 
7 0 -89833313793189670108326695578204853714804539392 
6 5 539378532637219 
6 4 20883866345734863475762729024 
6 3 -1077104610637106507171187998588928 
6 2 72964986985630986373831388159425904640 
6 1 1994287065269108023534092029881457024434176 
6 0 11249298038647985257497830574452586706416697344 
5 5 -485480610058468 
5 4 -7541059390854750325691863040 
5 3 -192590514709288230436206232469504 
5 2 -14322173101696965780216059632445030400 
5 1 -243011916203250529235873475240234999349248 
5 0 -1102117110024584685577373688186376696060968960 
4 5 332790067114494 
4 4 2189969654336137841079660544 
4 3 98850604268449032615850886037504 
4 2 2404096636498130396094781520590405632 
4 1 23956882162045524511349394084838451970048 
4 0 79249377333840548889166074680193603587801088 
3 5 -168072118192768 
3 4 -491559466491633691275821056 
3 3 -20629721526180028318146518581248 
3 2 -305346868185685386412130941752311808 
3 1 -1810040414891630639816269270580478345216 
3 0 -3720324066346057532768152446556648947843072 
2 5 58988706779264 
2 4 80033867318446139286224896 
2 3 2587923969327727706537705078784 
2 2 26251652028767358287478450536054784 
2 1 93356793914050240115188243628065554432 
2 0 85580582365299454419970569937782017359872 
1 5 -12852024199168 
1 4 -8410414048803188392329216 
1 3 -193052706750796804858325237760 
1 2 -1311007985337208412477343431393280 
1 1 -2445307866000113665649106058267852800 
0 6 1 
0 5 1308807659520 
0 4 428244382823061242511360 
0 3 6817910345128931730495897600 
0 2 27136317760122000018300626534400 
