72 0 1 
71 1 -1 
71 0 672 
70 1 71 
70 0 146544 
69 1 -2414 
69 0 9453224 
68 1 52327 
68 0 -195145488 
67 1 -812240 
67 0 1154633808 
66 1 9613968 
66 0 2016182740 
65 1 -90223321 
65 0 -64615475520 
64 1 689157169 
64 0 372772864272 
63 1 -4364552115 
63 0 -680496716232 
62 1 23228729413 
62 0 -4040898108912 
61 1 -104923131180 
61 0 37520669623056 
60 1 405138280373 
60 0 -157828918741790 
59 1 -1343947848527 
59 0 379438834630944 
58 1 3841191816845 
58 0 -97196555270064 
57 1 -9464634765852 
57 0 -4233341530344968 
56 1 20052219750661 
56 0 26278009709048784 
55 1 -36239054778472 
55 0 -108418360577806416 
54 1 54817285755105 
54 0 363382281747590532 
53 1 -66216047255551 
53 0 -1056156806226767616 
52 1 54867900326127 
52 0 2746408202174704944 
51 1 -5131997859077 
51 0 -6506129954096073688 
50 1 -87504290135653 
50 0 14205985934662230576 
49 1 205131886553392 
49 0 -28822402552902784656 
48 1 -304702155703516 
48 0 54660580234487528975 
47 1 330646545417814 
47 0 -97334734721547697344 
46 1 -241209603962570 
46 0 163327790559622140768 
45 1 36287337331916 
45 0 -259004491526890297072 
44 1 230395084854230 
44 0 389095218788096772192 
43 1 -466024421705696 
43 0 -554882932337318074080 
42 1 576967281819172 
42 0 752540425877152237736 
41 1 -512373447321402 
41 0 -972176868835610974080 
40 1 289840331821002 
40 0 1198079244094057085856 
39 1 11142427766850 
39 0 -1410362409151678838352 
38 1 -284518400252142 
38 0 1587842366838850954656 
37 1 443144048889720 
37 0 -1711554138350824276320 
36 1 -451855980915164 
36 0 1768093521525038463196 
35 1 334009986053250 
35 0 -1751967896350903377600 
34 1 -152367877270246 
34 0 1666399326950104132512 
33 1 -22513210292184 
33 0 -1522442942001193667472 
32 1 140033523896938 
32 0 1336721136236199500448 
31 1 -182582147217312 
31 0 -1128391197212919010464 
30 1 162234735929274 
30 0 916076411721629392040 
29 1 -107139839089502 
29 0 -715391843121918441216 
28 1 46332664858222 
28 0 537448420178702780256 
27 1 468390635342 
27 0 -388421399080420011568 
26 1 -25902000374138 
26 0 270015134371803840864 
25 1 32365758791872 
25 0 -180504290924833602336 
24 1 -27006964902986 
24 0 115996864230436540207 
23 1 17218530732347 
23 0 -71623483758003158496 
22 1 -8102336330029 
22 0 42466766172068073264 
21 1 1930304898882 
21 0 -24160165953259212088 
20 1 1147488305875 
20 0 13176871458011495856 
19 1 -2020891913264 
19 0 -6882017051559555696 
18 1 1753961304140 
18 0 3437592214730770820 
17 1 -1136695427037 
17 0 -1639736717449314624 
16 1 585283867605 
16 0 745601283321238608 
15 1 -230566737711 
15 0 -322513436613142632 
14 1 53385529273 
14 0 132382117875542352 
13 1 11859874932 
13 0 -51414163679087280 
12 1 -23635982289 
12 0 18827356795715170 
11 1 17516526653 
11 0 -6473080278575712 
10 1 -9450153463 
10 0 2078741713546512 
9 1 4089818964 
9 0 -619524591141096 
8 1 -1441975423 
8 0 169957787097744 
7 1 399596520 
7 0 -42467734364688 
6 1 -75190491 
6 0 9529438722516 
5 1 2486349 
5 0 -1883133204480 
4 1 4854483 
4 0 318580095600 
3 1 -2263977 
3 0 -44150427000 
2 1 603855 
2 0 4658310000 
1 1 -97200 
1 0 -328050000 
0 2 1 
0 1 6750 
0 0 11390625 
