140 0 1 
139 4 -1 
139 3 2975 
139 2 -2531450 
139 1 560377626 
139 0 -8470876424 
138 4 556 
138 3 83661039637 
138 2 1432150624077065 
138 1 1189035355506631688 
138 0 23918592841976991928 
137 4 -146367 
137 3 1943173456064755 
137 2 -940407484636833219387 
137 1 12485781898191500703762220 
137 0 -22512431530200934720057469692 
136 4 24271763 
136 3 4924566523300497222 
136 2 11831425431978306892822896 
136 1 228592029165450531434707840421 
136 0 82745711171979667467660972331136 
135 4 -2845702937 
135 3 3370500957760952585553 
135 2 -16150984954338834843245361219 
135 1 210705122227465643276339567152742 
135 0 -99209697833600676718730620234119856 
134 4 250983401637 
134 3 860945442686111012990678 
134 2 4106740803981206027425593861945 
134 1 -5349508481773393499237984670310269 
134 0 36103483107373870500824472715330821106 
133 4 -17298675853797 
133 3 93537784446286598310476830 
133 2 -271510785607655001485696478408913 
133 1 640660665959063324055183979558663082 
133 0 3146533131156090419548181819319864934648 
132 4 955510820337759 
132 3 4318923705133717276172137189 
132 2 6585263386859872008249766083910825 
132 1 1304556303112196147254746044125047815 
132 0 109030922550659256097088239371471137615764 
131 4 -43037330581600374 
131 3 61184634778671118140162729744 
131 2 -64979162566960057539582497840671827 
131 1 -931827063457113284620883843079324126031 
131 0 1928420392321282907754516761747979421352052 
130 4 1599914785259204005 
130 3 -846839673132470208886571539747 
130 2 272777700503116282622684530819945410 
130 1 -11429552180300358728494556233324697823506 
130 0 15392569724901165964937317590304832188196232 
129 4 -49498770435163518589 
129 3 -20343362077660568026307352321795 
129 2 7416793737649588358250927335680969707 
129 1 55086154483583673259658461882520034743165 
129 0 -30074262566819357337824545017519542245254288 
128 4 1281268895142007190118 
128 3 104530926602136230396873355119977 
128 2 64991257117140550027238005414826864072 
128 1 1135793449502749507076992083213997524590865 
128 0 -1533093169120080357697175414661455205977999433 
127 4 -27823024509075191559221 
127 3 2512565236856989353223864730558287 
127 2 1034608413294443611500297731646576743608 
127 1 1149422475950896988677692182711856696565685 
127 0 -7533394519774700803427582707422528070436235168 
126 4 506929929760323863258435 
126 3 -10750819886694427886269420782375558 
126 2 8449528502182819921476342290485138098583 
126 1 -45654775275181305223321474641786777889769254 
126 0 46294102441946190653126921060207845376303079096 
125 4 -7728338018190459466067961 
125 3 -160701808715078207153680161441431397 
125 2 19161149920656457063138700120070003767180 
125 1 -193586475887389827870858028246743005293226336 
125 0 477290739502181655869735571113786348832584733832 
124 4 97949853882230516764754755 
124 3 700343573356034378724663466556905055 
124 2 -153348993084854838869779119458697073972831 
124 1 687686405175591313173424232425339725818532293 
124 0 -243230573454948235881160982525085003405595920002 
123 4 -1019507957632221630708794386 
123 3 6312699959121425569119594318087324645 
123 2 -1253730793630886754301068795145565921272509 
123 1 6750310904020144327200100304279539945709831156 
123 0 -13968471424341177985560759878247027049745391002720 
122 4 8519467153900158864060384585 
122 3 -28423088528754516371727992394419828381 
122 2 -1943242073322441413759076034496441649428146 
122 1 5835432847666343649320564671145437466866261213 
122 0 -22928578538858752042826482107036206898372078948676 
121 4 -54590721873971767430284039370 
121 3 -172729474882702899791573960810840631671 
121 2 17610999749337461680429848544110471062429707 
121 1 -107639815244320433740162534909599941853651302514 
121 0 239884750306706326413379095300905067129852948785672 
120 4 238302096685130420767302628226 
120 3 781973823210566608260379230867644510896 
120 2 87561407977383987580943681013587035644880543 
120 1 -415113681999471552947039960583659261137395160165 
120 0 816238936396208952468623049406329255895793421953900 
119 4 -379594442211010813880039237844 
119 3 3582261326571574776160317055190324896579 
119 2 -44111109668987482602308377647420151537492981 
119 1 540990113944109828278788502360134313658156198102 
119 0 -2369206926979238312780967767563254218372239961782200 
118 4 -3557758590511975507242546383458 
118 3 -15651090125845814843743769819350494384798 
118 2 -1250101322365853895453637309892427839012063792 
118 1 7900938699202407972362500925284627632737898346359 
118 0 -14889667462130109430542111560000981100920842061491332 
117 4 32410488261392152424488260242284 
117 3 -59450723702953424618854123509160939356321 
117 2 -1734096845937202797141111034305554724396488017 
117 1 11889741221981750894393291051342650390271486140400 
117 0 6488467129069764181190522657705004968198334073400592 
116 4 -109145757444543771410154360618864 
116 3 239274287935428062183341655893815204825263 
116 2 9753836627185618968042428345313343083293144964 
116 1 -83006840340796000595396841434054262758212635264435 
116 0 174937994953683487005692783175888365769428161880674163 
115 4 -91301986560083121438786419051327 
115 3 815677519095554784940756726736298184534644 
115 2 28074375354681412202078993088286969899688074643 
115 1 -314978669694071968631577297893531612715381345243066 
115 0 190354777412847502330010305529599470852556292406855440 
114 4 2431392184980549332213955056697008 
114 3 -2888094013429496867495252229913116301977958 
114 2 -36066340455080304800798999341136091184115638637 
114 1 446933395993208022498992029811113580322753754905877 
114 0 -1348172822780047158070287671321983853325550742869865272 
113 4 -8395053425026220518748828965574283 
113 3 -9420220465870077036118784379109485939960871 
113 2 -216777219538089199593873842057827253471982798694 
113 1 4075284552694335832193850687765599261665791776031356 
113 0 -3572159369338658181978024067651608485543555876740040988 
112 4 -7152054277137888201128803951016071 
112 3 28155348291367813296285160704243691758861991 
112 2 -123987089205734800191182070776555257833118531175 
112 1 893754341474581857296838921461123012256431919002124 
112 0 5643911737888744930373271105471370592946372642980552130 
111 4 143608981848137033467482737012107405 
111 3 92473603617262889147811116340131140609452671 
111 2 709546339898104736959739594387240678620619682730 
111 1 -36107012561837337155559539918134798088739236338305792 
111 0 34718560565505405258540028910426272669328404232929569168 
110 4 -325660587378715652384854353335479587 
110 3 -225196915277355183985233696817418496840024196 
110 2 3005595300612132971349233976919258501946616326953 
110 1 -45370217804652225299699404776911113766231110129121750 
110 0 9584740707909090323792600560686390125429479076058469834 
109 4 -901083222057321236660660333745752497 
109 3 -776428304381409305696009703873385178885661764 
109 2 4883594651743965510762155678067307603491729350132 
109 1 237440979394746643670820902575401248939789320405270624 
109 0 -217166324696663738653320252158677437416885851743593573240 
108 4 5813171278247411422060560304033321345 
108 3 1493236629723804987849090249090502223640120458 
108 2 -26273802588495613232513588778624937578995267457540 
108 1 534551734862414467304468339029657092400688017051418372 
108 0 -363633334448598551447226123616351898934804495780279554219 
107 4 -2846311706139966962897610575373995823 
107 3 5606535147912642684060164877215878970672239273 
107 2 -100115775254484814130950408611801185204753933667330 
107 1 -1169272612782136840897863829350989006334032961618198905 
107 0 802580950452294488153310849028476737828580657100482065772 
106 4 -51408152899547996241221920482552321889 
106 3 -8253141714095709898773954690819561297285163512 
106 2 159653103242471172735984056388758583684883238781045 
106 1 -4236838930932905237568040900596947951293561823817565837 
106 0 3174310034409450474562245326085841417427338940274494654808 
105 4 114334396856253359570031932369889009865 
105 3 -35021297570206368278967089063460423370982079184 
105 2 971065117775777338892299206766206794319043060542159 
105 1 3985115742202146405285684010167186462857870309016939355 
105 0 -159111751565706987575813198555725987861087439230926523308 
104 5 139 
104 4 259394750559121171266339062265091137724 
104 3 37989698999284437223891223597589984571354124883 
104 2 -751665149197374140313413148352014962818621010766662 
104 1 26151580616046696582014365123144833411044713156117986677 
104 0 -16847837642071810692785611172264441754665991768690063356763 
103 5 3733679 
103 4 -1271482214459341065757193257690620979748 
103 3 190449489125997063463637787506274093308709423340 
103 2 -7051634714426413074783975318530872461018504925581284 
103 1 -5174697478200514448103723400416639350401910167814505065 
103 0 -20789224828722785932057396761441792268326565899051089754288 
102 5 8188205050 
102 4 -315799370402000733209616354561186567722 
102 3 -143930201749992899678811396103953760871935657871 
102 2 2763885004528651490305559446097125919299906218274084 
102 1 -132790976046820369701133010414077826232542003381919304726 
102 0 55071349227966285162011412950666721127160823888925396963962 
101 5 4539186861315 
101 4 9219710505747566463367003349753552445617 
101 3 -907706616868358604833220422950825840638682354061 
101 2 42525770993403302791699994525211769213608577174815412 
101 1 -45777201514836197350329660873868866867276466525110114056 
101 0 163596304111803191523938102713342858505227172819113828230200 
100 5 872089083465078 
100 4 -7528484768451333576557732545965516878536 
100 3 432282473979953583131902421606954808171852375035 
100 2 -7106236313328631646176661694492745563924763172795374 
100 1 569945150005876247175697085842548855440551263346972063231 
100 0 -48805237159883284898455297600282281051954513510036557554414 
99 5 61051819325448285 
99 4 -49565259235451364634390132329449394189065 
99 3 3817281682487939859475920990655852395251345438822 
99 2 -222173679894635100619023904394693752656713118530175647 
99 1 457949589542177301572829471578614425238962152884682550169 
99 0 -756752887531565075013780038624780995494126735948935879039788 
98 5 997675783339287606 
98 4 86108005646727806485700226052358242927004 
98 3 -905532776380031109518284341393435633222142364901 
98 2 3829515939773941921502983824438820599967913843881046 
98 1 -2098793081645835138794600296398661326627690882003985633510 
98 0 -662430661229929028638276245123735403974285911146810887969016 
97 5 -29968020378238561232 
97 4 203102800687825069701986268588686070596234 
97 3 -14257194157669818223658479269138113444081379319010 
97 2 1027372777469226730384397877313143339881117766337542651 
97 1 -2604824512983033433484960518202198489424394954561707275231 
97 0 2271963026882618811386598836597999525484119131145378344900280 
96 5 -404238179099295357805 
96 4 -587907788013401272717903870560982956532099 
96 3 437522415885870872528147071673938560816589507554 
96 2 94459945133062688889409312213892234872563280222669117 
96 1 6689449416114096325816809169228364564127555367361567049517 
96 0 5001342313478884236321372202024543054598133980768049162953555 
95 5 10414211479889376807060 
95 4 -606178081980548769022837429870027413197613 
95 3 47580351476749684925155307441179925251253128486388 
95 2 -4257123301070670045595139779523604947062322689360059848 
95 1 11405111812768662311642442279410927980535959948597060479517 
95 0 -3167894004444552661775299021152942535901905121422011698332960 
94 5 -153709700317510610734 
94 4 3066693143147655251643715551108821024680192 
94 3 7132579513685921765125101519641997379984321179741 
94 2 -754841886651338405817250730946028093896785844880968401 
94 1 -18579831717536371097015474190574696097714526942703664225270 
94 0 -21155911395466290319148952068169371779293233474699860449992692 
93 5 -1345918166347445162928567 
93 4 975180275986588722189817333773229160634211 
93 3 -142666701130721999160227580968071202487298372329970 
93 2 15931558027397243436298432721698360140694898220735949608 
93 1 -41664231176704086866352703860731236719921649560932972023392 
93 0 -9911988221696362786525647125364601875776265830792707372898632 
92 5 10335333728613354036508230 
92 4 -13171279464931005122448794400519817468153188 
92 3 -44176604462237456563910637577877273526435840668574 
92 2 3948181648739161082928329021067008725253677849705374719 
92 1 45433197382067172824845628587009030790119957311250994669381 
92 0 61423822262911901572794276106360362801471415405760369834463180 
91 5 12995294727568838279089756 
91 4 2214555802588356943940863006512364800929875 
91 3 386178337157243692972458603516619250598862909530796 
91 2 -54140128918486917220651939142769566856488091080616559521 
91 1 131942116956379812123890941957381530947462954323592667038434 
91 0 88805771948965501536047169518365618688703912969208674935014104 
90 5 -549027000591367875637749164 
90 4 48225945708274287654255919723246280862776099 
90 3 174693247996042873659964200258403670252909062147860 
90 2 -16692457860679270695220604453266746017471068167338863750 
90 1 -100132284968748677737027886045805082981967982327420206840633 
90 0 -113545986966584727285179075633839593004545609348088013830550532 
89 5 2442025234385141056546843168 
89 4 -26682479905977651236531446876153380951844257 
89 3 -947314614048767363360125406912079420429252278769089 
89 2 167759149234894333715731462215174905873739719704284508093 
89 1 -372295165105697598520484270534590367209304817661282941707092 
89 0 -367171058361184697484791345581890870638421358419691251601532832 
88 5 3104488095847996821083880446 
88 4 -153461747413460181092810969136217149414595615 
88 3 -550345751559640404923375109345054334533460264038741 
88 2 60625313021415552606040259815117263938728918743417118373 
88 1 209253214657100563318881256374058875737881165417157389390341 
88 0 30213451356588211060430843631269652101646141791383263731008254 
87 5 -59416091329564271208468302412 
87 4 137391608008583804125937760569962543548016424 
87 3 2111480511292552227807850488365827339359314445375721 
87 2 -475562738071796565567371733240941351353160745897699318885 
87 1 961788470305343327152020865969277312048891835052963659402692 
87 0 1070612918799489553312554068564584467295094637762108015023761032 
86 5 127302779391354772587518408427 
86 4 429213356762800196439049669871450089442182979 
86 3 1473713202363336756127544961742325453706040920998495 
86 2 -194161564512528048666131576860642096349916190422281012634 
86 1 -447963712890867483074922515314349248659870814252490651302317 
86 0 733446285430232688691850865962575748360514993199945483092912648 
85 5 505868092354677278150460658975 
85 4 -527943382077095933368414814231887587984168193 
85 3 -4280147309177950984581313954922240118552908408418941 
85 2 1236878776323898381557779629125033241129458177676480828059 
85 1 -2343333718570097779165749605630622188686408871290634049289432 
85 0 -2334277391014910296551625742884633617202094677452210654581465472 
84 5 -2674048574319613799960493084213 
84 4 -1061385960493940085618014329716353705126144123 
84 3 -3451960520565762143890693072293583596070381438706528 
84 2 555977690182608457430977282699737683100710433109269204200 
84 1 1033017691016804969273898120289849864184754830332840777309203 
84 0 -3531522975778176541267462659737131862543365001719093962377512137 
83 5 -170826305375926054156632084857 
83 4 1686132366455508397120321282415503940972863775 
83 3 7876194093360587300731992972754687317946558655924335 
83 2 -2959075424151442116071764789259774127188917284437241555475 
83 1 5533048701531627576617634122685510425881523552574774936072844 
83 0 3549316361085185632889390961720456643443617097721267056054253608 
82 5 25474696062531029274515477705973 
82 4 2323607725677216350158944013395493745757130709 
82 3 7185085998009751056352283429600044291320029139577136 
82 2 -1435465319266206780878521943171062369384854461371979968727 
82 1 -2471593752210768386426883370463961179031798121441287031114547 
82 0 10847358656228540435169433965555344799875528846118268518364461384 
81 5 -37155564200368866551643639668555 
81 4 -4667842080999879236707210746161249625816583189 
81 3 -13070987927884843312211376007297837074397961646678021 
81 2 6527015885168017157999402419524832615566515301298139519124 
81 1 -12839472391582576606191858661397667486136815970143142662807262 
81 0 -2005285979723029045351083511248905890289751210778986932105074188 
80 5 -142731633122158698822278176028280 
80 4 -4484760714041357848135197746392680717261287891 
80 3 -13430042829627076827912169200591412580301367801442124 
80 2 3360812199782905749843817570383299190665330895137002535746 
80 1 5615958266490364373042092580057748236986036878081161448948966 
80 0 -25937907811636560910535867287193271185976204717297086520002610396 
79 5 426390638714120854977468731839549 
79 4 11443350065982510722751005427598716373198151219 
79 3 19254643291481824076043295267483992454241311233877877 
79 2 -13302920515822379645180890799298964110449808687593705815070 
79 1 29109392800530007346296308128024242143434469517456341294580846 
79 0 -8966980669703887594482637259479418647698185169247702930372558224 
78 5 429752837752378011990964399770873 
78 4 7534125705738609042233779431719214121036444585 
78 3 22756351422373429913247523227300039226855581678031260 
78 2 -7165167944380524238010252975174794888598979597497653482649 
78 1 -11221706898407671939709598252338687241825763824568686104499366 
78 0 51095725181917916036207681993278235353493030614274254649786837874 
77 5 -2850819816882471172090906360004475 
77 4 -25156475895948710060216420045777868326804173011 
77 3 -24239730748786652348022052561569409542633728050590152 
77 2 25102644028960507200870777577778523127526388435388757855976 
77 1 -63200076753311395053731498263504833184267655266988981479638560 
77 0 41314440785209609147059229357580848567199935249747928068023860600 
76 5 253471551583627899572033649686245 
76 4 -10676890385824299750481999413849464663770457448 
76 3 -35388612341634806285551700134019808407911694690764028 
76 2 13955338735604925214905888521934849504102083328201051057707 
76 1 18501633100272858598364553263652860636090930517960207635693070 
76 0 -84394499400073521201519067301278953149183219630911043947519001488 
75 5 13574637982994955569451888323847678 
75 4 49986389264394729738360898158459963887191423616 
75 3 23362215111984020822839381267586989564003126429473263 
75 2 -43934856715019532506360443242517386057748575976503661819122 
75 1 128496451498515699567691645279214262515485444607204960037999689 
75 0 -111289811357481324240476958725775642748660579689262708664614104412 
74 5 -10943002287011857932890470803310776 
74 4 11702808797028656554926382987861582261434307973 
74 3 51546274360420424082134593414199937150332529080995031 
74 2 -24893937954545389543072991706565870423488940031935856535946 
74 1 -22683968758876479755943479221727987295879070086599100001765703 
74 0 116176847875890926952091042071474048560640676656152568839587111960 
73 5 -49156339335246461342479869124923726 
73 4 -90242248140017591615658629053742310289392615490 
73 3 -8937137775643084586669028603279794196910536142009851 
73 2 71431166205573788577961614339997320594562088195388374366940 
73 1 -240522337073034277841792389684363620489756477835976623111261905 
73 0 234745984852658842096256612423012119014632064567459026178501812800 
72 5 71627001173734084665475866483366351 
72 4 -6574802967670480472960328470490132887634514009 
72 3 -72720942715742325330495575753694352716419432191863360 
72 2 40752504188829330773424505343263641026013157788505606103530 
72 1 12926995826034535810290722146098079373746660642535080391840110 
72 0 -127996214910370116075486335291262904503502577175237704345499766655 
71 5 138582985655620709680846942193950688 
71 4 148517899279109114818129746648692090176769974174 
71 3 -29141841594869940240943786385229625388650535558521565 
71 2 -108020316961998765904647099667354847342822164246682854773247 
71 1 410251869437534114607257405976023229889946924760124837935828057 
71 0 -419132835656054177493655881595664416891708488606811221826613883568 
70 5 -310329277099303533597350444070662815 
70 4 -10217651061666272836232986231097946396434559085 
70 3 103886155127648482739678854268038215820101993816272245 
70 2 -61315958356094807449047759704137898420736783561455395964443 
70 1 26710774025842146176981829213034895068834236156879162266967217 
70 0 96752611845483353689847167949842607084972780420238317599279599632 
69 6 -4587 
69 5 -302149169218056126387409990994936006 
69 4 -223269139002053220377878809168628302259431438107 
69 3 100763679016398875716360397637997305093278362690123499 
69 2 152083044664481395924353490584500468860303195169995376239195 
69 1 -634460983729120684045820126818517228631136527295612047965693914 
69 0 655364443876083864749046308436073639156741378717635238281586514432 
68 6 74051138 
68 5 1051218095963894624791808754311153898 
68 4 44085617944050238904248602018627946871411042061 
68 3 -155627175290029642640768623453923338433618383010726997 
68 2 84876922280007517626963675485366544004113976051989323696407 
68 1 -111012294760084780995494068545859356396168471613186384923089342 
68 0 -4341857646730434915765637624041279285854763655265317783669251168 
67 6 -68563390061 
67 5 475745041921794025233634802817045682 
67 4 306873595754793299862225124453278102194615447886 
67 3 -210560468362047346393053648600127090556009194624416563 
67 2 -199478410271708644881788307637723207268860768844820103550590 
67 1 888239257743085854926051720387674812107013163022751497152039508 
67 0 -914361082782881287645905081342812007989111590051554991995456532992 
66 6 12993556408120 
66 5 -2986401618776104798064647799260770320 
66 4 -97648486660462070212435937329849044473060482642 
66 3 244067897652055685378777148034713031329391560287820701 
66 2 -108149071335473972231433776405362659598860745505726040945956 
66 1 243245530915415227129884788741791393438297663554027315158835566 
66 0 -150887322544706329036738175631958498854827970326666677371057864576 
65 6 -927848456273769 
65 5 -343356103525502760492914177649604467 
65 4 -385615899234945102409821706222573077108737432024 
65 3 351551853928653636947794384501812312433468891713442217 
65 2 243836191626330500533782695485522610791532394011155150531492 
65 1 -1126272219563625410545455798593704162494811800719004105262138028 
65 0 1151809792289027625790416413950383785617490348981716765968815859456 
64 6 37106679114239497 
64 5 7436296721878118892910404331397417592 
64 4 167906703881088682650867441481868127719956634344 
64 3 -386310865109340137924089387109121934298896058720205398 
64 2 126841527634661722735145929491980337639385421255330458775152 
64 1 -406560838352769063894839337247919450927367094187715933501655736 
64 0 347423342149845987151510024089997151861321829937278290536630579200 
63 6 -901175234452678320 
63 5 -1014413114358725585497044512336437586 
63 4 442579359096880283217225697498615171163535558898 
63 3 -500527875369560133688480287762138141187428593985021473 
63 2 -277783349007463847587866051725820049343390320387082918909564 
63 1 1295806816050293779936023640642424909434204097030418914086305232 
63 0 -1320634678169001242434755114688998498977896044241232437727599644672 
62 6 16211353251206569152 
62 5 -16698379081871948017791054863710988406 
62 4 -244930816154927311306089747435312751381671600481 
62 3 590928516031150971073684087281936924671469093541772279 
62 2 -136848064724840334910663289417709479777962651980583128624370 
62 1 564556410112320389078378443501466446808529938374068206623082928 
62 0 -544064910338180086370772972333011184774763422401204430074873694208 
61 6 -198609000744744810430 
61 5 5923292781314308998831083220812462674 
61 4 -463021028769102212428584194691343475939273748330 
61 3 619371843320957853154387199989880993043905301894301687 
61 2 294860972774399048973044990897846195659016160448949334647680 
61 1 -1356568132386742095705787264330421538693785726404563304799228512 
61 0 1386216885136631685956377468644624312957442790212764197318876463104 
60 6 1966645063263171406906 
60 5 34160412433763174790543168884153264304 
60 4 313488119497959550902865302311730390905964191989 
60 3 -846715330108332138256718497076277083921475264112631973 
60 2 135641538190289464793261200553639778555590783063648524075503 
60 1 -673821708763094189220856226262217928825737730446986257234013892 
60 0 693709244098785765610532266311612500918534585014187432658360135680 
59 6 -14130077761629664572969 
59 5 -19680292396083465633005214350465739919 
59 4 440125760946373974291378519211267356568598805305 
59 3 -665115565752142840185275747997001234343390027528109400 
59 2 -291483590125920072050082338999137021650282652563412913083580 
59 1 1297024701858844566613838122415275884681797493471879466540235216 
59 0 -1337568829193475736595459623749766432936188121531458984704479444992 
58 6 80044333737921970529457 
58 5 -63053302557735023004622826106453099552 
58 4 -357669617256125561374002643101306017754547003254 
58 3 1116358361230610720440292900085752249592089911637196209 
58 2 -123254216743742380043764982803467868972557793994248330867292 
58 1 702830139486401769265409533615499899391375208217898681793374672 
58 0 -761267302888905438131514925038424904020586703544972092266345594880 
57 6 -336925886446257345005988 
57 5 52279596115550259042483625266839957115 
57 4 -378251879848593787363954403986784372524309137255 
57 3 606987708498936634447010596138267152151252718320634556 
57 2 268144968410921308191961393259907121686475755688159287036656 
57 1 -1137728061159658723157173929399722434139276843751686654796599424 
57 0 1189706900865626439016670692038709780797192364342672688341244706816 
56 6 984307936042305528881797 
56 5 102322225368240588261224996788478271666 
56 4 366734630842259347528369719504487731439230369860 
56 3 -1341699667516730820924677826098187478562672794162464932 
56 2 102346445909462353544769626481412335520625029925637983603730 
56 1 -646108748666336540347062054065337082837347185592337910580713632 
56 0 736620681296612934705930274716317982099619527707005865408405438464 
55 6 -1529471902388037828754343 
55 5 -117498240379014317032591845992551123128 
55 4 291722951187054584854290121313786483369858950787 
55 3 -443105584237770448475676746749687084454636134695661536 
55 2 -229324644837579049973869193557812544165693862811393436454224 
55 1 920545537052450801616020520380986486349648326909205489654411264 
55 0 -976946596767979044148527253704785759489950087650383189205384691712 
54 6 -1843590687145421939069668 
54 5 -140224394929176528467068301427138922946 
54 4 -339315757200289096712173431068886373488858840459 
54 3 1462053063683520547713682007169574478545849310527239879 
54 2 -77293684913278194240411109108970233052216815921994163568796 
54 1 525244806015409197393066830084150200750834058205886402458419200 
54 0 -636277628498891474452322657790436687481519126236484550169503727616 
53 6 18238896989189796435674372 
53 5 225394969686489878406842076344182087813 
53 4 -199544716430517421919538772982776992220123824924 
53 3 206948264196333561408277204027922590256469157964965994 
53 2 182105243186143305652397067265095512784278808973152604784904 
53 1 -691095282449866071487728189829937228805253603174313680401981440 
53 0 740904579477888222898596702314392509213012932603162894020254892032 
52 6 -47258694427896490218280281 
52 5 151311541010840306499041750891512182231 
52 4 283762861130234853440354605371238120005066583825 
52 3 -1438704101463338175646060642093962518740787440057510696 
52 2 52712133972828807172721995814021390760123023909579421331372 
52 1 -377087868085016596264153168648012821857061589365120590629198848 
52 0 493913564934294951945952288362811047947254857666864240583973535744 
51 6 29182445355891011032988672 
51 5 -368562684833067477402628499023954683684 
51 4 118666830588027616957098778005869055250549559697 
51 3 42383541352419382807824545918132925657592215822181086 
51 2 -134078001882868267200358512572889283636548291482720687892136 
51 1 484209521134176039702053037220409258174135874749645428380921856 
51 0 -518522965227560444441191052273526388573046381685274686355786432512 
50 6 175610212546162276409248312 
50 5 -105159801055883991675907504289520633731 
50 4 -214499378671740950408208210059308881779668322676 
50 3 1272934786530683943699331468425125670641080194159922123 
50 2 -32095088177011461166654809852674025671211761074768547980480 
50 1 237282337730557102843966503054004444445384688650282363737128960 
50 0 -345819893893991525483135848829736990384983221508929228812958302208 
49 6 -552563589621522343023185806 
49 5 512001696098598812924806559454738025217 
49 4 -59038126828680023944267862534965572587149050269 
49 3 -242993732207725662229993541860532403435080350123893896 
49 2 91380760882779363232781989542074884973082591169034785049088 
49 1 -318060193736433489379512115545571962245339284063303035035328512 
49 0 334247905174110216848047887452604093164825928960463855509586313216 
48 6 405016532503496083651418192 
48 5 -12105623536083923873993508930606122639 
48 4 146428797337814776719697141631913626522406442462 
48 3 -1006863911499315395160390166177778120136954541544318808 
48 2 17103394755014059133826452031511823107642818985440360792390 
48 1 -128399603081285434820348527539778852152693510429772718577680384 
48 0 218825248737263198416382504858860854594304173224791201816286068736 
47 6 1420279152646876789342970038 
47 5 -601125755876687400778870110718168278396 
47 4 22365209278022386433247091517043998574373230804 
47 3 354512477533019599988847242847368790521501670275962750 
47 2 -57553188027759192414740121894789774772024778962426230703376 
47 1 196245866075430158660898914060701379868065466247702283237851136 
47 0 -197888300033126766250582723848212972149647866037840553421618282496 
46 6 -3957322809470833205628399017 
46 5 177776708691988082163573046143392309144 
46 4 -90211542583983841528261480815135546039889018698 
46 3 705953766947213456730057835042244557202523574626454526 
46 2 -7656074521548768562140187224624199736581408586788997955856 
46 1 56993212573699009436222130194372523664462352855907162983170048 
46 0 -125274651512762281532380507456362741028845801265790785050988511232 
45 6 1601125493412449834423021492 
45 5 590903911171814651595998213804644062466 
45 4 -4255567851627413466245184019487952422139244996 
45 3 -370998308204568896592483421619660989113469988227775676 
45 2 33438888252004556481084968787972270375090306790874013911424 
45 1 -113519508642543750346832837481157621665489927530003709278027776 
45 0 107206940494007677489009593153625394609549087247970182067170312192 
44 6 9687362763560582537506710261 
44 5 -335054293101980200683612490159425293782 
44 4 50277088347526619741049889362983296846838835208 
44 3 -432866974954296817223213894797749250122288196379347808 
44 2 2569915135024264394368683219892454575424002013380051592032 
44 1 -17839105896889279077439310892460929105245625602535231257313280 
44 0 64939315589249501378483054292893890864187929111520577539333423104 
43 6 -17417633678952397048086254972 
43 5 -477309898262432943253003284964032410696 
43 4 -2139580520567434979674947072610705993083352590 
43 3 316732068873096676934907060807995308317623448069589644 
43 2 -17892772065240403026969039167502171587971160248993107265024 
43 1 61171311222414010761596522717084297437494273314881682531680256 
43 0 -52919034413507286876058766094952471141598207311320111819675140096 
42 6 -3363496129833133140600982597 
42 5 423418809777088379672077608210198032325 
42 4 -25656451547820481646077878191471445257848439942 
42 3 226678552883200429338675290504712592238357326843319602 
42 2 -323052121341845613427666383538020415887369325977723626880 
42 1 691482249717545931785982642027388138870690222575035130839040 
42 0 -30516404384684135864568543700388239660020408555042382532581523456 
41 6 44780443272177309602100819957 
41 5 303838450464155297474318554272692947413 
41 4 2991427872586633067514439448580921450075917014 
41 3 -229692417421035192320824103632439509414876164028404732 
41 2 8802831959946892098080050023289271681150937027050953903872 
41 1 -30375509949562361491699310640094550154569552973158865518460928 
41 0 23689982737370891718185470174658641965217504183262442592762068992 
40 6 -39579926423303737937282730775 
40 5 -415537680873231099463121572919264694150 
40 4 12389690673494852610932705835989015549480214789 
40 3 -96529719772930289199197224068855399934404362397329504 
40 2 -393928132185535068379919101246827723651268213409433308160 
40 1 4332570824599812054173519325732694129763235446068067048620032 
40 0 13026368181456758219321122464960228450528934214008528134150815744 
39 6 -51050174073758758191480053949 
39 5 -135098934351600591493128234987712146625 
39 4 -2236284868797029388468750272510450949392264388 
39 3 143609581762788298056823046746211983847864485257045072 
39 2 -3973630792160500278011911950263736473280285797716429611008 
39 1 13687857381338874320867627260126933682519427439024390321209344 
39 0 -9572741866933069735233703182557729993664704376782952618759553024 
38 6 118740566487301706198040893307 
38 5 330793119726235546076932812658502634247 
38 4 -5995024001364904845728480688513137003573757644 
38 3 29091157893158657112274982614152948007249238983511536 
38 2 453570340603323179098121836482670874661442464269869297664 
38 1 -4193398066123870410356515451221388253047698456590263317954560 
38 0 -5067824971242468992931589111247749293554278620338984690374410240 
37 6 -12300371676396708604676908994 
37 5 18863598713056463046591407782462520581 
37 4 1557190184662069085169299625105132553415244576 
37 3 -77685653675810769032059197387102682015310450703433952 
37 2 1639870611590194613385664886850372562783013090045856317440 
37 1 -5480180876027897485073903327170453443657083393704317731995648 
37 0 3476449667772305210722980530873767232347523572597481202461442048 
36 6 -176885534457906687557809293803 
36 5 -216530131520495362707279023665163244287 
36 4 3028658975948128681160614119911489270572972117 
36 3 -2051606837986200129544024339796303548396903119533380 
36 2 -319095501925132983065388960007304364909709644955126784000 
36 1 2694730476605245308816257015362486950252775034634858282352640 
36 0 1805232611863919458811377231366700312830786192952133498011910144 
35 6 145850840997782551817517954901 
35 5 33844533627660310255409579858901646752 
35 4 -1220402814959574711471517965318618830258786960 
35 3 36227364673368696004575314539699923680301288737333872 
35 2 -614028085330531979595804707433367550809764364379319009280 
35 1 1887796436066087655190116982412452368986329807233449700884480 
35 0 -1130748759820530513132016119186433959023938404594978509453000704 
34 7 19738 
34 6 138632324269334367701803996132 
34 5 116258963170185933072591676186541151125 
34 4 -1525019175508588362556397172632513346940661692 
34 3 -4694013550360002020904538451185102925732686510733712 
34 2 180367738773165565563951322371592961737337555875062153216 
34 1 -1380768347021819524347350926183345797433090180728230388957184 
34 0 -591795876549124416058651342365951198085634886022051640633196544 
33 7 -4162216 
33 6 -268243433273339737136048499824 
33 5 -40969786235368853477805202515344226788 
33 4 1002573981997511185953502842403534006822830940 
33 3 -14411767317334815825204646528287716347172000560063872 
33 2 205186868814157751515155160744507391454318006012449914880 
33 1 -526567819660139419069290301316329636429608948257506061189120 
33 0 328793738646373749011141322688315941287623778104913713675894784 
32 7 429805931 
32 6 -238972878646944947200843580 
32 5 -50263037897699161570493340623232679532 
32 4 660948868809648413414567097258399056179688126 
32 3 4074316395251510974312337218277925833646537172907168 
32 2 -87457124002421020933674808411387256692898999758199324672 
32 1 591670103863268230137805255205565274703362396268376772050944 
32 0 179215300966892066824358100237422349227287454017716615613775872 
31 7 -7800644833 
31 6 283918459409077648733054971288 
31 5 28302217084718601981696181154413843272 
31 4 -741848797110621683640119178333684556953801064 
31 3 4792965398579334468113335219796012666442136856381440 
31 2 -59021676583005143729107471372581378668580468920594464768 
31 1 100095355027929081588552498656752374724622641812018923831296 
31 0 -85502851460518005633725249359063226580220505644848924493611008 
30 7 -121497866986 
30 6 -147270147712928722736171140214 
30 5 16832700018198081662099429423817802445 
30 4 -179541820999509507099155260760956948776774818 
30 3 -2181209409121479546875448286078229128243345256270592 
30 2 36995838401138340423395832836991918765057868826278363136 
30 1 -214642278686100591058346810385263637578280995344755428687872 
30 0 -50147316656177246114265112357442574587289867618258527562235904 
29 7 2222159832793 
29 6 -184207393353791518309196805662 
29 5 -13965595514701590902649711796352915744 
29 4 453269403510153043910405192682826287284752776 
29 3 -1280585971121797031206104949133360215786117627606528 
29 2 13378402335240166645224661360058468428390489398581395456 
29 1 -833293434277502976915962585212983155283452492923264827392 
29 0 19938562260854514623906403808472111850890532919726843713552384 
28 7 -1623805523097 
28 6 207035871528653225167733684388 
28 5 -4276067617544185488799992448705403760 
28 4 -27527094093589835244416028536634413226884004 
28 3 886753427692611057587175103086438683848846455306240 
28 2 -13577996229637474593552878614789524583265569668801232896 
28 1 65611886658944074183906968616958077046561264340189921148928 
28 0 12909517133711980251893184518037002339162238085596457256091648 
27 7 -64692998681161 
27 6 51847429743505915184030163329 
27 5 5054316924678222004378870632759224629 
27 4 -218473754086329746131701085526188039549842204 
27 3 249458332320356523012484523406948119520762109624320 
27 2 -1696981611534312048458458499137892115174617021841145856 
27 1 -9453457118034534669598586958442505998115693675972889935872 
27 0 -4183223633386302631085538336733041222706620387195676671344640 
26 7 148147177570320 
26 6 -167233636958936917196026910943 
26 5 1243782343851692438744266410209730836 
26 4 70107380396453208701313038247550243782538824 
26 3 -287267172705646633163943469793892761313764721555456 
26 2 4230816896592000191210833407762511547507133709996261376 
26 1 -16565003174618079271546561166034018502075508047076265033728 
26 0 -3035112541143759637928640932479553631669518907347119143649280 
25 7 533366637017276 
25 6 30458075987666698211522216842 
25 5 -1488032218203704285343531046236024431 
25 4 78788795205064901163108780258630869410388736 
25 3 -23038703374220658006415059976489149874389557239808 
25 2 -320690739782275150984608911275724871301896681090449408 
25 1 4958930112630703369979869632825203451845159403635066535936 
25 0 789992613389085222457296073965422469868084568315065903611904 
24 7 -1701225739050293 
24 6 88648462751285568638702365766 
24 5 -881173767181232507093245756281717598 
24 4 -48804599208018717045310509484550225375683135 
24 3 74705710640740426568274721515370612135990147809280 
24 2 -1074038490185235569944261193533819920096617228933267456 
24 1 3297253533483863493962012081948207073868643677786771292160 
24 0 647560033492692590585369145649820781631570409067958207774720 
23 7 -1747481393665836 
23 6 -46893285341217628922063426090 
23 5 723841115561314872546716191776672265 
23 4 -18570979145316726486174369726151816048435840 
23 3 -5700125315413151907397110115719226593241629720576 
23 2 297545216306617453060272857792915451200844300004884480 
23 1 -1663155668383959678500931947980124414051088658900061257728 
23 0 -133585008709561321436888196761583820962588980763756270190592 
22 7 8743400954950114 
22 6 -29184953655520492964221796358 
22 5 595433537240588042123276541237618237 
22 4 21996321225760755704454022118420665722988480 
22 3 -15371562881604330349755647325570781643264171180032 
22 2 204126699867850934439846150342760661304351129381896192 
22 1 -455624625853492812060175049389085221340671232836045373440 
22 0 -125222560064937839169538976289825261084292047984787548274688 
21 7 1306939319551567 
21 6 30273233849871364582942363407 
21 5 -645337577387280460737331500343143034 
21 4 1088233642631520075681057441265501068740224 
21 3 3398019265489279681804370273407978820350286757888 
21 2 -112066070798838444395239149116868243331675591861600256 
21 1 416058903558055523175583005997960275761148380523215716352 
21 0 20117625512214118016492301266026335596797326579107576676352 
20 7 -25446463216994478 
20 6 3411852215393098579773066573 
20 5 -158312790646929197000713988881558566 
20 4 -7032427010021487188373929966926323530236672 
20 3 2403122017690613351802201147416352311342257930240 
20 2 -22100978035483644362294937260927602240459452304064512 
20 1 19825046513966263932664169600258812610321801475816161280 
20 0 22037615627137918125607940819259483543349233602074482049024 
19 7 7672565853075111 
19 6 -12339418945398956028618133460 
19 5 446771889468257671561058522887133000 
19 4 1242548247818678087896793774778692469422080 
19 3 -941806560421423545303335482891893109195085447168 
19 2 28150374129301815216300881941343321917750431235178496 
19 1 -79098024941133830342026818713499712142335167765160132608 
19 0 -2743445960366811552590387204477375418045716536446112759808 
18 7 45980224821923098 
18 6 2004473777007237005252746721 
18 5 -100465540323101217788631837813389972 
18 4 1567088711773709579958694961481799687667712 
18 3 -255813422738656169740627228901923161718736814080 
18 2 -1525381045134429083631798080069173155564074632740864 
18 1 10030945299510967322816100409620895489408213750862839808 
18 0 -3537223860012045395408020618384982058394903812309876998144 
17 7 -27735177379575864 
17 6 3307670758681190121904401694 
17 5 -182109418871183516377598194943058144 
17 4 -623927981042994409541943699551287154638848 
17 3 179097960120101283599277822973870556211344048128 
17 2 -4861157498762957976630036063427298359987116617760768 
17 1 10932294399538046662644890833161137182394744290330804224 
17 0 361476438284484703793140462666092062347455717261281591296 
16 7 -53268917097662516 
16 6 -1310072562334511976675102429 
16 5 121262112507378300720403294337257568 
16 4 -213251893299068558134346864545244994928640 
16 3 10067830200139669278615872117213816001342210048 
16 2 1268674210041223372544555962146860965805373385605120 
16 1 -3395408389889865706706853850783495140356025584497721344 
16 0 512468243305962554609438693266304837957931247534537179136 
15 7 46096133300831318 
15 6 -532344443927617476015412000 
15 5 27495820464617069318676763036893184 
15 4 164648226872496679296427439661341165486080 
15 3 -24925417833832281729412463950093003252622688256 
15 2 505099102634161524918856065341416272000447724650496 
15 1 -925653786098115572448320573873996962373230121889824768 
15 0 -49191984133799575179887460015653817120110157148461203456 
14 7 38994318009000445 
14 6 394756234844257843667579700 
14 5 -56332850132192276025533868145337344 
14 4 6358639347270160085480353915618642100224 
14 3 2547895150369393446717724410796047406089633792 
14 2 -286824351050514692797125610444851336838910234853376 
14 1 599367539616329285375822117487105609192418330210729984 
14 0 -65706831389023562089339829953925722360655087469143785472 
13 7 -46064729863300928 
13 6 27369465212717965299735376 
13 5 11489420259438461809504303841972224 
13 4 -27260930733208811870471606880061446160384 
13 3 2458386048694178129895049686332176629942452224 
13 2 -8535826987514339248718089173487419724585758621696 
13 1 4671590676552474393942625329998149820420417474527232 
13 0 6617667526131444869951265693214228698645357767767883776 
12 7 -16397978119446531 
12 6 -71467674627851611062988154 
12 5 12956406961600844129344768012451840 
12 4 3889183981118474505277866864210715082752 
12 3 -696219086402727544196861375739497625101008896 
12 2 35940143364102423710875045021894430060626202066944 
12 1 -65896299704503910466822580654612376773004286196973568 
12 0 7456232741814042730615953443789664979602309482555637760 
11 7 29260665831599327 
11 6 7821583939313147429030208 
11 5 -7438061114416070235030433997193216 
11 4 2756853190071990241449463972934444908544 
11 3 -124032693551180619654014398390221067492786176 
11 2 -6182394537921069486888866272820353681796831903744 
11 1 10936760173000809231846054156637533841936997255479296 
11 0 -830732019566882016256895871178377235659731472803168256 
10 7 2367069770688841 
10 6 7694875220824495675925248 
10 5 -644804101374469274859954712870912 
10 4 -856861429715185603758455887076324802560 
10 3 93631617567176238455853852768883590494683136 
10 2 -2221018450606923260971384840305700515791448834048 
10 1 3993270636888763842528643592919410322325942648700928 
10 0 -779154254877607024584553996205488040051710756267229184 
9 7 -11744393118316658 
9 6 -1755862083441431547448704 
9 5 1707164643940274398681642833018880 
9 4 -148641273083860561863397221542960037888 
9 3 -9043775730935003907718661932157739659689984 
9 2 939936544417806986636223883358912438721885241344 
9 1 -1535031576536971383051554850913575675974992814669824 
9 0 113116500120741653143862512185171535839384969085452288 
8 7 1060514720751674 
8 6 -483881090740943618589184 
8 5 -382261013988398358031920646848512 
8 4 96426960629244363833151468731149320192 
8 3 -6219870220782882002869589456396561145659392 
8 2 -13361006718415416353995757779836510523709456384 
8 1 -28721093474946890990362306874578634717156129898496 
8 0 72913006043700962686047610621153612032020818000084992 
7 7 2830507132437224 
7 6 57384793417409949700096 
7 5 -144943674698262833735709384245248 
7 4 772845092963479552897616821266415616 
7 3 2276033125114654123414545810650694898679808 
7 2 -55669370337818937351876770760437846911297257472 
7 1 97895225193571984587146410857102548849765279334400 
7 0 -17579567966051004980371512225302499647547713098088448 
6 7 -571217562842708 
6 6 103161717141698667921408 
6 5 83131236631066274259844638703616 
6 4 -8857645037086953409490483963586674688 
6 3 -90588634757960705077148871761665267335168 
6 2 10292159367626131308760124436498651266058027008 
6 1 -13469437340886546957368994840674751388795629731840 
6 0 -4279264315619029110201694336558778580608322921037824 
5 7 -365242536056032 
5 6 20078474779115011604480 
5 5 -5885860511159382740873861136384 
5 4 1705915753592582921560233383141834752 
5 3 -127036185314404597689086817619414366552064 
5 2 638020477527204224271869945970299482090242048 
5 1 -2305352480535031670513850208467065217230623997952 
5 0 2048398622999959688943997253919232189283816026669056 
4 7 99941099621856 
4 6 -54038381891401577136128 
4 5 -4846392964333317732174594572288 
4 4 406756314252478466685381962884972544 
4 3 33651872740583558632727171690148386570240 
4 2 -429301730695346809981543294929141231349923840 
4 1 811508035488636322000621123845518634147851010048 
4 0 -84793691588388449452346693188791451837280752238592 
3 7 19510989416704 
3 6 12095083764726794027008 
3 5 1261271271608869792912070672384 
3 4 -302545144354644817286082520407867392 
3 3 -1811697629746081096171688089934966554624 
3 2 42565084263281463300510559280236640832847872 
3 1 -46043520381189958714003562630127456529844011008 
3 0 -96316125398529835111309612525117429344182112092160 
2 7 -6129497367040 
2 6 9411951585894028279808 
2 5 -42575532909891052097140424704 
2 4 81156969993180203014596261977260032 
2 3 -616420922500234200334337521795496673280 
2 2 2230318400257211184348738890564233177595904 
2 1 -10661903015901636759817404724014066170830258176 
2 0 24767655546818683128658517499104908956309506752512 
1 7 -187053985792 
1 6 -5649196191327277023232 
1 5 -18097022199033223966185488384 
1 4 -11454303406238872550703908266180608 
1 3 118658365321525295361909029905853579264 
1 2 -658292087913514628211503637934029066469376 
1 1 1794442320094074205805391925254505337720930304 
1 0 -2626170612323047500561912838614417809834992730112 
0 8 1 
0 7 60397125632 
0 6 912006348474572341248 
0 5 1605123506689073844685111296 
0 4 698790640862775171989060653678592 
0 3 -6581840877430251403403487434164404224 
0 2 33045122633692614478309861898170270744576 
0 1 -82339004822527119515915491251205158570295296 
0 0 109865944323474295245756277536519499531960713216 
