62 0 1 
61 2 -1 
61 1 1487 
61 0 -159148 
60 2 122 
60 1 43002987 
60 0 8446801150 
59 2 -6771 
59 1 37934637178 
59 0 -149728709635864 
58 2 225578 
58 1 5455318073081 
58 0 11556766263582229 
57 2 -5004745 
57 1 233841818614605 
57 0 -200862438323596192 
56 2 77307252 
56 1 3622975902366885 
56 0 -2089940613025712846 
55 2 -838754270 
55 1 17460602260131369 
55 0 25714722893769632252 
54 2 6189031696 
54 1 -60656994163391969 
54 0 593562885175369503430 
53 2 -27104465988 
53 1 -748269341612481766 
53 0 5416115193524763262716 
52 2 22107008780 
52 1 -701111759643053890 
52 0 30517659586317568195038 
51 2 522663837308 
51 1 11230532341773013461 
51 0 114518767779786782663664 
50 2 -3085739261208 
50 1 28575939416582826263 
50 0 270715517886309137780537 
49 2 3683189071859 
49 1 -83643096445778416710 
49 0 249435867201706389841264 
48 2 34393143230858 
48 1 -361384180042285064242 
48 0 -756133894052506291375834 
47 2 -151844400618333 
47 1 278123994831205230446 
47 0 -3214773159644752161736060 
46 2 -15580556565002 
46 1 2624503436272496296063 
46 0 -3674002399952503987183328 
45 2 1581951750458986 
45 1 424857395773430929769 
45 0 6508449744472958207198108 
44 2 -2792398847856042 
44 1 -12633244482872785816607 
44 0 24724785500589510012878278 
43 2 -8032140927772473 
43 1 -9109469006714123228274 
43 0 10072063007522833140871616 
42 2 30592381903154970 
42 1 43236699415917338148251 
42 0 -71555069928132098432060081 
41 2 12818741237179821 
41 1 49109044862691879025383 
41 0 -95794228825554924866133816 
40 2 -181506662564836584 
40 1 -110395102195668310935113 
40 0 139476628056554250606155754 
39 2 106240669109009694 
39 1 -164962700181791778585961 
39 0 330038233110783158985676164 
38 2 703188868741491252 
38 1 219050764377745449125913 
38 0 -220784660854194125187804591 
37 2 -933174153430150131 
37 1 400884342449551477258259 
37 0 -807956583904055084928223464 
36 2 -1827821402819075634 
36 1 -351392027575535982672385 
36 0 354723467529449215917962868 
35 2 4018933934381453655 
35 1 -751522806397266034265275 
35 0 1586554699795148503759409424 
34 2 2890947926280496170 
34 1 474666831539726755864072 
34 0 -687900354372034111358996058 
33 2 -11594912040065841366 
33 1 1129436787813976636223765 
33 0 -2563284368144670923322062688 
32 2 -1008993768281673306 
32 1 -564285630744017981369591 
32 0 1438841128517415085071017188 
31 2 24085762278659956285 
31 1 -1399604296660181711361299 
31 0 3350801340015067239151547624 
30 3 61 
30 2 -8365074459079239253 
30 1 623045595990648593784270 
30 0 -2665132819845041692995455543 
29 3 5978 
29 2 -36528924077761654997 
29 1 1458767101492510575398602 
29 0 -3363414059322073559577403204 
28 3 55266 
28 2 26668766443359467735 
28 1 -680884664131891662565578 
28 0 3970517022131304156541861906 
27 3 -512949 
27 2 39374286135158640028 
27 1 -1273667921722210521974713 
27 0 2261499153039845836938772184 
26 3 -1134783 
26 2 -46774852681258228941 
26 1 752434532004065524660653 
26 0 -4573591563456935348153806913 
25 3 12150529 
25 2 -26963039288675495559 
25 1 865493577745367463943934 
25 0 -434482582092788858026737424 
24 3 2249192 
24 2 55787316561030922243 
24 1 -767578630642373649597646 
24 0 3929178247450004171570062798 
23 3 -125724721 
23 2 5598849742343072723 
23 1 -336113400132078864881974 
23 0 -1124046610949615937161690492 
22 3 87867938 
22 2 -47044305088246471264 
22 1 604316851479632346590209 
22 0 -2336842245650488768265951584 
21 3 691451287 
21 2 10917387393724149962 
21 1 -94122737186805540818817 
21 0 1635997921956424435862435644 
20 3 -890484283 
20 2 27492966326804574506 
20 1 -274611791795561408559801 
20 0 744547159696133604245946718 
19 3 -2127631383 
19 2 -14809935249506018811 
19 1 229545256219383846409038 
19 0 -1193512015151311775864104192 
18 3 4083986539 
18 2 -10103990616612626770 
18 1 -12638267041651587143863 
18 0 116574995319233637236155705 
17 3 3288304186 
17 2 9898870753201425757 
17 1 -122948164828415717807471 
17 0 494466691510368543221819568 
16 3 -10636999989 
16 2 1438526224053120181 
16 1 96245920993983674067209 
16 0 -256973898348515073198168666 
15 3 -383751976 
15 2 -4055553345303548292 
15 1 274740609958229212773 
15 0 -73827859777550247394533708 
14 3 16144034239 
14 2 603967489849165486 
14 1 -46128191056072641228357 
14 0 118372784168959644792842262 
13 3 -7668815995 
13 2 998121400641722424 
13 1 26863912628951309332126 
13 0 -30921833878818993556084044 
12 3 -12888486260 
12 2 -392452234119830300 
12 1 1963466390459468283878 
12 0 -17264762947602153679715910 
11 3 13148731231 
11 2 -118869438871637550 
11 1 -9388067671003768369191 
11 0 15448514599042692205345920 
10 3 2647491012 
10 2 96267189903388815 
10 1 4127120112336034027383 
10 0 -4000681905732634336191675 
9 3 -9304554785 
9 2 -2217826476222515 
9 1 138913899131069166222 
9 0 -780509803683711442079448 
8 3 3302798213 
8 2 -11382775093376176 
8 1 -809842699248485086638 
8 0 1066697928453535608415590 
7 3 2304276647 
7 2 2222512145475077 
7 1 313074084391366420566 
7 0 -486125532055316225226276 
6 3 -2164032950 
6 2 605415883328875 
6 1 -27478439579994937569 
6 0 146797454627928367079625 
5 3 290347312 
5 2 -318887671477635 
5 1 -16265384495653577580 
5 0 -32996255476525958696112 
4 3 316554437 
4 2 79874831814021 
4 1 6096129466069018836 
4 0 5718069848671507039680 
3 3 -139863301 
3 2 -25391451025134 
3 1 -805870410483584304 
3 0 -769414500579833653248 
2 3 9798552 
2 2 7339174610436 
2 1 15913507485870720 
2 0 78132187645132566528 
1 3 4130676 
1 2 -1205902352160 
1 1 5294788846820352 
1 0 -5569903379058720768 
0 4 1 
0 3 -578448 
0 2 84644108352 
0 1 -287368968167424 
0 0 246803372284575744 
