24 0 1 
23 1 -1 
23 0 720 
22 1 23 
22 0 179952 
21 1 -161 
21 0 17282016 
20 0 441081120 
19 1 3864 
19 0 5678198784 
18 1 -5681 
18 0 45492865088 
17 1 -46644 
17 0 252605710080 
16 1 53084 
16 0 1038071734272 
15 1 393024 
15 0 3294356631552 
14 1 19136 
14 0 8309302456320 
13 1 -1978368 
13 0 16991995871232 
12 1 -2689666 
12 0 28563290271744 
11 1 2882544 
11 0 39839110889472 
10 1 11625488 
10 0 46370418130944 
9 1 11002464 
9 0 45154515419136 
8 1 -3833824 
8 0 36762400456704 
7 1 -19783680 
7 0 24919460020224 
6 1 -21906304 
6 0 13946021740544 
5 1 -11787776 
5 0 6353857806336 
4 1 -1554432 
4 0 2304837156864 
3 1 2213888 
3 0 642483486720 
2 1 1648640 
2 0 129654325248 
1 1 516096 
1 0 16911433728 
0 2 1 
0 1 65536 
0 0 1073741824 