60 0 1 
59 1 -1 
59 0 684 
58 1 59 
58 0 154698 
57 1 -1652 
57 0 11272776 
56 1 29205 
56 0 -68149425 
55 1 -365800 
55 0 -254674680 
54 1 3452149 
54 0 3877836950 
53 1 -25475079 
53 0 -13711375092 
52 1 150487052 
52 0 -13349432925 
51 1 -721829600 
51 0 329200563512 
50 1 2830320860 
50 0 -1558102995768 
49 1 -9059054346 
49 0 3735989286408 
48 1 23352309386 
48 0 -381273241352 
47 1 -46651654354 
47 0 -41317930342608 
46 1 64236756338 
46 0 229646257166028 
45 1 -28871590941 
45 0 -845276716050976 
44 1 -134398080099 
44 0 2492163643688901 
43 1 459184355769 
43 0 -6266255573703564 
42 1 -800595050760 
42 0 13831135797954554 
41 1 748989116551 
41 0 -27213399044228664 
40 1 179519591637 
40 0 48121142249437401 
39 1 -1987950394792 
39 0 -76730788652728176 
38 1 3658171840037 
38 0 110232349753031706 
37 1 -3397583328372 
37 0 -141898380096710604 
36 1 54249978263 
36 0 161744114389979902 
35 1 5190227733987 
35 0 -159507682075098204 
34 1 -8713332734648 
34 0 129472607335062834 
33 1 6917286294515 
33 0 -75056034850751832 
32 1 315658868113 
32 0 10182513299911401 
31 1 -8512399456274 
31 0 44753891769796080 
30 1 11643540780203 
30 0 -71835796874025430 
29 1 -7131088674129 
29 0 65276926719339420 
28 1 -1742977715620 
28 0 -35319362148289707 
27 1 8488557160148 
27 0 2199389217288920 
26 1 -8772457933356 
26 0 16786026446381652 
25 1 3589340274442 
25 0 -17463689707638960 
24 1 2342393877496 
24 0 8127577100259800 
23 1 -4920423266916 
23 0 195336063910632 
22 1 3566756201696 
22 0 -2653475157814800 
21 1 -614906882627 
21 0 1309614951349328 
20 1 -1373184591667 
20 0 96559798589427 
19 1 1549365239197 
19 0 -231030174236652 
18 1 -682044179678 
18 0 -123728996005626 
17 1 -121615007703 
17 0 193224309825552 
16 1 372641172307 
16 0 -31047158986353 
15 1 -230682514316 
15 0 -60637794384032 
14 1 33068562195 
14 0 33986478726762 
13 1 51342089572 
13 0 3869157433332 
12 1 -41679530185 
12 0 -7116999811727 
11 1 10887235780 
11 0 -801253700328 
10 1 3953349811 
10 0 2027273375592 
9 1 -4310971231 
9 0 -9234999072 
8 1 1262437160 
8 0 -525356415888 
7 1 170978932 
7 0 118111663872 
6 1 -241324042 
6 0 54246786304 
5 1 60792184 
5 0 -14394716160 
4 1 5127336 
4 0 -8275104000 
3 1 -5573376 
3 0 2190080000 
2 1 783520 
2 0 1132800000 
1 1 67200 
1 0 -537600000 
0 2 1 
0 1 -16000 
0 0 64000000 
