80 0 1 
79 2 -1 
79 1 1487 
79 0 -159184 
78 2 158 
78 1 42949456 
78 0 8452530424 
77 2 -11850 
77 1 36387354180 
77 0 -150032822101624 
76 2 561374 
76 1 4116465860568 
76 0 16950387736170532 
75 2 -18856273 
75 1 61472832667467 
75 0 -710988192246047584 
74 2 477855279 
74 1 -1568777910141718 
74 0 13533702286920830476 
73 2 -9490901052 
73 1 -1876509242787725 
73 0 -121344110898479281408 
72 2 151479958965 
72 1 204554269954771527 
72 0 648307825250679716842 
71 2 -1976044428822 
71 1 -1516726523738191400 
71 0 -2669421753744256905064 
70 2 21308902816318 
70 1 1133842984920266657 
70 0 9979915367234728251592 
69 2 -191290211097773 
69 1 42170681654911335834 
69 0 -29556712585125315765232 
68 2 1434037178626932 
68 1 -252164333338405225182 
68 0 52496669390270922848278 
67 2 -8969659092380455 
67 1 463465057864697304000 
67 0 -26375568131543852754304 
66 2 46529394203477144 
66 1 1184940936159357304306 
66 0 -159266957300906504403008 
65 2 -197407254260440959 
65 1 -7350891044221763124500 
65 0 1036199987808893552595256 
64 2 665310714211569765 
64 1 7713750637457222255867 
64 0 -3711902175345331126574293 
63 2 -1664789647026203988 
63 1 35288424256001803452680 
63 0 5082470091700139865177184 
62 2 2471857210875967110 
62 1 -114312294433576827956286 
62 0 7616791682480125318043268 
61 2 1103852919872517326 
61 1 9287802898293197317761 
61 0 -36465016231154856445111656 
60 2 -18078933528738587209 
60 1 506997145555063874686214 
60 0 67327011470011605802085964 
59 2 49901483596690587411 
59 1 -699640649472813081243285 
59 0 -145775380074426283713835928 
58 2 -50710824129167594967 
58 1 -999586492636227984462538 
58 0 79449465371213043779501324 
57 2 -96676288334096303361 
57 1 3153034444974147696475391 
57 0 1287253755084541680717629584 
56 2 431062046583827640561 
56 1 428809168762740199682063 
56 0 -3664935892665323930867578613 
55 2 -521313381841268008392 
55 1 -8960569548863808333882725 
55 0 -726975601160891886352555432 
54 2 -552329770530608236476 
54 1 4275658182907645419228138 
54 0 17715066453837806063376359440 
53 2 2667613925518788365466 
53 1 20136009726952336729557282 
53 0 -19043346537527683905133750128 
52 2 -2477172367770369732959 
52 1 -22111523415338395995472854 
52 0 -37127410369947540843918555174 
51 2 -4060477235793409855583 
51 1 -30500637634599013493562688 
51 0 88015591362148471806005896752 
50 2 11844233333704323733959 
50 1 62557066245269745536504810 
50 0 19823097609342847001635954592 
49 2 -4109674333351658673371 
49 1 11981981179103326819044156 
49 0 -204992280864801583518299422136 
48 2 -22627360337082998438141 
48 1 -96431381252980076342728845 
48 0 83547874589814034644667410155 
47 2 31252546617546709179654 
47 1 48916439524680005845754774 
47 0 317808922650401733355681681440 
46 2 16354557554901086594892 
46 1 35393862767643862644497872 
46 0 -258153992806650733982048053476 
45 2 -71053340146882724636544 
45 1 -47794866310861015948401789 
45 0 -407017044005029411053860440728 
44 2 25894251940507910267223 
44 1 141322700727646983763175926 
44 0 474225205637176162597315627532 
43 2 94828223510916514524407 
43 1 -222940676923972753310673411 
43 0 500058520317643735728252750232 
42 2 -97605645616069677312325 
42 1 -193848021722233476833861166 
42 0 -778776386062690930514802149836 
41 2 -73756904051321114963721 
41 1 768446851221522758958042017 
41 0 -516027361226844470800177691312 
40 2 160959953910543899623511 
40 1 -240679067342366591802480053 
40 0 1136920845107503901284686682763 
39 3 79 
39 2 11839383158101501539762 
39 1 -1139429352237851836582057525 
39 0 339264677249409893536054038472 
38 3 14536 
38 2 -177766415269890367701508 
38 1 1115623072745830332831879470 
38 0 -1341508472960126181561577554448 
37 3 366560 
37 2 52255095429335645271492 
37 1 806836157780715126932531338 
37 0 -83482233390527724957466564064 
36 3 -2618376 
36 2 145098043318125597049841 
36 1 -1778890023814639410600999956 
36 0 1335323188248656617172572126454 
35 3 -37496639 
35 2 -81235189869606301065357 
35 1 123909631890622426892049034 
35 0 -102733524640153655384095811024 
34 3 371395590 
34 2 -93389904291771703296575 
34 1 1629258487471601119603236506 
34 0 -1256523647377780826068357596952 
33 3 -197025921 
33 2 70797370023365290381095 
33 1 -902194449232213661572497970 
33 0 298861250993576279674802390008 
32 3 -9435793101 
32 2 53049548240052325270493 
32 1 -844131861367000293472408385 
32 0 1075290944870183609086934234570 
31 3 39208664511 
31 2 -43331585260602550751069 
31 1 979395263482591566144320873 
31 0 -504928842278924501943804729056 
30 3 862075413 
30 2 -31743610037591124179248 
30 1 135863042941626257887010838 
30 0 -719498690489496779472995876500 
29 3 -390128535310 
29 2 20362151529472469859882 
29 1 -560730896451735387161542571 
29 0 542056919199362385341923745312 
28 3 883712691242 
28 2 21144505175492251748811 
28 1 92447913742884403241502440 
28 0 364789618285537096010505646948 
27 3 639423312815 
27 2 -8106590052712161730898 
27 1 179104632630771449788311930 
27 0 -423118210858701640290281968696 
26 3 -5453037369710 
26 2 -13479909542115297159972 
26 1 -19191082786695973377098420 
26 0 -157205176454607719179809483960 
25 3 5492590229321 
25 2 2976328452136668120229 
25 1 -52257398206745041053903970 
25 0 306461741190155127280177729728 
24 3 11419502031454 
24 2 7181648366490393878018 
24 1 -47357585814153472101346828 
24 0 29924893717854632653255815681 
23 3 -29044234363987 
23 2 -884134419596737181006 
23 1 52276796292238309549730549 
23 0 -207940793105638762809374485648 
22 3 2034269406113 
22 2 -3072376850310692778924 
22 1 31251495691534393772974991 
22 0 57871654896948209430547632016 
21 3 58819422208985 
21 2 58945557753621523735 
21 1 -43721346288164692523829138 
21 0 94995850505181787001628916928 
20 3 -52478444812766 
20 2 1077801373819946989319 
20 1 -2413761443262324547034950 
20 0 -71873735762780389474829631712 
19 3 -51230365296061 
19 2 135356773457986786822 
19 1 18192338831289805033215688 
19 0 -12601428938072318265034499840 
18 3 104256773448738 
18 2 -325978559132072205373 
18 1 -3650279317784354882569988 
18 0 36568750688381517801152410880 
17 3 -5928902626939 
17 2 -94126671689438329594 
17 1 -3386325071178722672145904 
17 0 -11555409772165920516810034176 
16 3 -98727407870720 
16 2 88204148837815414499 
16 1 505847601954114798005680 
16 0 -7751091832771828857636749568 
15 3 55717675915574 
15 2 35179459536693993556 
15 1 502370716252126898717184 
15 0 6998393769563133031572725760 
14 3 44598073826557 
14 2 -21603897065525772292 
14 1 531152512881924331107584 
14 0 -671902909139624975859113984 
13 3 -53353949024255 
13 2 -7961437960263787664 
13 1 -440229414806169118707712 
13 0 -1555703710502263160461361152 
12 3 -1762435255607 
12 2 4728288842276823894 
12 1 -142610957361772606343168 
12 0 755357438151698753881096192 
11 3 23830893177219 
11 2 181236502711059664 
11 1 196191835358029661736960 
11 0 53680465325464123870937088 
10 3 -7482878757409 
10 2 -224423168946511888 
10 1 -22618305035265363671040 
10 0 -163441447031028953999867904 
9 3 -4743540205354 
9 2 394497133137295296 
9 1 -30293837055590976200704 
9 0 45230912907125767210008576 
8 3 3194630599106 
8 2 -550039456328265312 
8 1 9574019311338479296512 
8 0 10706921568538332217933824 
7 3 56750910840 
7 2 212272747704669696 
7 1 1441520989376671973376 
7 0 -9305689956392530445598720 
6 3 -495015493732 
6 2 78733908420619776 
6 1 -681124819299093577728 
6 0 1344233789791125686452224 
5 3 104617319888 
5 2 -122346067822221312 
5 1 -210940925724186771456 
5 0 594230549586465955774464 
4 3 19802492656 
4 2 65233800524229120 
4 1 82010845158052331520 
4 0 -260551950490782180311040 
3 3 -9306558976 
3 2 -20599706851504128 
3 1 19897322925923500032 
3 0 17253807634917781143552 
2 3 653027904 
2 2 4055251760934912 
2 1 -13247719612979871744 
2 0 10765862260414278008832 
1 3 95558400 
1 2 -462209361592320 
1 1 2319763667791380480 
1 0 -2785109279515072266240 
0 4 1 
0 3 -9669888 
0 2 23406023761920 
0 1 -141858604865028096 
0 0 215212989780710129664 
